#
# A fatal error has been detected by the Java Runtime Environment:
#
#  SIGSEGV (0xb) at pc=0x00007fff862760dd, pid=69023, tid=1811
#
# JRE version: Java(TM) SE Runtime Environment (8.0_20-b26) (build 1.8.0_20-b26)
# Java VM: Java HotSpot(TM) 64-Bit Server VM (25.20-b23 mixed mode bsd-amd64 compressed oops)
# Problematic frame:
# C  [libobjc.A.dylib+0x10dd]  objc_msgSend+0x1d
#
# Failed to write core dump. Core dumps have been disabled. To enable core dumping, try "ulimit -c unlimited" before starting Java again
#
# If you would like to submit a bug report, please visit:
#   http://bugreport.sun.com/bugreport/crash.jsp
# The crash happened outside the Java Virtual Machine in native code.
# See problematic frame for where to report the bug.
#

---------------  T H R E A D  ---------------

Current thread (0x00007f88b08fd800):  JavaThread "AppKit Thread" daemon [_thread_in_native, id=1811, stack(0x00007fff56ec4000,0x00007fff576c4000)]

siginfo: si_signo: 11 (SIGSEGV), si_code: 1 (SEGV_MAPERR), si_addr: 0x000007f88b0594d8

Registers:
RAX=0x00007f88b0594d50, RBX=0x00007fff576bf728, RCX=0x0000000000000000, RDX=0x00007f88b0492870
RSP=0x00007fff576bf548, RBP=0x00007fff576bf550, RSI=0x00007fff8d95f2b4, RDI=0x00007f88b0594d50
R8 =0x00007fff576bf530, R9 =0x0000000000000055, R10=0x00007fff8d95f2b4, R11=0x000007f88b0594c0
R12=0x00007f88b06050e0, R13=0x00000000000f42ea, R14=0x00007f88b0595a70, R15=0x00007fff576bf688
RIP=0x00007fff862760dd, EFLAGS=0x0000000000010206, ERR=0x0000000000000004
  TRAPNO=0x000000000000000e

Top of Stack: (sp=0x00007fff576bf548)
0x00007fff576bf548:   00007fff92040cdc 00007fff576bf8b0
0x00007fff576bf558:   00007fff91f32244 00007fff576bf5dc
0x00007fff576bf568:   00007fff576bf5e0 00007fff576bf5e4
0x00007fff576bf578:   00007fff7641fc88 ffffffffffffffff
0x00007fff576bf588:   00000000000007f8 00007fff7641fca0
0x00007fff576bf598:   00007f88b0595a70 0000000000000000
0x00007fff576bf5a8:   00007fff576bf680 0000000000000000
0x00007fff576bf5b8:   00007f88b055fa60 00007fff576bf700
0x00007fff576bf5c8:   0000000000000055 00000000000f42ec
0x00007fff576bf5d8:   00007f88b0492870 00007f88b0597210
0x00007fff576bf5e8:   00007f88b06050e0 0000000000000001
0x00007fff576bf5f8:   00000000000f42ea 00007f88b06050d0
0x00007fff576bf608:   00007fff8ac347ba 00000001b04891a0
0x00007fff576bf618:   00007fff776860d0 0000000042000000
0x00007fff576bf628:   00007fff8ac3ce13 00007fff763ea1d0
0x00007fff576bf638:   00007fff576bf708 0000000000000000
0x00007fff576bf648:   00007fff7592b8c8 0000000000000000
0x00007fff576bf658:   0000000000000008 00031c0300000001
0x00007fff576bf668:   00007f88b0605104 0000000000000000
0x00007fff576bf678:   00000000003e4201 00007f88b055fae0
0x00007fff576bf688:   00007f88b0595a70 0000000000000000
0x00007fff576bf698:   00007fff8d99734c 00007fff576bf740
0x00007fff576bf6a8:   00007fff8b687513 00007fff576bf724
0x00007fff576bf6b8:   00000000003e4301 00000000ffffffff
0x00007fff576bf6c8:   00007fff7592b8c8 00000000003e4300
0x00007fff576bf6d8:   00007fff00000000 00007fff576bf7d0
0x00007fff576bf6e8:   00007fff94629edc 00007fff7592b8e8
0x00007fff576bf6f8:   00007fff8d99734c 0000000000000051
0x00007fff576bf708:   0000000000000000 00000000000f42e1
0x00007fff576bf718:   0000000000000053 0000000000000000
0x00007fff576bf728:   00000000000f42ea 00007fff576bf7a4
0x00007fff576bf738:   00000000003e4d01 00000000ffffffff 

Instructions: (pc=0x00007fff862760dd)
0x00007fff862760bd:   00 00 00 48 85 ff 2e 74 7a 40 f6 c7 01 2e 75 7e
0x00007fff862760cd:   49 bb f8 ff ff ff ff 7f 00 00 4c 23 1f 49 89 f2
0x00007fff862760dd:   45 23 53 18 49 c1 e2 04 4d 03 53 10 49 3b 32 75
0x00007fff862760ed:   04 41 ff 62 08 49 83 3a 00 74 6a 4d 3b 53 10 74 

Register to memory mapping:

RAX=0x00007f88b0594d50 is an unknown value
RBX=0x00007fff576bf728 is pointing into the stack for thread: 0x00007f88b08fd800
RCX=0x0000000000000000 is an unknown value
RDX=0x00007f88b0492870 is an unknown value
RSP=0x00007fff576bf548 is pointing into the stack for thread: 0x00007f88b08fd800
RBP=0x00007fff576bf550 is pointing into the stack for thread: 0x00007f88b08fd800
RSI=0x00007fff8d95f2b4: -[NSTitlebarContainerView shouldRoundCorners]+0x5ced6 in /System/Library/Frameworks/AppKit.framework/Versions/C/AppKit at 0x00007fff8cf8e000
RDI=0x00007f88b0594d50 is an unknown value
R8 =0x00007fff576bf530 is pointing into the stack for thread: 0x00007f88b08fd800
R9 =0x0000000000000055 is an unknown value
R10=0x00007fff8d95f2b4: -[NSTitlebarContainerView shouldRoundCorners]+0x5ced6 in /System/Library/Frameworks/AppKit.framework/Versions/C/AppKit at 0x00007fff8cf8e000
R11=0x000007f88b0594c0 is an unknown value
R12=0x00007f88b06050e0 is an unknown value
R13=0x00000000000f42ea is an unknown value
R14=0x00007f88b0595a70 is an unknown value
R15=0x00007fff576bf688 is pointing into the stack for thread: 0x00007f88b08fd800


Stack: [0x00007fff56ec4000,0x00007fff576c4000],  sp=0x00007fff576bf548,  free space=8173k
Native frames: (J=compiled Java code, j=interpreted, Vv=VM code, C=native code)
C  [libobjc.A.dylib+0x10dd]  objc_msgSend+0x1d
C  [CoreFoundation+0x10244]  _CFXNotificationPost+0xc44
C  [Foundation+0x2c31]  -[NSNotificationCenter postNotificationName:object:userInfo:]+0x42
C  [AppKit+0xdd776]  -[NSSurface _disposeSurface]+0x98
C  [AppKit+0xdd1da]  -[NSSurface setWindow:]+0x42
C  [AppKit+0x3b9ef]  -[NSView _setWindow:]+0xa22
C  [AppKit+0x3cc22]  -[NSView removeFromSuperview]+0x1c5
C  [AppKit+0x9140a]  -[NSView removeFromSuperviewWithoutNeedingDisplay]+0x26
C  [liblwjgl.dylib+0xa205]  +[MacOSXKeyableWindow destroyWindow]+0xb5
C  [Foundation+0x65cdc]  __NSThreadPerformPerform+0x125
C  [CoreFoundation+0x80681]  __CFRUNLOOP_IS_CALLING_OUT_TO_A_SOURCE0_PERFORM_FUNCTION__+0x11
C  [CoreFoundation+0x7280d]  __CFRunLoopDoSources0+0x10d
C  [CoreFoundation+0x71e3f]  __CFRunLoopRun+0x39f
C  [CoreFoundation+0x71858]  CFRunLoopRunSpecific+0x128
C  [HIToolbox+0x2eaef]  RunCurrentEventLoopInMode+0xeb
C  [HIToolbox+0x2e86a]  ReceiveNextEventCommon+0x1af
C  [HIToolbox+0x2e6ab]  _BlockUntilNextEventMatchingListInModeWithFilter+0x47
C  [AppKit+0x23f81]  _DPSNextEvent+0x3c4
C  [AppKit+0x23730]  -[NSApplication nextEventMatchingMask:untilDate:inMode:dequeue:]+0xc2
C  [libosxapp.dylib+0x242a]  -[NSApplicationAWT nextEventMatchingMask:untilDate:inMode:dequeue:]+0x7c
C  [AppKit+0x17593]  -[NSApplication run]+0x252
C  [libosxapp.dylib+0x223e]  +[NSApplicationAWT runAWTLoopWithApp:]+0x9c
C  [libawt_lwawt.dylib+0x4494f]  -[AWTStarter starter:]+0x389
C  [Foundation+0x65cdc]  __NSThreadPerformPerform+0x125
C  [CoreFoundation+0x80681]  __CFRUNLOOP_IS_CALLING_OUT_TO_A_SOURCE0_PERFORM_FUNCTION__+0x11
C  [CoreFoundation+0x7280d]  __CFRunLoopDoSources0+0x10d
C  [CoreFoundation+0x71e3f]  __CFRunLoopRun+0x39f
C  [CoreFoundation+0x71858]  CFRunLoopRunSpecific+0x128
C  [java+0x56cc]  CreateExecutionEnvironment+0x367
C  [java+0x165c]  JLI_Launch+0x7a0
C  [java+0x768a]  main+0x65
C  [java+0xeb4]  start+0x34
C  0x0000000000000006


---------------  P R O C E S S  ---------------

Java Threads: ( => current thread )
  0x00007f88b0947800 JavaThread "AWT-Shutdown" [_thread_blocked, id=29191, stack(0x0000000120f7d000,0x000000012107d000)]
=>0x00007f88b08fd800 JavaThread "AppKit Thread" daemon [_thread_in_native, id=1811, stack(0x00007fff56ec4000,0x00007fff576c4000)]
  0x00007f88b0857000 JavaThread "Service Thread" daemon [_thread_blocked, id=18179, stack(0x000000011f624000,0x000000011f724000)]
  0x00007f88b0854000 JavaThread "C1 CompilerThread2" daemon [_thread_blocked, id=17667, stack(0x000000011f521000,0x000000011f621000)]
  0x00007f88b0853000 JavaThread "C2 CompilerThread1" daemon [_thread_blocked, id=17155, stack(0x000000011f41e000,0x000000011f51e000)]
  0x00007f88b0841800 JavaThread "C2 CompilerThread0" daemon [_thread_blocked, id=16643, stack(0x000000011f31b000,0x000000011f41b000)]
  0x00007f88b0841000 JavaThread "Signal Dispatcher" daemon [_thread_blocked, id=13335, stack(0x000000011f218000,0x000000011f318000)]
  0x00007f88b200f800 JavaThread "Finalizer" daemon [_thread_blocked, id=11523, stack(0x000000011d8e8000,0x000000011d9e8000)]
  0x00007f88b0832800 JavaThread "Reference Handler" daemon [_thread_blocked, id=11011, stack(0x000000011d7e5000,0x000000011d8e5000)]
  0x00007f88b2003000 JavaThread "main" [_thread_in_native, id=4867, stack(0x0000000108652000,0x0000000108752000)]

Other Threads:
  0x00007f88b0832000 VMThread [stack: 0x000000011d6e2000,0x000000011d7e2000] [id=10499]
  0x00007f88b0863000 WatcherThread [stack: 0x000000011f727000,0x000000011f827000] [id=18691]

VM state:not at safepoint (normal execution)

VM Mutex/Monitor currently owned by a thread: None

Heap:
 PSYoungGen      total 18944K, used 3509K [0x00000007aab00000, 0x00000007ac000000, 0x00000007c0000000)
  eden space 16384K, 5% used [0x00000007aab00000,0x00000007aabef5b0,0x00000007abb00000)
  from space 2560K, 99% used [0x00000007abb00000,0x00000007abd7e158,0x00000007abd80000)
  to   space 2560K, 0% used [0x00000007abd80000,0x00000007abd80000,0x00000007ac000000)
 ParOldGen       total 44032K, used 2620K [0x0000000780000000, 0x0000000782b00000, 0x00000007aab00000)
  object space 44032K, 5% used [0x0000000780000000,0x000000078028f140,0x0000000782b00000)
 Metaspace       used 7052K, capacity 7177K, committed 7424K, reserved 1056768K
  class space    used 706K, capacity 727K, committed 768K, reserved 1048576K

Card table byte_map: [0x00000001192db000,0x00000001194dc000] byte_map_base: 0x00000001156db000

Marking Bits: (ParMarkBitMap*) 0x000000010989c330
 Begin Bits: [0x0000000119a3e000, 0x000000011aa3e000)
 End Bits:   [0x000000011aa3e000, 0x000000011ba3e000)

Polling page: 0x0000000108796000

CodeCache: size=245760Kb used=3349Kb max_used=3355Kb free=242410Kb
 bounds [0x0000000109f1b000, 0x000000010a26b000, 0x0000000118f1b000]
 total_blobs=1244 nmethods=852 adapters=307
 compilation: enabled

Compilation events (10 events):
Event: 16.027 Thread 0x00007f88b0854000  849       3       java.nio.Bits::int2 (6 bytes)
Event: 16.027 Thread 0x00007f88b0854000 nmethod 849 0x000000010a262010 code [0x000000010a262160, 0x000000010a262290]
Event: 16.027 Thread 0x00007f88b0854000  850       3       java.nio.Bits::int1 (6 bytes)
Event: 16.028 Thread 0x00007f88b0854000 nmethod 850 0x000000010a261d10 code [0x000000010a261e60, 0x000000010a261f90]
Event: 16.028 Thread 0x00007f88b0854000  851       3       java.nio.Bits::int0 (3 bytes)
Event: 16.028 Thread 0x00007f88b0854000 nmethod 851 0x000000010a261a10 code [0x000000010a261b60, 0x000000010a261c90]
Event: 16.091 Thread 0x00007f88b0854000  852       3       java.nio.Bits::makeInt (29 bytes)
Event: 16.091 Thread 0x00007f88b0854000 nmethod 852 0x000000010a2616d0 code [0x000000010a261820, 0x000000010a261970]
Event: 16.091 Thread 0x00007f88b0854000  853       3       org.newdawn.slick.state.StateBasedGame::transitioning (20 bytes)
Event: 16.091 Thread 0x00007f88b0854000 nmethod 853 0x000000010a2612d0 code [0x000000010a261440, 0x000000010a261630]

GC Heap History (2 events):
Event: 15.273 GC heap before
{Heap before GC invocations=1 (full 0):
 PSYoungGen      total 18944K, used 16384K [0x00000007aab00000, 0x00000007ac000000, 0x00000007c0000000)
  eden space 16384K, 100% used [0x00000007aab00000,0x00000007abb00000,0x00000007abb00000)
  from space 2560K, 0% used [0x00000007abd80000,0x00000007abd80000,0x00000007ac000000)
  to   space 2560K, 0% used [0x00000007abb00000,0x00000007abb00000,0x00000007abd80000)
 ParOldGen       total 44032K, used 0K [0x0000000780000000, 0x0000000782b00000, 0x00000007aab00000)
  object space 44032K, 0% used [0x0000000780000000,0x0000000780000000,0x0000000782b00000)
 Metaspace       used 7038K, capacity 7177K, committed 7424K, reserved 1056768K
  class space    used 705K, capacity 727K, committed 768K, reserved 1048576K
Event: 15.285 GC heap after
Heap after GC invocations=1 (full 0):
 PSYoungGen      total 18944K, used 2552K [0x00000007aab00000, 0x00000007ac000000, 0x00000007c0000000)
  eden space 16384K, 0% used [0x00000007aab00000,0x00000007aab00000,0x00000007abb00000)
  from space 2560K, 99% used [0x00000007abb00000,0x00000007abd7e158,0x00000007abd80000)
  to   space 2560K, 0% used [0x00000007abd80000,0x00000007abd80000,0x00000007ac000000)
 ParOldGen       total 44032K, used 2620K [0x0000000780000000, 0x0000000782b00000, 0x00000007aab00000)
  object space 44032K, 5% used [0x0000000780000000,0x000000078028f140,0x0000000782b00000)
 Metaspace       used 7038K, capacity 7177K, committed 7424K, reserved 1056768K
  class space    used 705K, capacity 727K, committed 768K, reserved 1048576K
}

Deoptimization events (0 events):
No events

Internal exceptions (10 events):
Event: 1.706 Thread 0x00007f88b2003000 Exception <a 'java/security/PrivilegedActionException'> (0x00000007ab87c320) thrown at [/HUDSON3/workspace/8-2-build-macosx-x86_64/jdk8u20/1074/hotspot/src/share/vm/prims/jvm.cpp, line 1275]
Event: 1.707 Thread 0x00007f88b2003000 Exception <a 'java/security/PrivilegedActionException'> (0x00000007ab87f748) thrown at [/HUDSON3/workspace/8-2-build-macosx-x86_64/jdk8u20/1074/hotspot/src/share/vm/prims/jvm.cpp, line 1275]
Event: 1.708 Thread 0x00007f88b2003000 Exception <a 'java/security/PrivilegedActionException'> (0x00000007ab889450) thrown at [/HUDSON3/workspace/8-2-build-macosx-x86_64/jdk8u20/1074/hotspot/src/share/vm/prims/jvm.cpp, line 1275]
Event: 1.710 Thread 0x00007f88b2003000 Exception <a 'java/security/PrivilegedActionException'> (0x00000007ab8969f8) thrown at [/HUDSON3/workspace/8-2-build-macosx-x86_64/jdk8u20/1074/hotspot/src/share/vm/prims/jvm.cpp, line 1275]
Event: 1.714 Thread 0x00007f88b2003000 Exception <a 'java/security/PrivilegedActionException'> (0x00000007ab8d9760) thrown at [/HUDSON3/workspace/8-2-build-macosx-x86_64/jdk8u20/1074/hotspot/src/share/vm/prims/jvm.cpp, line 1275]
Event: 1.715 Thread 0x00007f88b2003000 Exception <a 'java/security/PrivilegedActionException'> (0x00000007ab8e1ba8) thrown at [/HUDSON3/workspace/8-2-build-macosx-x86_64/jdk8u20/1074/hotspot/src/share/vm/prims/jvm.cpp, line 1275]
Event: 1.718 Thread 0x00007f88b2003000 Exception <a 'java/security/PrivilegedActionException'> (0x00000007ab8e6908) thrown at [/HUDSON3/workspace/8-2-build-macosx-x86_64/jdk8u20/1074/hotspot/src/share/vm/prims/jvm.cpp, line 1275]
Event: 1.719 Thread 0x00007f88b2003000 Exception <a 'java/security/PrivilegedActionException'> (0x00000007ab8eb578) thrown at [/HUDSON3/workspace/8-2-build-macosx-x86_64/jdk8u20/1074/hotspot/src/share/vm/prims/jvm.cpp, line 1275]
Event: 5.030 Thread 0x00007f88b2003000 Exception <a 'java/security/PrivilegedActionException'> (0x00000007ab931800) thrown at [/HUDSON3/workspace/8-2-build-macosx-x86_64/jdk8u20/1074/hotspot/src/share/vm/prims/jvm.cpp, line 1275]
Event: 17.089 Thread 0x00007f88b2003000 Exception <a 'java/security/PrivilegedActionException'> (0x00000007aabc02d8) thrown at [/HUDSON3/workspace/8-2-build-macosx-x86_64/jdk8u20/1074/hotspot/src/share/vm/prims/jvm.cpp, line 1275]

Events (10 events):
Event: 15.290 Executing VM operation: RevokeBias
Event: 15.290 Executing VM operation: RevokeBias done
Event: 15.290 Executing VM operation: RevokeBias
Event: 15.291 Executing VM operation: RevokeBias done
Event: 15.291 Executing VM operation: RevokeBias
Event: 15.291 Executing VM operation: RevokeBias done
Event: 15.291 Executing VM operation: RevokeBias
Event: 15.291 Executing VM operation: RevokeBias done
Event: 17.089 loading class org/lwjgl/opengl/CallbackUtil
Event: 17.089 loading class org/lwjgl/opengl/CallbackUtil done


Dynamic libraries:
0x00000000058b4000 	/System/Library/Frameworks/Cocoa.framework/Versions/A/Cocoa
0x00000000058b4000 	/System/Library/Frameworks/Security.framework/Versions/A/Security
0x00000000058b4000 	/System/Library/Frameworks/ApplicationServices.framework/Versions/A/ApplicationServices
0x00000000058b4000 	/usr/lib/libz.1.dylib
0x00000000058b4000 	/usr/lib/libSystem.B.dylib
0x00000000058b4000 	/usr/lib/libobjc.A.dylib
0x00000000058b4000 	/System/Library/Frameworks/CoreFoundation.framework/Versions/A/CoreFoundation
0x00000000058b4000 	/System/Library/Frameworks/Foundation.framework/Versions/C/Foundation
0x00000000058b4000 	/System/Library/Frameworks/AppKit.framework/Versions/C/AppKit
0x00000000058b4000 	/System/Library/Frameworks/CoreData.framework/Versions/A/CoreData
0x00000000058b4000 	/System/Library/PrivateFrameworks/RemoteViewServices.framework/Versions/A/RemoteViewServices
0x00000000058b4000 	/System/Library/PrivateFrameworks/UIFoundation.framework/Versions/A/UIFoundation
0x00000000058b4000 	/System/Library/Frameworks/IOSurface.framework/Versions/A/IOSurface
0x00000000058b4000 	/System/Library/Frameworks/AudioToolbox.framework/Versions/A/AudioToolbox
0x00000000058b4000 	/System/Library/Frameworks/AudioUnit.framework/Versions/A/AudioUnit
0x00000000058b4000 	/System/Library/PrivateFrameworks/DataDetectorsCore.framework/Versions/A/DataDetectorsCore
0x00000000058b4000 	/System/Library/PrivateFrameworks/DesktopServicesPriv.framework/Versions/A/DesktopServicesPriv
0x00000000058b4000 	/System/Library/Frameworks/Carbon.framework/Versions/A/Frameworks/HIToolbox.framework/Versions/A/HIToolbox
0x00000000058b4000 	/System/Library/Frameworks/QuartzCore.framework/Versions/A/QuartzCore
0x00000000058b4000 	/System/Library/Frameworks/Carbon.framework/Versions/A/Frameworks/SpeechRecognition.framework/Versions/A/SpeechRecognition
0x00000000058b4000 	/usr/lib/libauto.dylib
0x00000000058b4000 	/usr/lib/libicucore.A.dylib
0x00000000058b4000 	/usr/lib/libxml2.2.dylib
0x00000000058b4000 	/System/Library/PrivateFrameworks/CoreUI.framework/Versions/A/CoreUI
0x00000000058b4000 	/System/Library/Frameworks/CoreAudio.framework/Versions/A/CoreAudio
0x00000000058b4000 	/System/Library/Frameworks/DiskArbitration.framework/Versions/A/DiskArbitration
0x00000000058b4000 	/usr/lib/liblangid.dylib
0x00000000058b4000 	/System/Library/PrivateFrameworks/MultitouchSupport.framework/Versions/A/MultitouchSupport
0x00000000058b4000 	/System/Library/Frameworks/IOKit.framework/Versions/A/IOKit
0x00000000058b4000 	/usr/lib/libDiagnosticMessagesClient.dylib
0x00000000058b4000 	/System/Library/Frameworks/CoreServices.framework/Versions/A/CoreServices
0x00000000058b4000 	/System/Library/PrivateFrameworks/PerformanceAnalysis.framework/Versions/A/PerformanceAnalysis
0x00000000058b4000 	/System/Library/PrivateFrameworks/GenerationalStorage.framework/Versions/A/GenerationalStorage
0x00000000058b4000 	/System/Library/Frameworks/OpenGL.framework/Versions/A/OpenGL
0x00000000058b4000 	/System/Library/PrivateFrameworks/Sharing.framework/Versions/A/Sharing
0x00000000058b4000 	/System/Library/Frameworks/CoreGraphics.framework/Versions/A/CoreGraphics
0x00000000058b4000 	/System/Library/Frameworks/CoreText.framework/Versions/A/CoreText
0x00000000058b4000 	/System/Library/Frameworks/ImageIO.framework/Versions/A/ImageIO
0x00000000058b4000 	/usr/lib/libextension.dylib
0x00000000058b4000 	/System/Library/PrivateFrameworks/Backup.framework/Versions/A/Backup
0x00000000058b4000 	/usr/lib/libarchive.2.dylib
0x00000000058b4000 	/System/Library/Frameworks/CFNetwork.framework/Versions/A/CFNetwork
0x00000000058b4000 	/System/Library/Frameworks/SystemConfiguration.framework/Versions/A/SystemConfiguration
0x00000000058b4000 	/usr/lib/libCRFSuite.dylib
0x00000000058b4000 	/usr/lib/libc++.1.dylib
0x00000000058b4000 	/usr/lib/libc++abi.dylib
0x00000000058b4000 	/usr/lib/system/libcache.dylib
0x00000000058b4000 	/usr/lib/system/libcommonCrypto.dylib
0x00000000058b4000 	/usr/lib/system/libcompiler_rt.dylib
0x00000000058b4000 	/usr/lib/system/libcopyfile.dylib
0x00000000058b4000 	/usr/lib/system/libcorecrypto.dylib
0x00000000058b4000 	/usr/lib/system/libdispatch.dylib
0x00000000058b4000 	/usr/lib/system/libdyld.dylib
0x00000000058b4000 	/usr/lib/system/libkeymgr.dylib
0x00000000058b4000 	/usr/lib/system/liblaunch.dylib
0x00000000058b4000 	/usr/lib/system/libmacho.dylib
0x00000000058b4000 	/usr/lib/system/libquarantine.dylib
0x00000000058b4000 	/usr/lib/system/libremovefile.dylib
0x00000000058b4000 	/usr/lib/system/libsystem_asl.dylib
0x00000000058b4000 	/usr/lib/system/libsystem_blocks.dylib
0x00000000058b4000 	/usr/lib/system/libsystem_c.dylib
0x00000000058b4000 	/usr/lib/system/libsystem_configuration.dylib
0x00000000058b4000 	/usr/lib/system/libsystem_coreservices.dylib
0x00000000058b4000 	/usr/lib/system/libsystem_coretls.dylib
0x00000000058b4000 	/usr/lib/system/libsystem_dnssd.dylib
0x00000000058b4000 	/usr/lib/system/libsystem_info.dylib
0x00000000058b4000 	/usr/lib/system/libsystem_kernel.dylib
0x00000000058b4000 	/usr/lib/system/libsystem_m.dylib
0x00000000058b4000 	/usr/lib/system/libsystem_malloc.dylib
0x00000000058b4000 	/usr/lib/system/libsystem_network.dylib
0x00000000058b4000 	/usr/lib/system/libsystem_networkextension.dylib
0x00000000058b4000 	/usr/lib/system/libsystem_notify.dylib
0x00000000058b4000 	/usr/lib/system/libsystem_platform.dylib
0x00000000058b4000 	/usr/lib/system/libsystem_pthread.dylib
0x00000000058b4000 	/usr/lib/system/libsystem_sandbox.dylib
0x00000000058b4000 	/usr/lib/system/libsystem_secinit.dylib
0x00000000058b4000 	/usr/lib/system/libsystem_stats.dylib
0x00000000058b4000 	/usr/lib/system/libsystem_trace.dylib
0x00000000058b4000 	/usr/lib/system/libunc.dylib
0x00000000058b4000 	/usr/lib/system/libunwind.dylib
0x00000000058b4000 	/usr/lib/system/libxpc.dylib
0x00000000058b4000 	/usr/lib/libbz2.1.0.dylib
0x00000000058b4000 	/usr/lib/liblzma.5.dylib
0x00000000058b4000 	/usr/lib/libbsm.0.dylib
0x00000000058b4000 	/usr/lib/libsqlite3.dylib
0x00000000058b4000 	/usr/lib/system/libkxld.dylib
0x00000000058b4000 	/usr/lib/libxar.1.dylib
0x00000000058b4000 	/usr/lib/libpam.2.dylib
0x00000000058b4000 	/usr/lib/libOpenScriptingUtil.dylib
0x00000000058b4000 	/System/Library/Frameworks/CoreServices.framework/Versions/A/Frameworks/FSEvents.framework/Versions/A/FSEvents
0x00000000058b4000 	/System/Library/Frameworks/CoreServices.framework/Versions/A/Frameworks/CarbonCore.framework/Versions/A/CarbonCore
0x00000000058b4000 	/System/Library/Frameworks/CoreServices.framework/Versions/A/Frameworks/Metadata.framework/Versions/A/Metadata
0x00000000058b4000 	/System/Library/Frameworks/CoreServices.framework/Versions/A/Frameworks/OSServices.framework/Versions/A/OSServices
0x00000000058b4000 	/System/Library/Frameworks/CoreServices.framework/Versions/A/Frameworks/SearchKit.framework/Versions/A/SearchKit
0x00000000058b4000 	/System/Library/Frameworks/CoreServices.framework/Versions/A/Frameworks/AE.framework/Versions/A/AE
0x00000000058b4000 	/System/Library/Frameworks/CoreServices.framework/Versions/A/Frameworks/LaunchServices.framework/Versions/A/LaunchServices
0x00000000058b4000 	/System/Library/Frameworks/CoreServices.framework/Versions/A/Frameworks/DictionaryServices.framework/Versions/A/DictionaryServices
0x00000000058b4000 	/System/Library/Frameworks/NetFS.framework/Versions/A/NetFS
0x00000000058b4000 	/System/Library/PrivateFrameworks/NetAuth.framework/Versions/A/NetAuth
0x00000000058b4000 	/System/Library/PrivateFrameworks/login.framework/Versions/A/Frameworks/loginsupport.framework/Versions/A/loginsupport
0x00000000058b4000 	/System/Library/PrivateFrameworks/TCC.framework/Versions/A/TCC
0x00000000058b4000 	/usr/lib/libmecabra.dylib
0x00000000058b4000 	/System/Library/Frameworks/ApplicationServices.framework/Versions/A/Frameworks/ATS.framework/Versions/A/ATS
0x00000000058b4000 	/System/Library/Frameworks/ApplicationServices.framework/Versions/A/Frameworks/ColorSync.framework/Versions/A/ColorSync
0x00000000058b4000 	/System/Library/Frameworks/ApplicationServices.framework/Versions/A/Frameworks/HIServices.framework/Versions/A/HIServices
0x00000000058b4000 	/System/Library/Frameworks/ApplicationServices.framework/Versions/A/Frameworks/LangAnalysis.framework/Versions/A/LangAnalysis
0x00000000058b4000 	/System/Library/Frameworks/ApplicationServices.framework/Versions/A/Frameworks/PrintCore.framework/Versions/A/PrintCore
0x00000000058b4000 	/System/Library/Frameworks/ApplicationServices.framework/Versions/A/Frameworks/QD.framework/Versions/A/QD
0x00000000058b4000 	/System/Library/Frameworks/ApplicationServices.framework/Versions/A/Frameworks/SpeechSynthesis.framework/Versions/A/SpeechSynthesis
0x00000000058b4000 	/System/Library/Frameworks/Accelerate.framework/Versions/A/Accelerate
0x00000000058b4000 	/System/Library/Frameworks/Accelerate.framework/Versions/A/Frameworks/vImage.framework/Versions/A/vImage
0x00000000058b4000 	/System/Library/Frameworks/Accelerate.framework/Versions/A/Frameworks/vecLib.framework/Versions/A/vecLib
0x00000000058b4000 	/System/Library/Frameworks/Accelerate.framework/Versions/A/Frameworks/vecLib.framework/Versions/A/libvDSP.dylib
0x00000000058b4000 	/System/Library/Frameworks/Accelerate.framework/Versions/A/Frameworks/vecLib.framework/Versions/A/libvMisc.dylib
0x00000000058b4000 	/System/Library/Frameworks/Accelerate.framework/Versions/A/Frameworks/vecLib.framework/Versions/A/libLAPACK.dylib
0x00000000058b4000 	/System/Library/Frameworks/Accelerate.framework/Versions/A/Frameworks/vecLib.framework/Versions/A/libBLAS.dylib
0x00000000058b4000 	/System/Library/Frameworks/Accelerate.framework/Versions/A/Frameworks/vecLib.framework/Versions/A/libLinearAlgebra.dylib
0x00000000058b4000 	/System/Library/Frameworks/ApplicationServices.framework/Versions/A/Frameworks/ATS.framework/Versions/A/Resources/libFontParser.dylib
0x00000000058b4000 	/System/Library/Frameworks/ApplicationServices.framework/Versions/A/Frameworks/ATS.framework/Versions/A/Resources/libFontRegistry.dylib
0x00000000058b4000 	/System/Library/PrivateFrameworks/AppleVPA.framework/Versions/A/AppleVPA
0x00000000058b4000 	/System/Library/PrivateFrameworks/AppleJPEG.framework/Versions/A/AppleJPEG
0x00000000058b4000 	/System/Library/Frameworks/ImageIO.framework/Versions/A/Resources/libJPEG.dylib
0x00000000058b4000 	/System/Library/Frameworks/ImageIO.framework/Versions/A/Resources/libTIFF.dylib
0x00000000058b4000 	/System/Library/Frameworks/ImageIO.framework/Versions/A/Resources/libPng.dylib
0x00000000058b4000 	/System/Library/Frameworks/ImageIO.framework/Versions/A/Resources/libGIF.dylib
0x00000000058b4000 	/System/Library/Frameworks/ImageIO.framework/Versions/A/Resources/libJP2.dylib
0x00000000058b4000 	/System/Library/Frameworks/ImageIO.framework/Versions/A/Resources/libRadiance.dylib
0x00000000058b4000 	/System/Library/Frameworks/CoreVideo.framework/Versions/A/CoreVideo
0x00000000058b4000 	/System/Library/Frameworks/OpenGL.framework/Versions/A/Libraries/libGLU.dylib
0x00000000058b4000 	/System/Library/Frameworks/OpenGL.framework/Versions/A/Libraries/libGFXShared.dylib
0x00000000058b4000 	/System/Library/Frameworks/OpenGL.framework/Versions/A/Libraries/libGL.dylib
0x00000000058b4000 	/System/Library/Frameworks/OpenGL.framework/Versions/A/Libraries/libGLImage.dylib
0x00000000058b4000 	/System/Library/Frameworks/OpenGL.framework/Versions/A/Libraries/libCVMSPluginSupport.dylib
0x00000000058b4000 	/System/Library/Frameworks/OpenGL.framework/Versions/A/Libraries/libCoreVMClient.dylib
0x00000000058b4000 	/usr/lib/libcups.2.dylib
0x00000000058b4000 	/System/Library/Frameworks/Kerberos.framework/Versions/A/Kerberos
0x00000000058b4000 	/System/Library/Frameworks/GSS.framework/Versions/A/GSS
0x00000000058b4000 	/usr/lib/libresolv.9.dylib
0x00000000058b4000 	/usr/lib/libiconv.2.dylib
0x00000000058b4000 	/System/Library/PrivateFrameworks/Heimdal.framework/Versions/A/Heimdal
0x00000000058b4000 	/usr/lib/libheimdal-asn1.dylib
0x00000000058b4000 	/System/Library/Frameworks/OpenDirectory.framework/Versions/A/OpenDirectory
0x00000000058b4000 	/System/Library/PrivateFrameworks/CommonAuth.framework/Versions/A/CommonAuth
0x00000000058b4000 	/System/Library/Frameworks/OpenDirectory.framework/Versions/A/Frameworks/CFOpenDirectory.framework/Versions/A/CFOpenDirectory
0x00000000058b4000 	/System/Library/Frameworks/SecurityFoundation.framework/Versions/A/SecurityFoundation
0x00000000058b4000 	/System/Library/PrivateFrameworks/LanguageModeling.framework/Versions/A/LanguageModeling
0x00000000058b4000 	/usr/lib/libcmph.dylib
0x00000000058b4000 	/System/Library/Frameworks/ServiceManagement.framework/Versions/A/ServiceManagement
0x00000000058b4000 	/usr/lib/libxslt.1.dylib
0x00000000058b4000 	/System/Library/Frameworks/Carbon.framework/Versions/A/Frameworks/Ink.framework/Versions/A/Ink
0x00000000058b4000 	/System/Library/Frameworks/QuartzCore.framework/Versions/A/Frameworks/CoreImage.framework/Versions/A/CoreImage
0x00000000058b4000 	/System/Library/PrivateFrameworks/CrashReporterSupport.framework/Versions/A/CrashReporterSupport
0x00000000058b4000 	/System/Library/Frameworks/OpenCL.framework/Versions/A/OpenCL
0x00000000058b4000 	/System/Library/PrivateFrameworks/FaceCore.framework/Versions/A/FaceCore
0x00000000058b4000 	/System/Library/PrivateFrameworks/Ubiquity.framework/Versions/A/Ubiquity
0x00000000058b4000 	/System/Library/PrivateFrameworks/IconServices.framework/Versions/A/IconServices
0x00000000058b4000 	/System/Library/PrivateFrameworks/ChunkingLibrary.framework/Versions/A/ChunkingLibrary
0x00000000058b4000 	/System/Library/PrivateFrameworks/Apple80211.framework/Versions/A/Apple80211
0x00000000058b4000 	/System/Library/Frameworks/CoreWLAN.framework/Versions/A/CoreWLAN
0x00000000058b4000 	/System/Library/Frameworks/IOBluetooth.framework/Versions/A/IOBluetooth
0x00000000058b4000 	/System/Library/PrivateFrameworks/CoreWiFi.framework/Versions/A/CoreWiFi
0x00000000058b4000 	/System/Library/Frameworks/CoreBluetooth.framework/Versions/A/CoreBluetooth
0x00000000058b4000 	/System/Library/PrivateFrameworks/DebugSymbols.framework/Versions/A/DebugSymbols
0x00000000058b4000 	/System/Library/PrivateFrameworks/CoreSymbolication.framework/Versions/A/CoreSymbolication
0x00000000058b4000 	/System/Library/PrivateFrameworks/Symbolication.framework/Versions/A/Symbolication
0x00000000058b4000 	/System/Library/PrivateFrameworks/SpeechRecognitionCore.framework/Versions/A/SpeechRecognitionCore
0x0000000109000000 	/Library/Java/JavaVirtualMachines/jdk1.8.0_20.jdk/Contents/Home/jre/lib/server/libjvm.dylib
0x00000000058b4000 	/usr/lib/libstdc++.6.dylib
0x0000000108754000 	/Library/Java/JavaVirtualMachines/jdk1.8.0_20.jdk/Contents/Home/jre/lib/libverify.dylib
0x0000000108762000 	/Library/Java/JavaVirtualMachines/jdk1.8.0_20.jdk/Contents/Home/jre/lib/libjava.dylib
0x00000001087a0000 	/Library/Java/JavaVirtualMachines/jdk1.8.0_20.jdk/Contents/Home/jre/lib/libzip.dylib
0x00000001087e6000 	/System/Library/Frameworks/JavaVM.framework/Frameworks/JavaRuntimeSupport.framework/JavaRuntimeSupport
0x000000011d9ea000 	/System/Library/Frameworks/JavaVM.framework/Versions/A/Frameworks/JavaNativeFoundation.framework/Versions/A/JavaNativeFoundation
0x000000011d9ff000 	/System/Library/Frameworks/JavaVM.framework/Versions/A/JavaVM
0x00000000058b4000 	/System/Library/Frameworks/Carbon.framework/Versions/A/Carbon
0x000000011da0c000 	/System/Library/PrivateFrameworks/JavaLaunching.framework/Versions/A/JavaLaunching
0x00000000058b4000 	/System/Library/Frameworks/Carbon.framework/Versions/A/Frameworks/CommonPanels.framework/Versions/A/CommonPanels
0x00000000058b4000 	/System/Library/Frameworks/Carbon.framework/Versions/A/Frameworks/Help.framework/Versions/A/Help
0x00000000058b4000 	/System/Library/Frameworks/Carbon.framework/Versions/A/Frameworks/ImageCapture.framework/Versions/A/ImageCapture
0x00000000058b4000 	/System/Library/Frameworks/Carbon.framework/Versions/A/Frameworks/OpenScripting.framework/Versions/A/OpenScripting
0x00000000058b4000 	/System/Library/Frameworks/Carbon.framework/Versions/A/Frameworks/Print.framework/Versions/A/Print
0x00000000058b4000 	/System/Library/Frameworks/Carbon.framework/Versions/A/Frameworks/SecurityHI.framework/Versions/A/SecurityHI
0x000000011f88f000 	/Library/Java/JavaVirtualMachines/jdk1.8.0_20.jdk/Contents/Home/jre/lib/libawt.dylib
0x000000011f93e000 	/Library/Java/JavaVirtualMachines/jdk1.8.0_20.jdk/Contents/Home/jre/lib/./libmlib_image.dylib
0x000000011fa0a000 	/Library/Java/JavaVirtualMachines/jdk1.8.0_20.jdk/Contents/Home/jre/lib/libawt_lwawt.dylib
0x000000011fabd000 	/Library/Java/JavaVirtualMachines/jdk1.8.0_20.jdk/Contents/Home/jre/lib/./libosxapp.dylib
0x00000000058b4000 	/System/Library/Frameworks/ExceptionHandling.framework/Versions/A/ExceptionHandling
0x00000000058b4000 	/System/Library/PrivateFrameworks/CoreServicesInternal.framework/Versions/A/CoreServicesInternal
0x00000000058b4000 	/System/Library/PrivateFrameworks/CloudDocs.framework/Versions/A/CloudDocs
0x00000000058b4000 	/System/Library/PrivateFrameworks/CoreDuet.framework/Versions/A/CoreDuet
0x00000000058b4000 	/System/Library/Frameworks/CloudKit.framework/Versions/A/CloudKit
0x00000000058b4000 	/System/Library/PrivateFrameworks/ProtocolBuffer.framework/Versions/A/ProtocolBuffer
0x00000000058b4000 	/System/Library/PrivateFrameworks/CoreDuetDaemonProtocol.framework/Versions/A/CoreDuetDaemonProtocol
0x00000000058b4000 	/System/Library/PrivateFrameworks/CoreDuetDebugLogging.framework/Versions/A/CoreDuetDebugLogging
0x00000000058b4000 	/System/Library/Frameworks/CoreLocation.framework/Versions/A/CoreLocation
0x00000000058b4000 	/System/Library/Frameworks/Accounts.framework/Versions/A/Accounts
0x00000000058b4000 	/System/Library/PrivateFrameworks/ApplePushService.framework/Versions/A/ApplePushService
0x00000000058b4000 	/System/Library/PrivateFrameworks/GeoServices.framework/Versions/A/GeoServices
0x00000000058b4000 	/System/Library/PrivateFrameworks/OAuth.framework/Versions/A/OAuth
0x00000000058b4000 	/System/Library/PrivateFrameworks/CoreDaemon.framework/Versions/B/CoreDaemon
0x00000000058b4000 	/usr/lib/libcrypto.0.9.8.dylib
0x00000000058b4000 	/System/Library/PrivateFrameworks/AppleSRP.framework/Versions/A/AppleSRP
0x00000000058b4000 	/System/Library/PrivateFrameworks/TrustEvaluationAgent.framework/Versions/A/TrustEvaluationAgent
0x00000000058b4000 	/System/Library/Frameworks/CoreGraphics.framework/Versions/A/Resources/libCGCMS.A.dylib
0x00000000058b4000 	/System/Library/Frameworks/CoreGraphics.framework/Versions/A/Resources/libRIP.A.dylib
0x00000000058b4000 	/System/Library/Frameworks/CoreGraphics.framework/Versions/A/Resources/libCGXType.A.dylib
0x00000000058b4000 	/System/Library/Frameworks/OpenCL.framework/Versions/A/Libraries/libcldcpuengine.dylib
0x00000000058b4000 	/System/Library/PrivateFrameworks/DiskImages.framework/Versions/A/DiskImages
0x00000000058b4000 	/System/Library/Frameworks/DiscRecording.framework/Versions/A/DiscRecording
0x00000000058b4000 	/usr/lib/libcsfde.dylib
0x00000000058b4000 	/usr/lib/libcurl.4.dylib
0x00000000058b4000 	/System/Library/PrivateFrameworks/MediaKit.framework/Versions/A/MediaKit
0x00000000058b4000 	/System/Library/PrivateFrameworks/ProtectedCloudStorage.framework/Versions/A/ProtectedCloudStorage
0x00000000058b4000 	/usr/lib/libCoreStorage.dylib
0x00000000058b4000 	/System/Library/PrivateFrameworks/EFILogin.framework/Versions/A/EFILogin
0x00000000058b4000 	/usr/lib/libutil.dylib
0x00000000058b4000 	/System/Library/PrivateFrameworks/FindMyDevice.framework/Versions/A/FindMyDevice
0x00000000058b4000 	/System/Library/Frameworks/LDAP.framework/Versions/A/LDAP
0x00000000058b4000 	/usr/lib/libsasl2.2.dylib
0x0000000122726000 	cl_kernels
0x0000000122728000 	/System/Library/Frameworks/OpenCL.framework/Versions/A/Libraries/ImageFormats/unorm8_bgra.dylib
0x0000000122717000 	cl_kernels
0x00000000058b4000 	/System/Library/PrivateFrameworks/FamilyControls.framework/Versions/A/FamilyControls
0x00000000058b4000 	/System/Library/PrivateFrameworks/CommerceKit.framework/Versions/A/Frameworks/CommerceCore.framework/Versions/A/CommerceCore
0x00000000058b4000 	/System/Library/PrivateFrameworks/SystemAdministration.framework/Versions/A/SystemAdministration
0x00000000058b4000 	/System/Library/PrivateFrameworks/AppContainer.framework/Versions/A/AppContainer
0x00000000058b4000 	/System/Library/PrivateFrameworks/SecCodeWrapper.framework/Versions/A/SecCodeWrapper
0x00000000058b4000 	/System/Library/Frameworks/DirectoryService.framework/Versions/A/DirectoryService
0x00000000058b4000 	/System/Library/PrivateFrameworks/LoginUIKit.framework/Versions/A/Frameworks/LoginUICore.framework/Versions/A/LoginUICore
0x00000000058b4000 	/usr/lib/libodfde.dylib
0x00000001238ed000 	/Library/Java/JavaVirtualMachines/jdk1.8.0_20.jdk/Contents/Home/jre/lib/libfontmanager.dylib
0x0000000123953000 	/Users/lthysellsundqvist/Downloads/lwjgl-2.9.3 3/native/macosx/liblwjgl.dylib
0x0000000121c56000 	/Library/Java/JavaVirtualMachines/jdk1.8.0_20.jdk/Contents/Home/jre/lib/libjawt.dylib
0x00000000058b4000 	/System/Library/Frameworks/OpenGL.framework/Versions/A/Resources/GLEngine.bundle/GLEngine
0x00000000058b4000 	/System/Library/Frameworks/OpenGL.framework/Versions/A/Libraries/libGLProgrammability.dylib
0x0000000000000000 	/System/Library/Extensions/AppleIntelHD5000GraphicsGLDriver.bundle/Contents/MacOS/AppleIntelHD5000GraphicsGLDriver
0x00000000058b4000 	/System/Library/PrivateFrameworks/IOAccelerator.framework/Versions/A/IOAccelerator
0x00000000058b4000 	/System/Library/PrivateFrameworks/GPUSupport.framework/Versions/A/Libraries/libGPUSupportMercury.dylib
0x00000000058b4000 	/System/Library/Frameworks/OpenGL.framework/Versions/A/Resources/GLRendererFloat.bundle/GLRendererFloat
0x0000000124268000 	/Users/lthysellsundqvist/Downloads/lwjgl-2.9.3 3/native/macosx/libjinput-osx.dylib
0x000000012426d000 	/System/Library/Extensions/IOHIDFamily.kext/Contents/PlugIns/IOHIDLib.plugin/Contents/MacOS/IOHIDLib

VM Arguments:
jvm_args: -Djava.library.path=/Users/lthysellsundqvist/Downloads/lwjgl-2.9.3 3/native/macosx -Dfile.encoding=UTF-8 
java_command: Game
java_class_path (initial): /Users/lthysellsundqvist/Documents/GitHub/ProjektetInda_2D/bin:/Users/lthysellsundqvist/Downloads/lwjgl-2.9.3 3/jar/jinput.jar:/Users/lthysellsundqvist/Downloads/lwjgl-2.9.3 3/jar/lwjgl.jar:/Users/lthysellsundqvist/Downloads/lwjgl-2.9.3 3/jar/lwjgl_test.jar:/Users/lthysellsundqvist/Downloads/lwjgl-2.9.3 3/jar/lwjgl_util.jar:/Users/lthysellsundqvist/Downloads/lwjgl-2.9.3 3/jar/lwjgl_util_applet.jar:/Users/lthysellsundqvist/Downloads/slick/lib/slick.jar
Launcher Type: SUN_STANDARD

Environment Variables:
PATH=/usr/bin:/bin:/usr/sbin:/sbin
SHELL=/bin/bash
DISPLAY=/private/tmp/com.apple.launchd.b2GXQmkRDs/org.macosforge.xquartz:0

Signal Handlers:
SIGSEGV: [libjvm.dylib+0x578fd7], sa_mask[0]=11111111011111110111111111111111, sa_flags=SA_ONSTACK|SA_RESTART|SA_SIGINFO
SIGBUS: [libjvm.dylib+0x578fd7], sa_mask[0]=11111111011111110111111111111111, sa_flags=SA_RESTART|SA_SIGINFO
SIGFPE: [libjvm.dylib+0x45ab0c], sa_mask[0]=11111111011111110111111111111111, sa_flags=SA_RESTART|SA_SIGINFO
SIGPIPE: [libjvm.dylib+0x45ab0c], sa_mask[0]=11111111011111110111111111111111, sa_flags=SA_RESTART|SA_SIGINFO
SIGXFSZ: [libjvm.dylib+0x45ab0c], sa_mask[0]=11111111011111110111111111111111, sa_flags=SA_RESTART|SA_SIGINFO
SIGILL: [libjvm.dylib+0x45ab0c], sa_mask[0]=11111111011111110111111111111111, sa_flags=SA_RESTART|SA_SIGINFO
SIGUSR1: SIG_DFL, sa_mask[0]=00000000000000000000000000000000, sa_flags=none
SIGUSR2: [libjvm.dylib+0x45a62a], sa_mask[0]=00100000000000000000000000000000, sa_flags=SA_RESTART|SA_SIGINFO
SIGHUP: [libjvm.dylib+0x458bfd], sa_mask[0]=11111111011111110111111111111111, sa_flags=SA_RESTART|SA_SIGINFO
SIGINT: [libjvm.dylib+0x458bfd], sa_mask[0]=11111111011111110111111111111111, sa_flags=SA_RESTART|SA_SIGINFO
SIGTERM: [libjvm.dylib+0x458bfd], sa_mask[0]=11111111011111110111111111111111, sa_flags=SA_RESTART|SA_SIGINFO
SIGQUIT: [libjvm.dylib+0x458bfd], sa_mask[0]=11111111011111110111111111111111, sa_flags=SA_RESTART|SA_SIGINFO


---------------  S Y S T E M  ---------------

OS:Bsduname:Darwin 14.1.0 Darwin Kernel Version 14.1.0: Thu Feb 26 19:26:47 PST 2015; root:xnu-2782.10.73~1/RELEASE_X86_64 x86_64
rlimit: STACK 8192k, CORE 0k, NPROC 709, NOFILE 10240, AS infinity
load average:1.74 1.86 1.87

CPU:total 4 (2 cores per cpu, 2 threads per core) family 6 model 69 stepping 1, cmov, cx8, fxsr, mmx, sse, sse2, sse3, ssse3, sse4.1, sse4.2, popcnt, avx, avx2, aes, clmul, erms, lzcnt, ht, tsc, tscinvbit, bmi1, bmi2

Memory: 4k page, physical 4194304k(35264k free)

/proc/meminfo:


vm_info: Java HotSpot(TM) 64-Bit Server VM (25.20-b23) for bsd-amd64 JRE (1.8.0_20-b26), built on Jul 30 2014 13:37:47 by "java_re" with gcc 4.2.1 (Based on Apple Inc. build 5658) (LLVM build 2336.9.00)

time: Wed May 13 10:19:08 2015
elapsed time: 17 seconds (0d 0h 0m 17s)

