#
# A fatal error has been detected by the Java Runtime Environment:
#
#  SIGSEGV (0xb) at pc=0x00007fff83e180dd, pid=594, tid=1811
#
# JRE version: Java(TM) SE Runtime Environment (8.0_20-b26) (build 1.8.0_20-b26)
# Java VM: Java HotSpot(TM) 64-Bit Server VM (25.20-b23 mixed mode bsd-amd64 compressed oops)
# Problematic frame:
# C  [libobjc.A.dylib+0x10dd]  objc_msgSend+0x1d
#
# Failed to write core dump. Core dumps have been disabled. To enable core dumping, try "ulimit -c unlimited" before starting Java again
#
# If you would like to submit a bug report, please visit:
#   http://bugreport.sun.com/bugreport/crash.jsp
# The crash happened outside the Java Virtual Machine in native code.
# See problematic frame for where to report the bug.
#

---------------  T H R E A D  ---------------

Current thread (0x00007fc6ea0fe800):  JavaThread "AppKit Thread" daemon [_thread_in_native, id=1811, stack(0x00007fff5e221000,0x00007fff5ea21000)]

siginfo: si_signo: 11 (SIGSEGV), si_code: 1 (SEGV_MAPERR), si_addr: 0x000007fc6e949790

Registers:
RAX=0x00007fc6e9497d90, RBX=0x00007fff5ea1c728, RCX=0x0000000000000000, RDX=0x00007fc6e95d1900
RSP=0x00007fff5ea1c548, RBP=0x00007fff5ea1c550, RSI=0x00007fff8b5012b4, RDI=0x00007fc6e9497d90
R8 =0x00007fff5ea1c530, R9 =0x0000000000000055, R10=0x00007fff8b5012b4, R11=0x000007fc6e949778
R12=0x00007fc6e951b680, R13=0x00000000000f42ea, R14=0x00007fc6e9583c80, R15=0x00007fff5ea1c688
RIP=0x00007fff83e180dd, EFLAGS=0x0000000000010206, ERR=0x0000000000000004
  TRAPNO=0x000000000000000e

Top of Stack: (sp=0x00007fff5ea1c548)
0x00007fff5ea1c548:   00007fff8fbe2cdc 00007fff5ea1c8b0
0x00007fff5ea1c558:   00007fff8fad4244 00007fff5ea1c5dc
0x00007fff5ea1c568:   00007fff5ea1c5e0 00007fff5ea1c5e4
0x00007fff5ea1c578:   00007fff73fc1c88 ffffffffffffffff
0x00007fff5ea1c588:   00000000000007f8 00007fff73fc1ca0
0x00007fff5ea1c598:   00007fc6e9583c80 0000000000000000
0x00007fff5ea1c5a8:   00007fff5ea1c680 0000000000000000
0x00007fff5ea1c5b8:   00007fc6e949a910 00007fff5ea1c700
0x00007fff5ea1c5c8:   0000000000000055 00000000000f42ec
0x00007fff5ea1c5d8:   00007fc6e95d1900 00007fc6e949a370
0x00007fff5ea1c5e8:   00007fc6e951b680 0000000000000001
0x00007fff5ea1c5f8:   00000000000f42ea 00007fc6e951b670
0x00007fff5ea1c608:   00007fff887d67ba 00000001e973c1c0
0x00007fff5ea1c618:   00007fff752280d0 0000000042000000
0x00007fff5ea1c628:   00007fff887dee13 00007fff73f8c1d0
0x00007fff5ea1c638:   00007fff5ea1c708 0000000000000000
0x00007fff5ea1c648:   00007fff734cd8c8 0000000000000000
0x00007fff5ea1c658:   000000000000000f 0006c80300000001
0x00007fff5ea1c668:   00007fc6e951b6a4 0000000000000000
0x00007fff5ea1c678:   00000000003e7c01 00007fc6e949a990
0x00007fff5ea1c688:   00007fc6e9583c80 0000000000000000
0x00007fff5ea1c698:   00007fff8b53934c 00007fff5ea1c740
0x00007fff5ea1c6a8:   00007fff89229513 00007fff5ea1c724
0x00007fff5ea1c6b8:   00000000003e7d01 00000000ffffffff
0x00007fff5ea1c6c8:   00007fff734cd8c8 00000000003e7d00
0x00007fff5ea1c6d8:   00007fff00000000 00007fff5ea1c7d0
0x00007fff5ea1c6e8:   00007fff921cbedc 00007fff734cd8e8
0x00007fff5ea1c6f8:   00007fff8b53934c 0000000000000051
0x00007fff5ea1c708:   0000000000000000 00000000000f42e1
0x00007fff5ea1c718:   0000000000000053 0000000000000000
0x00007fff5ea1c728:   00000000000f42ea 00007fff5ea1c7a4
0x00007fff5ea1c738:   00000000003e8701 00000000ffffffff 

Instructions: (pc=0x00007fff83e180dd)
0x00007fff83e180bd:   00 00 00 48 85 ff 2e 74 7a 40 f6 c7 01 2e 75 7e
0x00007fff83e180cd:   49 bb f8 ff ff ff ff 7f 00 00 4c 23 1f 49 89 f2
0x00007fff83e180dd:   45 23 53 18 49 c1 e2 04 4d 03 53 10 49 3b 32 75
0x00007fff83e180ed:   04 41 ff 62 08 49 83 3a 00 74 6a 4d 3b 53 10 74 

Register to memory mapping:

RAX=0x00007fc6e9497d90 is an unknown value
RBX=0x00007fff5ea1c728 is pointing into the stack for thread: 0x00007fc6ea0fe800
RCX=0x0000000000000000 is an unknown value
RDX=0x00007fc6e95d1900 is an unknown value
RSP=0x00007fff5ea1c548 is pointing into the stack for thread: 0x00007fc6ea0fe800
RBP=0x00007fff5ea1c550 is pointing into the stack for thread: 0x00007fc6ea0fe800
RSI=0x00007fff8b5012b4: -[NSTitlebarContainerView shouldRoundCorners]+0x5ced6 in /System/Library/Frameworks/AppKit.framework/Versions/C/AppKit at 0x00007fff8ab30000
RDI=0x00007fc6e9497d90 is an unknown value
R8 =0x00007fff5ea1c530 is pointing into the stack for thread: 0x00007fc6ea0fe800
R9 =0x0000000000000055 is an unknown value
R10=0x00007fff8b5012b4: -[NSTitlebarContainerView shouldRoundCorners]+0x5ced6 in /System/Library/Frameworks/AppKit.framework/Versions/C/AppKit at 0x00007fff8ab30000
R11=0x000007fc6e949778 is an unknown value
R12=0x00007fc6e951b680 is an unknown value
R13=0x00000000000f42ea is an unknown value
R14=0x00007fc6e9583c80 is an unknown value
R15=0x00007fff5ea1c688 is pointing into the stack for thread: 0x00007fc6ea0fe800


Stack: [0x00007fff5e221000,0x00007fff5ea21000],  sp=0x00007fff5ea1c548,  free space=8173k
Native frames: (J=compiled Java code, j=interpreted, Vv=VM code, C=native code)
C  [libobjc.A.dylib+0x10dd]  objc_msgSend+0x1d
C  [CoreFoundation+0x10244]  _CFXNotificationPost+0xc44
C  [Foundation+0x2c31]  -[NSNotificationCenter postNotificationName:object:userInfo:]+0x42
C  [AppKit+0xdd776]  -[NSSurface _disposeSurface]+0x98
C  [AppKit+0xdd1da]  -[NSSurface setWindow:]+0x42
C  [AppKit+0x3b9ef]  -[NSView _setWindow:]+0xa22
C  [AppKit+0x3cc22]  -[NSView removeFromSuperview]+0x1c5
C  [AppKit+0x9140a]  -[NSView removeFromSuperviewWithoutNeedingDisplay]+0x26
C  [liblwjgl.dylib+0xa205]  +[MacOSXKeyableWindow destroyWindow]+0xb5
C  [Foundation+0x65cdc]  __NSThreadPerformPerform+0x125
C  [CoreFoundation+0x80681]  __CFRUNLOOP_IS_CALLING_OUT_TO_A_SOURCE0_PERFORM_FUNCTION__+0x11
C  [CoreFoundation+0x7280d]  __CFRunLoopDoSources0+0x10d
C  [CoreFoundation+0x71e3f]  __CFRunLoopRun+0x39f
C  [CoreFoundation+0x71858]  CFRunLoopRunSpecific+0x128
C  [HIToolbox+0x2eaef]  RunCurrentEventLoopInMode+0xeb
C  [HIToolbox+0x2e86a]  ReceiveNextEventCommon+0x1af
C  [HIToolbox+0x2e6ab]  _BlockUntilNextEventMatchingListInModeWithFilter+0x47
C  [AppKit+0x23f81]  _DPSNextEvent+0x3c4
C  [AppKit+0x23730]  -[NSApplication nextEventMatchingMask:untilDate:inMode:dequeue:]+0xc2
C  [libosxapp.dylib+0x242a]  -[NSApplicationAWT nextEventMatchingMask:untilDate:inMode:dequeue:]+0x7c
C  [AppKit+0x17593]  -[NSApplication run]+0x252
C  [libosxapp.dylib+0x223e]  +[NSApplicationAWT runAWTLoopWithApp:]+0x9c
C  [libawt_lwawt.dylib+0x4494f]  -[AWTStarter starter:]+0x389
C  [Foundation+0x65cdc]  __NSThreadPerformPerform+0x125
C  [CoreFoundation+0x80681]  __CFRUNLOOP_IS_CALLING_OUT_TO_A_SOURCE0_PERFORM_FUNCTION__+0x11
C  [CoreFoundation+0x7280d]  __CFRunLoopDoSources0+0x10d
C  [CoreFoundation+0x71e3f]  __CFRunLoopRun+0x39f
C  [CoreFoundation+0x71858]  CFRunLoopRunSpecific+0x128
C  [java+0x56cc]  CreateExecutionEnvironment+0x367
C  [java+0x165c]  JLI_Launch+0x7a0
C  [java+0x768a]  main+0x65
C  [java+0xeb4]  start+0x34
C  0x0000000000000006


---------------  P R O C E S S  ---------------

Java Threads: ( => current thread )
  0x00007fc6eb03e000 JavaThread "AWT-Shutdown" [_thread_blocked, id=28683, stack(0x0000000119b9c000,0x0000000119c9c000)]
  0x00007fc6e98dc000 JavaThread "Timer-0" [_thread_blocked, id=25115, stack(0x000000011c5f6000,0x000000011c6f6000)]
=>0x00007fc6ea0fe800 JavaThread "AppKit Thread" daemon [_thread_in_native, id=1811, stack(0x00007fff5e221000,0x00007fff5ea21000)]
  0x00007fc6ea01c800 JavaThread "Service Thread" daemon [_thread_blocked, id=18179, stack(0x00000001182c9000,0x00000001183c9000)]
  0x00007fc6e9820800 JavaThread "C1 CompilerThread2" daemon [_thread_blocked, id=17667, stack(0x00000001181c6000,0x00000001182c6000)]
  0x00007fc6e9820000 JavaThread "C2 CompilerThread1" daemon [_thread_blocked, id=17155, stack(0x00000001180c3000,0x00000001181c3000)]
  0x00007fc6e981e000 JavaThread "C2 CompilerThread0" daemon [_thread_blocked, id=16643, stack(0x0000000117fc0000,0x00000001180c0000)]
  0x00007fc6e980c000 JavaThread "Signal Dispatcher" daemon [_thread_blocked, id=13335, stack(0x0000000117ebd000,0x0000000117fbd000)]
  0x00007fc6eb00a800 JavaThread "Finalizer" daemon [_thread_blocked, id=11523, stack(0x0000000116577000,0x0000000116677000)]
  0x00007fc6eb001000 JavaThread "Reference Handler" daemon [_thread_blocked, id=11011, stack(0x0000000116474000,0x0000000116574000)]
  0x00007fc6ea801000 JavaThread "main" [_thread_in_native, id=4867, stack(0x00000001012f5000,0x00000001013f5000)]

Other Threads:
  0x00007fc6ea004800 VMThread [stack: 0x0000000116371000,0x0000000116471000] [id=10499]
  0x00007fc6ea013800 WatcherThread [stack: 0x00000001183cc000,0x00000001184cc000] [id=18691]

VM state:not at safepoint (normal execution)

VM Mutex/Monitor currently owned by a thread: None

Heap:
 PSYoungGen      total 18944K, used 4762K [0x00000007aab00000, 0x00000007ac000000, 0x00000007c0000000)
  eden space 16384K, 13% used [0x00000007aab00000,0x00000007aad2c8b8,0x00000007abb00000)
  from space 2560K, 99% used [0x00000007abb00000,0x00000007abd7a148,0x00000007abd80000)
  to   space 2560K, 0% used [0x00000007abd80000,0x00000007abd80000,0x00000007ac000000)
 ParOldGen       total 44032K, used 2654K [0x0000000780000000, 0x0000000782b00000, 0x00000007aab00000)
  object space 44032K, 6% used [0x0000000780000000,0x0000000780297808,0x0000000782b00000)
 Metaspace       used 7118K, capacity 7273K, committed 7424K, reserved 1056768K
  class space    used 714K, capacity 759K, committed 768K, reserved 1048576K

Card table byte_map: [0x0000000111f2e000,0x000000011212f000] byte_map_base: 0x000000010e32e000

Marking Bits: (ParMarkBitMap*) 0x000000010249c330
 Begin Bits: [0x0000000112691000, 0x0000000113691000)
 End Bits:   [0x0000000113691000, 0x0000000114691000)

Polling page: 0x00000001013f7000

CodeCache: size=245760Kb used=3543Kb max_used=3543Kb free=242216Kb
 bounds [0x0000000102b6e000, 0x0000000102eee000, 0x0000000111b6e000]
 total_blobs=1307 nmethods=914 adapters=308
 compilation: enabled

Compilation events (10 events):
Event: 47.110 Thread 0x00007fc6e9820800  910       3       java.util.HashMap$HashIterator::<init> (79 bytes)
Event: 47.111 Thread 0x00007fc6e9820800 nmethod 910 0x0000000102ed84d0 code [0x0000000102ed8640, 0x0000000102ed89d0]
Event: 48.929 Thread 0x00007fc6e9820800  911       3       DeathScreen::update (56 bytes)
Event: 48.931 Thread 0x00007fc6e9820800 nmethod 911 0x0000000102ee2e50 code [0x0000000102ee3080, 0x0000000102ee4028]
Event: 48.931 Thread 0x00007fc6e9820800  912       3       DeathScreen::render (82 bytes)
Event: 48.934 Thread 0x00007fc6e9820800 nmethod 912 0x0000000102ee4790 code [0x0000000102ee4ba0, 0x0000000102ee6918]
Event: 50.060 Thread 0x00007fc6e9820800  913   !   3       org.lwjgl.input.Mouse::isButtonDown (61 bytes)
Event: 50.061 Thread 0x00007fc6e9820800 nmethod 913 0x0000000102ed7ad0 code [0x0000000102ed7c80, 0x0000000102ed8278]
Event: 50.061 Thread 0x00007fc6e9820800  914       1       java.util.HashMap$Node::getValue (5 bytes)
Event: 50.061 Thread 0x00007fc6e9820800 nmethod 914 0x0000000102ed7810 code [0x0000000102ed7960, 0x0000000102ed7a70]

GC Heap History (2 events):
Event: 32.125 GC heap before
{Heap before GC invocations=1 (full 0):
 PSYoungGen      total 18944K, used 16384K [0x00000007aab00000, 0x00000007ac000000, 0x00000007c0000000)
  eden space 16384K, 100% used [0x00000007aab00000,0x00000007abb00000,0x00000007abb00000)
  from space 2560K, 0% used [0x00000007abd80000,0x00000007abd80000,0x00000007ac000000)
  to   space 2560K, 0% used [0x00000007abb00000,0x00000007abb00000,0x00000007abd80000)
 ParOldGen       total 44032K, used 0K [0x0000000780000000, 0x0000000782b00000, 0x00000007aab00000)
  object space 44032K, 0% used [0x0000000780000000,0x0000000780000000,0x0000000782b00000)
 Metaspace       used 7061K, capacity 7209K, committed 7424K, reserved 1056768K
  class space    used 710K, capacity 759K, committed 768K, reserved 1048576K
Event: 32.138 GC heap after
Heap after GC invocations=1 (full 0):
 PSYoungGen      total 18944K, used 2536K [0x00000007aab00000, 0x00000007ac000000, 0x00000007c0000000)
  eden space 16384K, 0% used [0x00000007aab00000,0x00000007aab00000,0x00000007abb00000)
  from space 2560K, 99% used [0x00000007abb00000,0x00000007abd7a148,0x00000007abd80000)
  to   space 2560K, 0% used [0x00000007abd80000,0x00000007abd80000,0x00000007ac000000)
 ParOldGen       total 44032K, used 2654K [0x0000000780000000, 0x0000000782b00000, 0x00000007aab00000)
  object space 44032K, 6% used [0x0000000780000000,0x0000000780297808,0x0000000782b00000)
 Metaspace       used 7061K, capacity 7209K, committed 7424K, reserved 1056768K
  class space    used 710K, capacity 759K, committed 768K, reserved 1048576K
}

Deoptimization events (1 events):
Event: 46.043 Thread 0x00007fc6e9897800 Uncommon trap: reason=unreached action=reinterpret pc=0x0000000102ec3a44 method=java.util.HashMap$HashIterator.<init>(Ljava/util/HashMap;)V @ 38

Internal exceptions (10 events):
Event: 1.231 Thread 0x00007fc6ea801000 Exception <a 'java/security/PrivilegedActionException'> (0x00000007ab88b9a0) thrown at [/HUDSON3/workspace/8-2-build-macosx-x86_64/jdk8u20/1074/hotspot/src/share/vm/prims/jvm.cpp, line 1275]
Event: 1.232 Thread 0x00007fc6ea801000 Exception <a 'java/security/PrivilegedActionException'> (0x00000007ab88ee40) thrown at [/HUDSON3/workspace/8-2-build-macosx-x86_64/jdk8u20/1074/hotspot/src/share/vm/prims/jvm.cpp, line 1275]
Event: 1.233 Thread 0x00007fc6ea801000 Exception <a 'java/security/PrivilegedActionException'> (0x00000007ab897018) thrown at [/HUDSON3/workspace/8-2-build-macosx-x86_64/jdk8u20/1074/hotspot/src/share/vm/prims/jvm.cpp, line 1275]
Event: 1.237 Thread 0x00007fc6ea801000 Exception <a 'java/security/PrivilegedActionException'> (0x00000007ab8b4718) thrown at [/HUDSON3/workspace/8-2-build-macosx-x86_64/jdk8u20/1074/hotspot/src/share/vm/prims/jvm.cpp, line 1275]
Event: 1.239 Thread 0x00007fc6ea801000 Exception <a 'java/security/PrivilegedActionException'> (0x00000007ab8bcb60) thrown at [/HUDSON3/workspace/8-2-build-macosx-x86_64/jdk8u20/1074/hotspot/src/share/vm/prims/jvm.cpp, line 1275]
Event: 1.242 Thread 0x00007fc6ea801000 Exception <a 'java/security/PrivilegedActionException'> (0x00000007ab8c18c0) thrown at [/HUDSON3/workspace/8-2-build-macosx-x86_64/jdk8u20/1074/hotspot/src/share/vm/prims/jvm.cpp, line 1275]
Event: 1.243 Thread 0x00007fc6ea801000 Exception <a 'java/security/PrivilegedActionException'> (0x00000007ab8c6530) thrown at [/HUDSON3/workspace/8-2-build-macosx-x86_64/jdk8u20/1074/hotspot/src/share/vm/prims/jvm.cpp, line 1275]
Event: 3.530 Thread 0x00007fc6ea801000 Exception <a 'java/security/PrivilegedActionException'> (0x00000007ab8ee158) thrown at [/HUDSON3/workspace/8-2-build-macosx-x86_64/jdk8u20/1074/hotspot/src/share/vm/prims/jvm.cpp, line 1275]
Event: 46.043 Thread 0x00007fc6e9897800 Implicit null exception at 0x0000000102ec38c3 to 0x0000000102ec3a31
Event: 51.848 Thread 0x00007fc6ea801000 Exception <a 'java/security/PrivilegedActionException'> (0x00000007aacd0618) thrown at [/HUDSON3/workspace/8-2-build-macosx-x86_64/jdk8u20/1074/hotspot/src/share/vm/prims/jvm.cpp, line 1275]

Events (10 events):
Event: 46.042 loading class java/util/IdentityHashMap$IdentityHashMapIterator
Event: 46.043 loading class java/util/IdentityHashMap$IdentityHashMapIterator done
Event: 46.043 loading class java/util/IdentityHashMap$ValueIterator done
Event: 46.043 Thread 0x00007fc6e9897800 Uncommon trap: trap_request=0xffffffad fr.pc=0x0000000102ec3a44
Event: 46.043 Thread 0x00007fc6e9897800 DEOPT PACKING pc=0x0000000102ec3a44 sp=0x0000000119c9b710
Event: 46.043 Thread 0x00007fc6e9897800 DEOPT UNPACKING pc=0x0000000102b72f69 sp=0x0000000119c9b6d0 mode 2
Event: 46.043 Thread 0x00007fc6e9897800 Thread exited: 0x00007fc6e9897800
Event: 48.325 Thread 0x00007fc6eb03e000 Thread added: 0x00007fc6eb03e000
Event: 51.847 loading class org/lwjgl/opengl/CallbackUtil
Event: 51.847 loading class org/lwjgl/opengl/CallbackUtil done


Dynamic libraries:
0x0000000003456000 	/System/Library/Frameworks/Cocoa.framework/Versions/A/Cocoa
0x0000000003456000 	/System/Library/Frameworks/Security.framework/Versions/A/Security
0x0000000003456000 	/System/Library/Frameworks/ApplicationServices.framework/Versions/A/ApplicationServices
0x0000000003456000 	/usr/lib/libz.1.dylib
0x0000000003456000 	/usr/lib/libSystem.B.dylib
0x0000000003456000 	/usr/lib/libobjc.A.dylib
0x0000000003456000 	/System/Library/Frameworks/CoreFoundation.framework/Versions/A/CoreFoundation
0x0000000003456000 	/System/Library/Frameworks/Foundation.framework/Versions/C/Foundation
0x0000000003456000 	/System/Library/Frameworks/AppKit.framework/Versions/C/AppKit
0x0000000003456000 	/System/Library/Frameworks/CoreData.framework/Versions/A/CoreData
0x0000000003456000 	/System/Library/PrivateFrameworks/RemoteViewServices.framework/Versions/A/RemoteViewServices
0x0000000003456000 	/System/Library/PrivateFrameworks/UIFoundation.framework/Versions/A/UIFoundation
0x0000000003456000 	/System/Library/Frameworks/IOSurface.framework/Versions/A/IOSurface
0x0000000003456000 	/System/Library/Frameworks/AudioToolbox.framework/Versions/A/AudioToolbox
0x0000000003456000 	/System/Library/Frameworks/AudioUnit.framework/Versions/A/AudioUnit
0x0000000003456000 	/System/Library/PrivateFrameworks/DataDetectorsCore.framework/Versions/A/DataDetectorsCore
0x0000000003456000 	/System/Library/PrivateFrameworks/DesktopServicesPriv.framework/Versions/A/DesktopServicesPriv
0x0000000003456000 	/System/Library/Frameworks/Carbon.framework/Versions/A/Frameworks/HIToolbox.framework/Versions/A/HIToolbox
0x0000000003456000 	/System/Library/Frameworks/QuartzCore.framework/Versions/A/QuartzCore
0x0000000003456000 	/System/Library/Frameworks/Carbon.framework/Versions/A/Frameworks/SpeechRecognition.framework/Versions/A/SpeechRecognition
0x0000000003456000 	/usr/lib/libauto.dylib
0x0000000003456000 	/usr/lib/libicucore.A.dylib
0x0000000003456000 	/usr/lib/libxml2.2.dylib
0x0000000003456000 	/System/Library/PrivateFrameworks/CoreUI.framework/Versions/A/CoreUI
0x0000000003456000 	/System/Library/Frameworks/CoreAudio.framework/Versions/A/CoreAudio
0x0000000003456000 	/System/Library/Frameworks/DiskArbitration.framework/Versions/A/DiskArbitration
0x0000000003456000 	/usr/lib/liblangid.dylib
0x0000000003456000 	/System/Library/PrivateFrameworks/MultitouchSupport.framework/Versions/A/MultitouchSupport
0x0000000003456000 	/System/Library/Frameworks/IOKit.framework/Versions/A/IOKit
0x0000000003456000 	/usr/lib/libDiagnosticMessagesClient.dylib
0x0000000003456000 	/System/Library/Frameworks/CoreServices.framework/Versions/A/CoreServices
0x0000000003456000 	/System/Library/PrivateFrameworks/PerformanceAnalysis.framework/Versions/A/PerformanceAnalysis
0x0000000003456000 	/System/Library/PrivateFrameworks/GenerationalStorage.framework/Versions/A/GenerationalStorage
0x0000000003456000 	/System/Library/Frameworks/OpenGL.framework/Versions/A/OpenGL
0x0000000003456000 	/System/Library/PrivateFrameworks/Sharing.framework/Versions/A/Sharing
0x0000000003456000 	/System/Library/Frameworks/CoreGraphics.framework/Versions/A/CoreGraphics
0x0000000003456000 	/System/Library/Frameworks/CoreText.framework/Versions/A/CoreText
0x0000000003456000 	/System/Library/Frameworks/ImageIO.framework/Versions/A/ImageIO
0x0000000003456000 	/usr/lib/libextension.dylib
0x0000000003456000 	/System/Library/PrivateFrameworks/Backup.framework/Versions/A/Backup
0x0000000003456000 	/usr/lib/libarchive.2.dylib
0x0000000003456000 	/System/Library/Frameworks/CFNetwork.framework/Versions/A/CFNetwork
0x0000000003456000 	/System/Library/Frameworks/SystemConfiguration.framework/Versions/A/SystemConfiguration
0x0000000003456000 	/usr/lib/libCRFSuite.dylib
0x0000000003456000 	/usr/lib/libc++.1.dylib
0x0000000003456000 	/usr/lib/libc++abi.dylib
0x0000000003456000 	/usr/lib/system/libcache.dylib
0x0000000003456000 	/usr/lib/system/libcommonCrypto.dylib
0x0000000003456000 	/usr/lib/system/libcompiler_rt.dylib
0x0000000003456000 	/usr/lib/system/libcopyfile.dylib
0x0000000003456000 	/usr/lib/system/libcorecrypto.dylib
0x0000000003456000 	/usr/lib/system/libdispatch.dylib
0x0000000003456000 	/usr/lib/system/libdyld.dylib
0x0000000003456000 	/usr/lib/system/libkeymgr.dylib
0x0000000003456000 	/usr/lib/system/liblaunch.dylib
0x0000000003456000 	/usr/lib/system/libmacho.dylib
0x0000000003456000 	/usr/lib/system/libquarantine.dylib
0x0000000003456000 	/usr/lib/system/libremovefile.dylib
0x0000000003456000 	/usr/lib/system/libsystem_asl.dylib
0x0000000003456000 	/usr/lib/system/libsystem_blocks.dylib
0x0000000003456000 	/usr/lib/system/libsystem_c.dylib
0x0000000003456000 	/usr/lib/system/libsystem_configuration.dylib
0x0000000003456000 	/usr/lib/system/libsystem_coreservices.dylib
0x0000000003456000 	/usr/lib/system/libsystem_coretls.dylib
0x0000000003456000 	/usr/lib/system/libsystem_dnssd.dylib
0x0000000003456000 	/usr/lib/system/libsystem_info.dylib
0x0000000003456000 	/usr/lib/system/libsystem_kernel.dylib
0x0000000003456000 	/usr/lib/system/libsystem_m.dylib
0x0000000003456000 	/usr/lib/system/libsystem_malloc.dylib
0x0000000003456000 	/usr/lib/system/libsystem_network.dylib
0x0000000003456000 	/usr/lib/system/libsystem_networkextension.dylib
0x0000000003456000 	/usr/lib/system/libsystem_notify.dylib
0x0000000003456000 	/usr/lib/system/libsystem_platform.dylib
0x0000000003456000 	/usr/lib/system/libsystem_pthread.dylib
0x0000000003456000 	/usr/lib/system/libsystem_sandbox.dylib
0x0000000003456000 	/usr/lib/system/libsystem_secinit.dylib
0x0000000003456000 	/usr/lib/system/libsystem_stats.dylib
0x0000000003456000 	/usr/lib/system/libsystem_trace.dylib
0x0000000003456000 	/usr/lib/system/libunc.dylib
0x0000000003456000 	/usr/lib/system/libunwind.dylib
0x0000000003456000 	/usr/lib/system/libxpc.dylib
0x0000000003456000 	/usr/lib/libbz2.1.0.dylib
0x0000000003456000 	/usr/lib/liblzma.5.dylib
0x0000000003456000 	/usr/lib/libbsm.0.dylib
0x0000000003456000 	/usr/lib/libsqlite3.dylib
0x0000000003456000 	/usr/lib/system/libkxld.dylib
0x0000000003456000 	/usr/lib/libxar.1.dylib
0x0000000003456000 	/usr/lib/libpam.2.dylib
0x0000000003456000 	/usr/lib/libOpenScriptingUtil.dylib
0x0000000003456000 	/System/Library/Frameworks/CoreServices.framework/Versions/A/Frameworks/FSEvents.framework/Versions/A/FSEvents
0x0000000003456000 	/System/Library/Frameworks/CoreServices.framework/Versions/A/Frameworks/CarbonCore.framework/Versions/A/CarbonCore
0x0000000003456000 	/System/Library/Frameworks/CoreServices.framework/Versions/A/Frameworks/Metadata.framework/Versions/A/Metadata
0x0000000003456000 	/System/Library/Frameworks/CoreServices.framework/Versions/A/Frameworks/OSServices.framework/Versions/A/OSServices
0x0000000003456000 	/System/Library/Frameworks/CoreServices.framework/Versions/A/Frameworks/SearchKit.framework/Versions/A/SearchKit
0x0000000003456000 	/System/Library/Frameworks/CoreServices.framework/Versions/A/Frameworks/AE.framework/Versions/A/AE
0x0000000003456000 	/System/Library/Frameworks/CoreServices.framework/Versions/A/Frameworks/LaunchServices.framework/Versions/A/LaunchServices
0x0000000003456000 	/System/Library/Frameworks/CoreServices.framework/Versions/A/Frameworks/DictionaryServices.framework/Versions/A/DictionaryServices
0x0000000003456000 	/System/Library/Frameworks/NetFS.framework/Versions/A/NetFS
0x0000000003456000 	/System/Library/PrivateFrameworks/NetAuth.framework/Versions/A/NetAuth
0x0000000003456000 	/System/Library/PrivateFrameworks/login.framework/Versions/A/Frameworks/loginsupport.framework/Versions/A/loginsupport
0x0000000003456000 	/System/Library/PrivateFrameworks/TCC.framework/Versions/A/TCC
0x0000000003456000 	/usr/lib/libmecabra.dylib
0x0000000003456000 	/System/Library/Frameworks/ApplicationServices.framework/Versions/A/Frameworks/ATS.framework/Versions/A/ATS
0x0000000003456000 	/System/Library/Frameworks/ApplicationServices.framework/Versions/A/Frameworks/ColorSync.framework/Versions/A/ColorSync
0x0000000003456000 	/System/Library/Frameworks/ApplicationServices.framework/Versions/A/Frameworks/HIServices.framework/Versions/A/HIServices
0x0000000003456000 	/System/Library/Frameworks/ApplicationServices.framework/Versions/A/Frameworks/LangAnalysis.framework/Versions/A/LangAnalysis
0x0000000003456000 	/System/Library/Frameworks/ApplicationServices.framework/Versions/A/Frameworks/PrintCore.framework/Versions/A/PrintCore
0x0000000003456000 	/System/Library/Frameworks/ApplicationServices.framework/Versions/A/Frameworks/QD.framework/Versions/A/QD
0x0000000003456000 	/System/Library/Frameworks/ApplicationServices.framework/Versions/A/Frameworks/SpeechSynthesis.framework/Versions/A/SpeechSynthesis
0x0000000003456000 	/System/Library/Frameworks/Accelerate.framework/Versions/A/Accelerate
0x0000000003456000 	/System/Library/Frameworks/Accelerate.framework/Versions/A/Frameworks/vImage.framework/Versions/A/vImage
0x0000000003456000 	/System/Library/Frameworks/Accelerate.framework/Versions/A/Frameworks/vecLib.framework/Versions/A/vecLib
0x0000000003456000 	/System/Library/Frameworks/Accelerate.framework/Versions/A/Frameworks/vecLib.framework/Versions/A/libvDSP.dylib
0x0000000003456000 	/System/Library/Frameworks/Accelerate.framework/Versions/A/Frameworks/vecLib.framework/Versions/A/libvMisc.dylib
0x0000000003456000 	/System/Library/Frameworks/Accelerate.framework/Versions/A/Frameworks/vecLib.framework/Versions/A/libLAPACK.dylib
0x0000000003456000 	/System/Library/Frameworks/Accelerate.framework/Versions/A/Frameworks/vecLib.framework/Versions/A/libBLAS.dylib
0x0000000003456000 	/System/Library/Frameworks/Accelerate.framework/Versions/A/Frameworks/vecLib.framework/Versions/A/libLinearAlgebra.dylib
0x0000000003456000 	/System/Library/Frameworks/ApplicationServices.framework/Versions/A/Frameworks/ATS.framework/Versions/A/Resources/libFontParser.dylib
0x0000000003456000 	/System/Library/Frameworks/ApplicationServices.framework/Versions/A/Frameworks/ATS.framework/Versions/A/Resources/libFontRegistry.dylib
0x0000000003456000 	/System/Library/PrivateFrameworks/AppleVPA.framework/Versions/A/AppleVPA
0x0000000003456000 	/System/Library/PrivateFrameworks/AppleJPEG.framework/Versions/A/AppleJPEG
0x0000000003456000 	/System/Library/Frameworks/ImageIO.framework/Versions/A/Resources/libJPEG.dylib
0x0000000003456000 	/System/Library/Frameworks/ImageIO.framework/Versions/A/Resources/libTIFF.dylib
0x0000000003456000 	/System/Library/Frameworks/ImageIO.framework/Versions/A/Resources/libPng.dylib
0x0000000003456000 	/System/Library/Frameworks/ImageIO.framework/Versions/A/Resources/libGIF.dylib
0x0000000003456000 	/System/Library/Frameworks/ImageIO.framework/Versions/A/Resources/libJP2.dylib
0x0000000003456000 	/System/Library/Frameworks/ImageIO.framework/Versions/A/Resources/libRadiance.dylib
0x0000000003456000 	/System/Library/Frameworks/CoreVideo.framework/Versions/A/CoreVideo
0x0000000003456000 	/System/Library/Frameworks/OpenGL.framework/Versions/A/Libraries/libGLU.dylib
0x0000000003456000 	/System/Library/Frameworks/OpenGL.framework/Versions/A/Libraries/libGFXShared.dylib
0x0000000003456000 	/System/Library/Frameworks/OpenGL.framework/Versions/A/Libraries/libGL.dylib
0x0000000003456000 	/System/Library/Frameworks/OpenGL.framework/Versions/A/Libraries/libGLImage.dylib
0x0000000003456000 	/System/Library/Frameworks/OpenGL.framework/Versions/A/Libraries/libCVMSPluginSupport.dylib
0x0000000003456000 	/System/Library/Frameworks/OpenGL.framework/Versions/A/Libraries/libCoreVMClient.dylib
0x0000000003456000 	/usr/lib/libcups.2.dylib
0x0000000003456000 	/System/Library/Frameworks/Kerberos.framework/Versions/A/Kerberos
0x0000000003456000 	/System/Library/Frameworks/GSS.framework/Versions/A/GSS
0x0000000003456000 	/usr/lib/libresolv.9.dylib
0x0000000003456000 	/usr/lib/libiconv.2.dylib
0x0000000003456000 	/System/Library/PrivateFrameworks/Heimdal.framework/Versions/A/Heimdal
0x0000000003456000 	/usr/lib/libheimdal-asn1.dylib
0x0000000003456000 	/System/Library/Frameworks/OpenDirectory.framework/Versions/A/OpenDirectory
0x0000000003456000 	/System/Library/PrivateFrameworks/CommonAuth.framework/Versions/A/CommonAuth
0x0000000003456000 	/System/Library/Frameworks/OpenDirectory.framework/Versions/A/Frameworks/CFOpenDirectory.framework/Versions/A/CFOpenDirectory
0x0000000003456000 	/System/Library/Frameworks/SecurityFoundation.framework/Versions/A/SecurityFoundation
0x0000000003456000 	/System/Library/PrivateFrameworks/LanguageModeling.framework/Versions/A/LanguageModeling
0x0000000003456000 	/usr/lib/libcmph.dylib
0x0000000003456000 	/System/Library/Frameworks/ServiceManagement.framework/Versions/A/ServiceManagement
0x0000000003456000 	/usr/lib/libxslt.1.dylib
0x0000000003456000 	/System/Library/Frameworks/Carbon.framework/Versions/A/Frameworks/Ink.framework/Versions/A/Ink
0x0000000003456000 	/System/Library/Frameworks/QuartzCore.framework/Versions/A/Frameworks/CoreImage.framework/Versions/A/CoreImage
0x0000000003456000 	/System/Library/PrivateFrameworks/CrashReporterSupport.framework/Versions/A/CrashReporterSupport
0x0000000003456000 	/System/Library/Frameworks/OpenCL.framework/Versions/A/OpenCL
0x0000000003456000 	/System/Library/PrivateFrameworks/FaceCore.framework/Versions/A/FaceCore
0x0000000003456000 	/System/Library/PrivateFrameworks/Ubiquity.framework/Versions/A/Ubiquity
0x0000000003456000 	/System/Library/PrivateFrameworks/IconServices.framework/Versions/A/IconServices
0x0000000003456000 	/System/Library/PrivateFrameworks/ChunkingLibrary.framework/Versions/A/ChunkingLibrary
0x0000000003456000 	/System/Library/PrivateFrameworks/Apple80211.framework/Versions/A/Apple80211
0x0000000003456000 	/System/Library/Frameworks/CoreWLAN.framework/Versions/A/CoreWLAN
0x0000000003456000 	/System/Library/Frameworks/IOBluetooth.framework/Versions/A/IOBluetooth
0x0000000003456000 	/System/Library/PrivateFrameworks/CoreWiFi.framework/Versions/A/CoreWiFi
0x0000000003456000 	/System/Library/Frameworks/CoreBluetooth.framework/Versions/A/CoreBluetooth
0x0000000003456000 	/System/Library/PrivateFrameworks/DebugSymbols.framework/Versions/A/DebugSymbols
0x0000000003456000 	/System/Library/PrivateFrameworks/CoreSymbolication.framework/Versions/A/CoreSymbolication
0x0000000003456000 	/System/Library/PrivateFrameworks/Symbolication.framework/Versions/A/Symbolication
0x0000000003456000 	/System/Library/PrivateFrameworks/SpeechRecognitionCore.framework/Versions/A/SpeechRecognitionCore
0x0000000101c00000 	/Library/Java/JavaVirtualMachines/jdk1.8.0_20.jdk/Contents/Home/jre/lib/server/libjvm.dylib
0x0000000003456000 	/usr/lib/libstdc++.6.dylib
0x0000000102b1b000 	/Library/Java/JavaVirtualMachines/jdk1.8.0_20.jdk/Contents/Home/jre/lib/libverify.dylib
0x0000000102b29000 	/Library/Java/JavaVirtualMachines/jdk1.8.0_20.jdk/Contents/Home/jre/lib/libjava.dylib
0x0000000102b65000 	/Library/Java/JavaVirtualMachines/jdk1.8.0_20.jdk/Contents/Home/jre/lib/libzip.dylib
0x0000000116679000 	/System/Library/Frameworks/JavaVM.framework/Frameworks/JavaRuntimeSupport.framework/JavaRuntimeSupport
0x0000000116691000 	/System/Library/Frameworks/JavaVM.framework/Versions/A/Frameworks/JavaNativeFoundation.framework/Versions/A/JavaNativeFoundation
0x00000001166a6000 	/System/Library/Frameworks/JavaVM.framework/Versions/A/JavaVM
0x0000000003456000 	/System/Library/Frameworks/Carbon.framework/Versions/A/Carbon
0x00000001166b3000 	/System/Library/PrivateFrameworks/JavaLaunching.framework/Versions/A/JavaLaunching
0x0000000003456000 	/System/Library/Frameworks/Carbon.framework/Versions/A/Frameworks/CommonPanels.framework/Versions/A/CommonPanels
0x0000000003456000 	/System/Library/Frameworks/Carbon.framework/Versions/A/Frameworks/Help.framework/Versions/A/Help
0x0000000003456000 	/System/Library/Frameworks/Carbon.framework/Versions/A/Frameworks/ImageCapture.framework/Versions/A/ImageCapture
0x0000000003456000 	/System/Library/Frameworks/Carbon.framework/Versions/A/Frameworks/OpenScripting.framework/Versions/A/OpenScripting
0x0000000003456000 	/System/Library/Frameworks/Carbon.framework/Versions/A/Frameworks/Print.framework/Versions/A/Print
0x0000000003456000 	/System/Library/Frameworks/Carbon.framework/Versions/A/Frameworks/SecurityHI.framework/Versions/A/SecurityHI
0x0000000118532000 	/Library/Java/JavaVirtualMachines/jdk1.8.0_20.jdk/Contents/Home/jre/lib/libawt.dylib
0x00000001185e1000 	/Library/Java/JavaVirtualMachines/jdk1.8.0_20.jdk/Contents/Home/jre/lib/./libmlib_image.dylib
0x00000001186ad000 	/Library/Java/JavaVirtualMachines/jdk1.8.0_20.jdk/Contents/Home/jre/lib/libawt_lwawt.dylib
0x0000000118760000 	/Library/Java/JavaVirtualMachines/jdk1.8.0_20.jdk/Contents/Home/jre/lib/./libosxapp.dylib
0x0000000003456000 	/System/Library/Frameworks/ExceptionHandling.framework/Versions/A/ExceptionHandling
0x0000000003456000 	/System/Library/PrivateFrameworks/CoreServicesInternal.framework/Versions/A/CoreServicesInternal
0x0000000003456000 	/System/Library/PrivateFrameworks/CloudDocs.framework/Versions/A/CloudDocs
0x0000000003456000 	/System/Library/PrivateFrameworks/CoreDuet.framework/Versions/A/CoreDuet
0x0000000003456000 	/System/Library/Frameworks/CloudKit.framework/Versions/A/CloudKit
0x0000000003456000 	/System/Library/PrivateFrameworks/ProtocolBuffer.framework/Versions/A/ProtocolBuffer
0x0000000003456000 	/System/Library/PrivateFrameworks/CoreDuetDaemonProtocol.framework/Versions/A/CoreDuetDaemonProtocol
0x0000000003456000 	/System/Library/PrivateFrameworks/CoreDuetDebugLogging.framework/Versions/A/CoreDuetDebugLogging
0x0000000003456000 	/System/Library/Frameworks/CoreLocation.framework/Versions/A/CoreLocation
0x0000000003456000 	/System/Library/Frameworks/Accounts.framework/Versions/A/Accounts
0x0000000003456000 	/System/Library/PrivateFrameworks/ApplePushService.framework/Versions/A/ApplePushService
0x0000000003456000 	/System/Library/PrivateFrameworks/GeoServices.framework/Versions/A/GeoServices
0x0000000003456000 	/System/Library/PrivateFrameworks/OAuth.framework/Versions/A/OAuth
0x0000000003456000 	/System/Library/PrivateFrameworks/CoreDaemon.framework/Versions/B/CoreDaemon
0x0000000003456000 	/usr/lib/libcrypto.0.9.8.dylib
0x0000000003456000 	/System/Library/PrivateFrameworks/AppleSRP.framework/Versions/A/AppleSRP
0x0000000003456000 	/System/Library/PrivateFrameworks/TrustEvaluationAgent.framework/Versions/A/TrustEvaluationAgent
0x0000000003456000 	/System/Library/Frameworks/CoreGraphics.framework/Versions/A/Resources/libCGCMS.A.dylib
0x0000000003456000 	/System/Library/Frameworks/CoreGraphics.framework/Versions/A/Resources/libRIP.A.dylib
0x0000000003456000 	/System/Library/Frameworks/CoreGraphics.framework/Versions/A/Resources/libCGXType.A.dylib
0x0000000003456000 	/System/Library/Frameworks/OpenCL.framework/Versions/A/Libraries/libcldcpuengine.dylib
0x0000000003456000 	/System/Library/PrivateFrameworks/DiskImages.framework/Versions/A/DiskImages
0x0000000003456000 	/System/Library/Frameworks/DiscRecording.framework/Versions/A/DiscRecording
0x0000000003456000 	/usr/lib/libcsfde.dylib
0x0000000003456000 	/usr/lib/libcurl.4.dylib
0x0000000003456000 	/System/Library/PrivateFrameworks/MediaKit.framework/Versions/A/MediaKit
0x0000000003456000 	/System/Library/PrivateFrameworks/ProtectedCloudStorage.framework/Versions/A/ProtectedCloudStorage
0x0000000003456000 	/usr/lib/libCoreStorage.dylib
0x0000000003456000 	/System/Library/PrivateFrameworks/EFILogin.framework/Versions/A/EFILogin
0x0000000003456000 	/usr/lib/libutil.dylib
0x0000000003456000 	/System/Library/PrivateFrameworks/FindMyDevice.framework/Versions/A/FindMyDevice
0x0000000003456000 	/System/Library/Frameworks/LDAP.framework/Versions/A/LDAP
0x0000000003456000 	/usr/lib/libsasl2.2.dylib
0x000000011b346000 	cl_kernels
0x000000011b348000 	/System/Library/Frameworks/OpenCL.framework/Versions/A/Libraries/ImageFormats/unorm8_bgra.dylib
0x000000011b337000 	cl_kernels
0x0000000003456000 	/System/Library/PrivateFrameworks/FamilyControls.framework/Versions/A/FamilyControls
0x0000000003456000 	/System/Library/PrivateFrameworks/CommerceKit.framework/Versions/A/Frameworks/CommerceCore.framework/Versions/A/CommerceCore
0x0000000003456000 	/System/Library/PrivateFrameworks/SystemAdministration.framework/Versions/A/SystemAdministration
0x0000000003456000 	/System/Library/PrivateFrameworks/AppContainer.framework/Versions/A/AppContainer
0x0000000003456000 	/System/Library/PrivateFrameworks/SecCodeWrapper.framework/Versions/A/SecCodeWrapper
0x0000000003456000 	/System/Library/Frameworks/DirectoryService.framework/Versions/A/DirectoryService
0x0000000003456000 	/System/Library/PrivateFrameworks/LoginUIKit.framework/Versions/A/Frameworks/LoginUICore.framework/Versions/A/LoginUICore
0x0000000003456000 	/usr/lib/libodfde.dylib
0x000000011c50d000 	/Library/Java/JavaVirtualMachines/jdk1.8.0_20.jdk/Contents/Home/jre/lib/libfontmanager.dylib
0x000000011c573000 	/Users/lthysellsundqvist/Downloads/lwjgl-2.9.3 3/native/macosx/liblwjgl.dylib
0x000000011a875000 	/Library/Java/JavaVirtualMachines/jdk1.8.0_20.jdk/Contents/Home/jre/lib/libjawt.dylib
0x0000000003456000 	/System/Library/Frameworks/OpenGL.framework/Versions/A/Resources/GLEngine.bundle/GLEngine
0x0000000003456000 	/System/Library/Frameworks/OpenGL.framework/Versions/A/Libraries/libGLProgrammability.dylib
0x0000000000000000 	/System/Library/Extensions/AppleIntelHD5000GraphicsGLDriver.bundle/Contents/MacOS/AppleIntelHD5000GraphicsGLDriver
0x0000000003456000 	/System/Library/PrivateFrameworks/IOAccelerator.framework/Versions/A/IOAccelerator
0x0000000003456000 	/System/Library/PrivateFrameworks/GPUSupport.framework/Versions/A/Libraries/libGPUSupportMercury.dylib
0x0000000003456000 	/System/Library/Frameworks/OpenGL.framework/Versions/A/Resources/GLRendererFloat.bundle/GLRendererFloat
0x000000011cf8a000 	/Users/lthysellsundqvist/Downloads/lwjgl-2.9.3 3/native/macosx/libjinput-osx.dylib
0x000000011cf8f000 	/System/Library/Extensions/IOHIDFamily.kext/Contents/PlugIns/IOHIDLib.plugin/Contents/MacOS/IOHIDLib

VM Arguments:
jvm_args: -Djava.library.path=/Users/lthysellsundqvist/Downloads/lwjgl-2.9.3 3/native/macosx -Dfile.encoding=UTF-8 
java_command: Game
java_class_path (initial): /Users/lthysellsundqvist/Documents/GitHub/ProjektetInda_2D/bin:/Users/lthysellsundqvist/Downloads/lwjgl-2.9.3 3/jar/jinput.jar:/Users/lthysellsundqvist/Downloads/lwjgl-2.9.3 3/jar/lwjgl.jar:/Users/lthysellsundqvist/Downloads/lwjgl-2.9.3 3/jar/lwjgl_test.jar:/Users/lthysellsundqvist/Downloads/lwjgl-2.9.3 3/jar/lwjgl_util.jar:/Users/lthysellsundqvist/Downloads/lwjgl-2.9.3 3/jar/lwjgl_util_applet.jar:/Users/lthysellsundqvist/Downloads/slick/lib/slick.jar
Launcher Type: SUN_STANDARD

Environment Variables:
PATH=/usr/bin:/bin:/usr/sbin:/sbin
SHELL=/bin/bash
DISPLAY=/private/tmp/com.apple.launchd.0KAoCFWDZO/org.macosforge.xquartz:0

Signal Handlers:
SIGSEGV: [libjvm.dylib+0x578fd7], sa_mask[0]=11111111011111110111111111111111, sa_flags=SA_ONSTACK|SA_RESTART|SA_SIGINFO
SIGBUS: [libjvm.dylib+0x578fd7], sa_mask[0]=11111111011111110111111111111111, sa_flags=SA_RESTART|SA_SIGINFO
SIGFPE: [libjvm.dylib+0x45ab0c], sa_mask[0]=11111111011111110111111111111111, sa_flags=SA_RESTART|SA_SIGINFO
SIGPIPE: [libjvm.dylib+0x45ab0c], sa_mask[0]=11111111011111110111111111111111, sa_flags=SA_RESTART|SA_SIGINFO
SIGXFSZ: [libjvm.dylib+0x45ab0c], sa_mask[0]=11111111011111110111111111111111, sa_flags=SA_RESTART|SA_SIGINFO
SIGILL: [libjvm.dylib+0x45ab0c], sa_mask[0]=11111111011111110111111111111111, sa_flags=SA_RESTART|SA_SIGINFO
SIGUSR1: SIG_DFL, sa_mask[0]=00000000000000000000000000000000, sa_flags=none
SIGUSR2: [libjvm.dylib+0x45a62a], sa_mask[0]=00100000000000000000000000000000, sa_flags=SA_RESTART|SA_SIGINFO
SIGHUP: [libjvm.dylib+0x458bfd], sa_mask[0]=11111111011111110111111111111111, sa_flags=SA_RESTART|SA_SIGINFO
SIGINT: [libjvm.dylib+0x458bfd], sa_mask[0]=11111111011111110111111111111111, sa_flags=SA_RESTART|SA_SIGINFO
SIGTERM: [libjvm.dylib+0x458bfd], sa_mask[0]=11111111011111110111111111111111, sa_flags=SA_RESTART|SA_SIGINFO
SIGQUIT: [libjvm.dylib+0x458bfd], sa_mask[0]=11111111011111110111111111111111, sa_flags=SA_RESTART|SA_SIGINFO


---------------  S Y S T E M  ---------------

OS:Bsduname:Darwin 14.1.0 Darwin Kernel Version 14.1.0: Thu Feb 26 19:26:47 PST 2015; root:xnu-2782.10.73~1/RELEASE_X86_64 x86_64
rlimit: STACK 8192k, CORE 0k, NPROC 709, NOFILE 10240, AS infinity
load average:2.19 2.11 1.98

CPU:total 4 (2 cores per cpu, 2 threads per core) family 6 model 69 stepping 1, cmov, cx8, fxsr, mmx, sse, sse2, sse3, ssse3, sse4.1, sse4.2, popcnt, avx, avx2, aes, clmul, erms, lzcnt, ht, tsc, tscinvbit, bmi1, bmi2

Memory: 4k page, physical 4194304k(108516k free)

/proc/meminfo:


vm_info: Java HotSpot(TM) 64-Bit Server VM (25.20-b23) for bsd-amd64 JRE (1.8.0_20-b26), built on Jul 30 2014 13:37:47 by "java_re" with gcc 4.2.1 (Based on Apple Inc. build 5658) (LLVM build 2336.9.00)

time: Wed May 13 15:19:40 2015
elapsed time: 51 seconds (0d 0h 0m 51s)

