#
# A fatal error has been detected by the Java Runtime Environment:
#
#  SIGSEGV (0xb) at pc=0x00007fff90a048f2, pid=565, tid=1811
#
# JRE version: Java(TM) SE Runtime Environment (8.0_20-b26) (build 1.8.0_20-b26)
# Java VM: Java HotSpot(TM) 64-Bit Server VM (25.20-b23 mixed mode bsd-amd64 compressed oops)
# Problematic frame:
# C  [libGPUSupportMercury.dylib+0xb8f2]  gldAttachDrawable+0x60
#
# Failed to write core dump. Core dumps have been disabled. To enable core dumping, try "ulimit -c unlimited" before starting Java again
#
# If you would like to submit a bug report, please visit:
#   http://bugreport.sun.com/bugreport/crash.jsp
# The crash happened outside the Java Virtual Machine in native code.
# See problematic frame for where to report the bug.
#

---------------  T H R E A D  ---------------

Current thread (0x00007fe10a865800):  JavaThread "AppKit Thread" daemon [_thread_in_native, id=1811, stack(0x00007fff509cb000,0x00007fff511cb000)]

siginfo: si_signo: 11 (SIGSEGV), si_code: 0 (unknown), si_addr: 0x0000000000000000

Registers:
RAX=0x9000000000000000, RBX=0x000000000000271e, RCX=0x0000000000000000, RDX=0x00007fe1094663c8
RSP=0x00007fff511c4700, RBP=0x00007fff511c4800, RSI=0x0000000000000050, RDI=0x00007fff75658070
R8 =0x00007fe10c00a460, R9 =0x00007fe10c000000, R10=0x000000000000003c, R11=0x0000000000000206
R12=0x0000000000002718, R13=0x00007fe10a9e8400, R14=0x0000000000000050, R15=0x0000000000000000
RIP=0x00007fff90a048f2, EFLAGS=0x0000000000010212, ERR=0x0000000000000000
  TRAPNO=0x000000000000000d

Top of Stack: (sp=0x00007fff511c4700)
0x00007fff511c4700:   00007fff511c4774 00007fe109643960
0x00007fff511c4710:   ffffffffffffffff 0000206000000040
0x00007fff511c4720:   00007fe109643978 00007fff8521664f
0x00007fff511c4730:   0000000000000000 9000000000000000
0x00007fff511c4740:   0000000300000003 00007fff511c4888
0x00007fff511c4750:   00007fff511c4814 0000000000019b07
0x00007fff511c4760:   00007fff511c480c 00007fff511c4810
0x00007fff511c4770:   00007fff511c47f0 00007fff86f6af1e
0x00007fff511c4780:   0000000000000000 000000000000030e
0x00007fff511c4790:   0000003400001200 0000040b00000000
0x00007fff511c47a0:   00007fff511c47d0 00007fff86f1d2fe
0x00007fff511c47b0:   00007fff511c4848 000000000000030e
0x00007fff511c47c0:   00007fff511c4800 000000001cc367c9
0x00007fff511c47d0:   8800b7b5af7050d4 00007fe10c000600
0x00007fff511c47e0:   0000000000002718 0000000000000000
0x00007fff511c47f0:   0000000000000050 0000000000000000
0x00007fff511c4800:   00007fff511c4850 00007fff8478d7e8
0x00007fff511c4810:   00007fe10c00a460 0000000000000000
0x00007fff511c4820:   00007fe1094663c8 00007fe109740c90
0x00007fff511c4830:   0000000000000000 00007fe10a9e6350
0x00007fff511c4840:   00007fe10a9e4400 00007fff75658070
0x00007fff511c4850:   00007fff511c4940 00007fff8b75b7ac
0x00007fff511c4860:   4088000000000000 4069600000000000
0x00007fff511c4870:   4045000000000000 408e000000000000
0x00007fff511c4880:   4084b00000000000 0000000000000000
0x00007fff511c4890:   4036000000000000 408e000000000000
0x00007fff511c48a0:   4084000000000000 0000000000000000
0x00007fff511c48b0:   0000000000000000 0000000000000001
0x00007fff511c48c0:   00007fe1094663c8 0000000000000001
0x00007fff511c48d0:   00007fff511c4940 00007fff8b76064c
0x00007fff511c48e0:   0000000100000003 00007fe10a9e6350
0x00007fff511c48f0:   00007fe10a9e6288 000000028922ffff 

Instructions: (pc=0x00007fff90a048f2)
0x00007fff90a048d2:   48 85 d2 b8 01 00 00 00 bb 15 27 00 00 0f 44 d8
0x00007fff90a048e2:   e9 7f 01 00 00 49 8b 45 08 48 89 85 38 ff ff ff
0x00007fff90a048f2:   48 8b 00 48 89 85 30 ff ff ff 83 fe 4f 0f 8f fd
0x00007fff90a04902:   00 00 00 48 89 d0 bb 15 27 00 00 83 fe 35 0f 84 

Register to memory mapping:

RAX=0x9000000000000000 is an unknown value
RBX=0x000000000000271e is an unknown value
RCX=0x0000000000000000 is an unknown value
RDX=0x00007fe1094663c8 is an unknown value
RSP=0x00007fff511c4700 is pointing into the stack for thread: 0x00007fe10a865800
RBP=0x00007fff511c4800 is pointing into the stack for thread: 0x00007fe10a865800
RSI=0x0000000000000050 is an unknown value
RDI=0x00007fff75658070: __stack_chk_guard+0 in /usr/lib/system/libsystem_c.dylib at 0x00007fff90be4000
R8 =0x00007fe10c00a460 is an unknown value
R9 =0x00007fe10c000000 is an unknown value
R10=0x000000000000003c is an unknown value
R11=0x0000000000000206 is an unknown value
R12=0x0000000000002718 is an unknown value
R13=0x00007fe10a9e8400 is an unknown value
R14=0x0000000000000050 is an unknown value
R15=0x0000000000000000 is an unknown value


Stack: [0x00007fff509cb000,0x00007fff511cb000],  sp=0x00007fff511c4700,  free space=8165k
Native frames: (J=compiled Java code, j=interpreted, Vv=VM code, C=native code)
C  [libGPUSupportMercury.dylib+0xb8f2]  gldAttachDrawable+0x60
C  [GLEngine+0x167e8]  gliAttachDrawableWithOptions+0x101
C  [OpenGL+0x37ac]  glcGetIOAccelService+0xe03
C  [OpenGL+0x73f3]  CGLSetPBuffer+0xb90
C  [OpenGL+0x7716]  CGLSetSurface+0x124
C  [AppKit+0x57e567]  NSOpenGLContextAttachOnScreenViewSurface+0x109
C  [AppKit+0x2c669b]  -[NSOpenGLContext setView:]+0x83
C  [liblwjgl.dylib+0xa586]  -[MacOSXOpenGLView lockFocus]+0x76
C  [AppKit+0x14e3c5]  -[NSView _recursiveDisplayRectIfNeededIgnoringOpacity:isVisibleRect:rectIsVisibleRectForView:topView:]+0x740
C  [AppKit+0x14f420]  -[NSView _recursiveDisplayRectIfNeededIgnoringOpacity:isVisibleRect:rectIsVisibleRectForView:topView:]+0x179b
C  [AppKit+0x14d773]  -[NSThemeFrame _recursiveDisplayRectIfNeededIgnoringOpacity:isVisibleRect:rectIsVisibleRectForView:topView:]+0x14d
C  [AppKit+0x14a2cb]  -[NSView _displayRectIgnoringOpacity:isVisibleRect:rectIsVisibleRectForView:]+0xac9
C  [AppKit+0x128e2d]  -[NSView displayIfNeeded]+0x754
C  [AppKit+0x1461c5]  -[NSWindow displayIfNeeded]+0xe8
C  [AppKit+0x183322]  _handleWindowNeedsDisplayOrLayoutOrUpdateConstraints+0x3a8
C  [Foundation+0x66db3]  __NSFireTimer+0x5f
C  [CoreFoundation+0xb5b64]  __CFRUNLOOP_IS_CALLING_OUT_TO_A_TIMER_CALLBACK_FUNCTION__+0x14
C  [CoreFoundation+0xb57f3]  __CFRunLoopDoTimer+0x423
C  [CoreFoundation+0x128dbd]  __CFRunLoopDoTimers+0x12d
C  [CoreFoundation+0x72288]  __CFRunLoopRun+0x7e8
C  [CoreFoundation+0x71858]  CFRunLoopRunSpecific+0x128
C  [HIToolbox+0x2eaef]  RunCurrentEventLoopInMode+0xeb
C  [HIToolbox+0x2e86a]  ReceiveNextEventCommon+0x1af
C  [HIToolbox+0x2e6ab]  _BlockUntilNextEventMatchingListInModeWithFilter+0x47
C  [AppKit+0x23f81]  _DPSNextEvent+0x3c4
C  [AppKit+0x23730]  -[NSApplication nextEventMatchingMask:untilDate:inMode:dequeue:]+0xc2
C  [libosxapp.dylib+0x242a]  -[NSApplicationAWT nextEventMatchingMask:untilDate:inMode:dequeue:]+0x7c
C  [AppKit+0x17593]  -[NSApplication run]+0x252
C  [libosxapp.dylib+0x223e]  +[NSApplicationAWT runAWTLoopWithApp:]+0x9c
C  [libawt_lwawt.dylib+0x4494f]  -[AWTStarter starter:]+0x389
C  [Foundation+0x65cdc]  __NSThreadPerformPerform+0x125
C  [CoreFoundation+0x80681]  __CFRUNLOOP_IS_CALLING_OUT_TO_A_SOURCE0_PERFORM_FUNCTION__+0x11
C  [CoreFoundation+0x7280d]  __CFRunLoopDoSources0+0x10d
C  [CoreFoundation+0x71e3f]  __CFRunLoopRun+0x39f
C  [CoreFoundation+0x71858]  CFRunLoopRunSpecific+0x128
C  [java+0x56cc]  CreateExecutionEnvironment+0x367
C  [java+0x165c]  JLI_Launch+0x7a0
C  [java+0x768a]  main+0x65
C  [java+0xeb4]  start+0x34
C  0x0000000000000006


---------------  P R O C E S S  ---------------

Java Threads: ( => current thread )
  0x00007fe10a921800 JavaThread "AWT-Shutdown" [_thread_blocked, id=28959, stack(0x00000001273f2000,0x00000001274f2000)]
  0x00007fe10b076000 JavaThread "Timer-0" [_thread_blocked, id=25371, stack(0x0000000129e4c000,0x0000000129f4c000)]
=>0x00007fe10a865800 JavaThread "AppKit Thread" daemon [_thread_in_native, id=1811, stack(0x00007fff509cb000,0x00007fff511cb000)]
  0x00007fe10b01b000 JavaThread "Service Thread" daemon [_thread_blocked, id=18435, stack(0x0000000125b1d000,0x0000000125c1d000)]
  0x00007fe10a03b800 JavaThread "C1 CompilerThread2" daemon [_thread_blocked, id=17923, stack(0x0000000125a1a000,0x0000000125b1a000)]
  0x00007fe10a03a800 JavaThread "C2 CompilerThread1" daemon [_thread_blocked, id=17411, stack(0x0000000125917000,0x0000000125a17000)]
  0x00007fe10a811000 JavaThread "C2 CompilerThread0" daemon [_thread_blocked, id=16899, stack(0x0000000125814000,0x0000000125914000)]
  0x00007fe10a810000 JavaThread "Signal Dispatcher" daemon [_thread_blocked, id=13843, stack(0x0000000125711000,0x0000000125811000)]
  0x00007fe10b016000 JavaThread "Finalizer" daemon [_thread_blocked, id=12035, stack(0x0000000123dcb000,0x0000000123ecb000)]
  0x00007fe10b015000 JavaThread "Reference Handler" daemon [_thread_blocked, id=11523, stack(0x0000000123cc8000,0x0000000123dc8000)]
  0x00007fe109806000 JavaThread "main" [_thread_in_native, id=5379, stack(0x000000011031c000,0x000000011041c000)]

Other Threads:
  0x00007fe10b010800 VMThread [stack: 0x0000000123bc5000,0x0000000123cc5000] [id=11011]
  0x00007fe10b017800 WatcherThread [stack: 0x0000000125c20000,0x0000000125d20000] [id=18947]

VM state:not at safepoint (normal execution)

VM Mutex/Monitor currently owned by a thread: None

Heap:
 PSYoungGen      total 18944K, used 5494K [0x00000007aab00000, 0x00000007ac000000, 0x00000007c0000000)
  eden space 16384K, 18% used [0x00000007aab00000,0x00000007aade38d8,0x00000007abb00000)
  from space 2560K, 99% used [0x00000007abb00000,0x00000007abd7a148,0x00000007abd80000)
  to   space 2560K, 0% used [0x00000007abd80000,0x00000007abd80000,0x00000007ac000000)
 ParOldGen       total 44032K, used 2649K [0x0000000780000000, 0x0000000782b00000, 0x00000007aab00000)
  object space 44032K, 6% used [0x0000000780000000,0x0000000780296690,0x0000000782b00000)
 Metaspace       used 7128K, capacity 7273K, committed 7424K, reserved 1056768K
  class space    used 715K, capacity 759K, committed 768K, reserved 1048576K

Card table byte_map: [0x000000011f7de000,0x000000011f9df000] byte_map_base: 0x000000011bbde000

Marking Bits: (ParMarkBitMap*) 0x000000010fc9c330
 Begin Bits: [0x000000011ff41000, 0x0000000120f41000)
 End Bits:   [0x0000000120f41000, 0x0000000121f41000)

Polling page: 0x000000010eb8c000

CodeCache: size=245760Kb used=3529Kb max_used=3529Kb free=242230Kb
 bounds [0x000000011041e000, 0x000000011079e000, 0x000000011f41e000]
 total_blobs=1301 nmethods=908 adapters=308
 compilation: enabled

Compilation events (10 events):
Event: 48.178 Thread 0x00007fe10a811000  904       4       java.util.HashMap$KeyIterator::next (8 bytes)
Event: 48.184 Thread 0x00007fe10a811000 nmethod 904 0x0000000110785dd0 code [0x0000000110785f20, 0x0000000110786198]
Event: 49.046 Thread 0x00007fe10a03a800  905       4       java.lang.StringBuilder::append (8 bytes)
Event: 49.047 Thread 0x00007fe10a03a800 nmethod 905 0x0000000110786fd0 code [0x0000000110787120, 0x00000001107871a8]
Event: 49.077 Thread 0x00007fe10a03b800  906       3       DeathScreen::update (56 bytes)
Event: 49.079 Thread 0x00007fe10a03b800 nmethod 906 0x0000000110790790 code [0x00000001107909c0, 0x0000000110791968]
Event: 49.079 Thread 0x00007fe10a03b800  907       3       DeathScreen::render (82 bytes)
Event: 49.082 Thread 0x00007fe10a03b800 nmethod 907 0x00000001107920d0 code [0x00000001107924e0, 0x0000000110794258]
Event: 50.161 Thread 0x00007fe10a03b800  908       1       java.util.HashMap$Node::getValue (5 bytes)
Event: 50.161 Thread 0x00007fe10a03b800 nmethod 908 0x000000011078abd0 code [0x000000011078ad20, 0x000000011078ae30]

GC Heap History (2 events):
Event: 25.829 GC heap before
{Heap before GC invocations=1 (full 0):
 PSYoungGen      total 18944K, used 16384K [0x00000007aab00000, 0x00000007ac000000, 0x00000007c0000000)
  eden space 16384K, 100% used [0x00000007aab00000,0x00000007abb00000,0x00000007abb00000)
  from space 2560K, 0% used [0x00000007abd80000,0x00000007abd80000,0x00000007ac000000)
  to   space 2560K, 0% used [0x00000007abb00000,0x00000007abb00000,0x00000007abd80000)
 ParOldGen       total 44032K, used 0K [0x0000000780000000, 0x0000000782b00000, 0x00000007aab00000)
  object space 44032K, 0% used [0x0000000780000000,0x0000000780000000,0x0000000782b00000)
 Metaspace       used 7098K, capacity 7209K, committed 7424K, reserved 1056768K
  class space    used 715K, capacity 759K, committed 768K, reserved 1048576K
Event: 25.840 GC heap after
Heap after GC invocations=1 (full 0):
 PSYoungGen      total 18944K, used 2536K [0x00000007aab00000, 0x00000007ac000000, 0x00000007c0000000)
  eden space 16384K, 0% used [0x00000007aab00000,0x00000007aab00000,0x00000007abb00000)
  from space 2560K, 99% used [0x00000007abb00000,0x00000007abd7a148,0x00000007abd80000)
  to   space 2560K, 0% used [0x00000007abd80000,0x00000007abd80000,0x00000007ac000000)
 ParOldGen       total 44032K, used 2649K [0x0000000780000000, 0x0000000782b00000, 0x00000007aab00000)
  object space 44032K, 6% used [0x0000000780000000,0x0000000780296690,0x0000000782b00000)
 Metaspace       used 7098K, capacity 7209K, committed 7424K, reserved 1056768K
  class space    used 715K, capacity 759K, committed 768K, reserved 1048576K
}

Deoptimization events (0 events):
No events

Internal exceptions (10 events):
Event: 1.261 Thread 0x00007fe109806000 Exception <a 'java/security/PrivilegedActionException'> (0x00000007ab886db8) thrown at [/HUDSON3/workspace/8-2-build-macosx-x86_64/jdk8u20/1074/hotspot/src/share/vm/prims/jvm.cpp, line 1275]
Event: 1.261 Thread 0x00007fe109806000 Exception <a 'java/security/PrivilegedActionException'> (0x00000007ab888d98) thrown at [/HUDSON3/workspace/8-2-build-macosx-x86_64/jdk8u20/1074/hotspot/src/share/vm/prims/jvm.cpp, line 1275]
Event: 1.262 Thread 0x00007fe109806000 Exception <a 'java/security/PrivilegedActionException'> (0x00000007ab88b6d8) thrown at [/HUDSON3/workspace/8-2-build-macosx-x86_64/jdk8u20/1074/hotspot/src/share/vm/prims/jvm.cpp, line 1275]
Event: 1.262 Thread 0x00007fe109806000 Exception <a 'java/security/PrivilegedActionException'> (0x00000007ab88ea00) thrown at [/HUDSON3/workspace/8-2-build-macosx-x86_64/jdk8u20/1074/hotspot/src/share/vm/prims/jvm.cpp, line 1275]
Event: 1.263 Thread 0x00007fe109806000 Exception <a 'java/security/PrivilegedActionException'> (0x00000007ab896bd8) thrown at [/HUDSON3/workspace/8-2-build-macosx-x86_64/jdk8u20/1074/hotspot/src/share/vm/prims/jvm.cpp, line 1275]
Event: 1.267 Thread 0x00007fe109806000 Exception <a 'java/security/PrivilegedActionException'> (0x00000007ab8b42d8) thrown at [/HUDSON3/workspace/8-2-build-macosx-x86_64/jdk8u20/1074/hotspot/src/share/vm/prims/jvm.cpp, line 1275]
Event: 1.269 Thread 0x00007fe109806000 Exception <a 'java/security/PrivilegedActionException'> (0x00000007ab8bc720) thrown at [/HUDSON3/workspace/8-2-build-macosx-x86_64/jdk8u20/1074/hotspot/src/share/vm/prims/jvm.cpp, line 1275]
Event: 1.272 Thread 0x00007fe109806000 Exception <a 'java/security/PrivilegedActionException'> (0x00000007ab8c1480) thrown at [/HUDSON3/workspace/8-2-build-macosx-x86_64/jdk8u20/1074/hotspot/src/share/vm/prims/jvm.cpp, line 1275]
Event: 1.273 Thread 0x00007fe109806000 Exception <a 'java/security/PrivilegedActionException'> (0x00000007ab8c60f0) thrown at [/HUDSON3/workspace/8-2-build-macosx-x86_64/jdk8u20/1074/hotspot/src/share/vm/prims/jvm.cpp, line 1275]
Event: 3.801 Thread 0x00007fe109806000 Exception <a 'java/security/PrivilegedActionException'> (0x00000007ab8ee718) thrown at [/HUDSON3/workspace/8-2-build-macosx-x86_64/jdk8u20/1074/hotspot/src/share/vm/prims/jvm.cpp, line 1275]

Events (10 events):
Event: 46.210 Executing VM operation: RevokeBias
Event: 46.210 Executing VM operation: RevokeBias done
Event: 46.210 Thread 0x00007fe10a921800 Thread exited: 0x00007fe10a921800
Event: 48.273 Thread 0x00007fe10a921800 Thread added: 0x00007fe10a921800
Event: 49.276 Executing VM operation: RevokeBias
Event: 49.276 Executing VM operation: RevokeBias done
Event: 49.276 Thread 0x00007fe10a921800 Thread exited: 0x00007fe10a921800
Event: 49.304 Thread 0x00007fe10a921800 Thread added: 0x00007fe10a921800
Event: 50.582 loading class org/lwjgl/opengl/CallbackUtil
Event: 50.582 loading class org/lwjgl/opengl/CallbackUtil done


Dynamic libraries:
0x0000000003456000 	/System/Library/Frameworks/Cocoa.framework/Versions/A/Cocoa
0x0000000003456000 	/System/Library/Frameworks/Security.framework/Versions/A/Security
0x0000000003456000 	/System/Library/Frameworks/ApplicationServices.framework/Versions/A/ApplicationServices
0x0000000003456000 	/usr/lib/libz.1.dylib
0x0000000003456000 	/usr/lib/libSystem.B.dylib
0x0000000003456000 	/usr/lib/libobjc.A.dylib
0x0000000003456000 	/System/Library/Frameworks/CoreFoundation.framework/Versions/A/CoreFoundation
0x0000000003456000 	/System/Library/Frameworks/Foundation.framework/Versions/C/Foundation
0x0000000003456000 	/System/Library/Frameworks/AppKit.framework/Versions/C/AppKit
0x0000000003456000 	/System/Library/Frameworks/CoreData.framework/Versions/A/CoreData
0x0000000003456000 	/System/Library/PrivateFrameworks/RemoteViewServices.framework/Versions/A/RemoteViewServices
0x0000000003456000 	/System/Library/PrivateFrameworks/UIFoundation.framework/Versions/A/UIFoundation
0x0000000003456000 	/System/Library/Frameworks/IOSurface.framework/Versions/A/IOSurface
0x0000000003456000 	/System/Library/Frameworks/AudioToolbox.framework/Versions/A/AudioToolbox
0x0000000003456000 	/System/Library/Frameworks/AudioUnit.framework/Versions/A/AudioUnit
0x0000000003456000 	/System/Library/PrivateFrameworks/DataDetectorsCore.framework/Versions/A/DataDetectorsCore
0x0000000003456000 	/System/Library/PrivateFrameworks/DesktopServicesPriv.framework/Versions/A/DesktopServicesPriv
0x0000000003456000 	/System/Library/Frameworks/Carbon.framework/Versions/A/Frameworks/HIToolbox.framework/Versions/A/HIToolbox
0x0000000003456000 	/System/Library/Frameworks/QuartzCore.framework/Versions/A/QuartzCore
0x0000000003456000 	/System/Library/Frameworks/Carbon.framework/Versions/A/Frameworks/SpeechRecognition.framework/Versions/A/SpeechRecognition
0x0000000003456000 	/usr/lib/libauto.dylib
0x0000000003456000 	/usr/lib/libicucore.A.dylib
0x0000000003456000 	/usr/lib/libxml2.2.dylib
0x0000000003456000 	/System/Library/PrivateFrameworks/CoreUI.framework/Versions/A/CoreUI
0x0000000003456000 	/System/Library/Frameworks/CoreAudio.framework/Versions/A/CoreAudio
0x0000000003456000 	/System/Library/Frameworks/DiskArbitration.framework/Versions/A/DiskArbitration
0x0000000003456000 	/usr/lib/liblangid.dylib
0x0000000003456000 	/System/Library/PrivateFrameworks/MultitouchSupport.framework/Versions/A/MultitouchSupport
0x0000000003456000 	/System/Library/Frameworks/IOKit.framework/Versions/A/IOKit
0x0000000003456000 	/usr/lib/libDiagnosticMessagesClient.dylib
0x0000000003456000 	/System/Library/Frameworks/CoreServices.framework/Versions/A/CoreServices
0x0000000003456000 	/System/Library/PrivateFrameworks/PerformanceAnalysis.framework/Versions/A/PerformanceAnalysis
0x0000000003456000 	/System/Library/PrivateFrameworks/GenerationalStorage.framework/Versions/A/GenerationalStorage
0x0000000003456000 	/System/Library/Frameworks/OpenGL.framework/Versions/A/OpenGL
0x0000000003456000 	/System/Library/PrivateFrameworks/Sharing.framework/Versions/A/Sharing
0x0000000003456000 	/System/Library/Frameworks/CoreGraphics.framework/Versions/A/CoreGraphics
0x0000000003456000 	/System/Library/Frameworks/CoreText.framework/Versions/A/CoreText
0x0000000003456000 	/System/Library/Frameworks/ImageIO.framework/Versions/A/ImageIO
0x0000000003456000 	/usr/lib/libextension.dylib
0x0000000003456000 	/System/Library/PrivateFrameworks/Backup.framework/Versions/A/Backup
0x0000000003456000 	/usr/lib/libarchive.2.dylib
0x0000000003456000 	/System/Library/Frameworks/CFNetwork.framework/Versions/A/CFNetwork
0x0000000003456000 	/System/Library/Frameworks/SystemConfiguration.framework/Versions/A/SystemConfiguration
0x0000000003456000 	/usr/lib/libCRFSuite.dylib
0x0000000003456000 	/usr/lib/libc++.1.dylib
0x0000000003456000 	/usr/lib/libc++abi.dylib
0x0000000003456000 	/usr/lib/system/libcache.dylib
0x0000000003456000 	/usr/lib/system/libcommonCrypto.dylib
0x0000000003456000 	/usr/lib/system/libcompiler_rt.dylib
0x0000000003456000 	/usr/lib/system/libcopyfile.dylib
0x0000000003456000 	/usr/lib/system/libcorecrypto.dylib
0x0000000003456000 	/usr/lib/system/libdispatch.dylib
0x0000000003456000 	/usr/lib/system/libdyld.dylib
0x0000000003456000 	/usr/lib/system/libkeymgr.dylib
0x0000000003456000 	/usr/lib/system/liblaunch.dylib
0x0000000003456000 	/usr/lib/system/libmacho.dylib
0x0000000003456000 	/usr/lib/system/libquarantine.dylib
0x0000000003456000 	/usr/lib/system/libremovefile.dylib
0x0000000003456000 	/usr/lib/system/libsystem_asl.dylib
0x0000000003456000 	/usr/lib/system/libsystem_blocks.dylib
0x0000000003456000 	/usr/lib/system/libsystem_c.dylib
0x0000000003456000 	/usr/lib/system/libsystem_configuration.dylib
0x0000000003456000 	/usr/lib/system/libsystem_coreservices.dylib
0x0000000003456000 	/usr/lib/system/libsystem_coretls.dylib
0x0000000003456000 	/usr/lib/system/libsystem_dnssd.dylib
0x0000000003456000 	/usr/lib/system/libsystem_info.dylib
0x0000000003456000 	/usr/lib/system/libsystem_kernel.dylib
0x0000000003456000 	/usr/lib/system/libsystem_m.dylib
0x0000000003456000 	/usr/lib/system/libsystem_malloc.dylib
0x0000000003456000 	/usr/lib/system/libsystem_network.dylib
0x0000000003456000 	/usr/lib/system/libsystem_networkextension.dylib
0x0000000003456000 	/usr/lib/system/libsystem_notify.dylib
0x0000000003456000 	/usr/lib/system/libsystem_platform.dylib
0x0000000003456000 	/usr/lib/system/libsystem_pthread.dylib
0x0000000003456000 	/usr/lib/system/libsystem_sandbox.dylib
0x0000000003456000 	/usr/lib/system/libsystem_secinit.dylib
0x0000000003456000 	/usr/lib/system/libsystem_stats.dylib
0x0000000003456000 	/usr/lib/system/libsystem_trace.dylib
0x0000000003456000 	/usr/lib/system/libunc.dylib
0x0000000003456000 	/usr/lib/system/libunwind.dylib
0x0000000003456000 	/usr/lib/system/libxpc.dylib
0x0000000003456000 	/usr/lib/libbz2.1.0.dylib
0x0000000003456000 	/usr/lib/liblzma.5.dylib
0x0000000003456000 	/usr/lib/libbsm.0.dylib
0x0000000003456000 	/usr/lib/libsqlite3.dylib
0x0000000003456000 	/usr/lib/system/libkxld.dylib
0x0000000003456000 	/usr/lib/libxar.1.dylib
0x0000000003456000 	/usr/lib/libpam.2.dylib
0x0000000003456000 	/usr/lib/libOpenScriptingUtil.dylib
0x0000000003456000 	/System/Library/Frameworks/CoreServices.framework/Versions/A/Frameworks/FSEvents.framework/Versions/A/FSEvents
0x0000000003456000 	/System/Library/Frameworks/CoreServices.framework/Versions/A/Frameworks/CarbonCore.framework/Versions/A/CarbonCore
0x0000000003456000 	/System/Library/Frameworks/CoreServices.framework/Versions/A/Frameworks/Metadata.framework/Versions/A/Metadata
0x0000000003456000 	/System/Library/Frameworks/CoreServices.framework/Versions/A/Frameworks/OSServices.framework/Versions/A/OSServices
0x0000000003456000 	/System/Library/Frameworks/CoreServices.framework/Versions/A/Frameworks/SearchKit.framework/Versions/A/SearchKit
0x0000000003456000 	/System/Library/Frameworks/CoreServices.framework/Versions/A/Frameworks/AE.framework/Versions/A/AE
0x0000000003456000 	/System/Library/Frameworks/CoreServices.framework/Versions/A/Frameworks/LaunchServices.framework/Versions/A/LaunchServices
0x0000000003456000 	/System/Library/Frameworks/CoreServices.framework/Versions/A/Frameworks/DictionaryServices.framework/Versions/A/DictionaryServices
0x0000000003456000 	/System/Library/Frameworks/NetFS.framework/Versions/A/NetFS
0x0000000003456000 	/System/Library/PrivateFrameworks/NetAuth.framework/Versions/A/NetAuth
0x0000000003456000 	/System/Library/PrivateFrameworks/login.framework/Versions/A/Frameworks/loginsupport.framework/Versions/A/loginsupport
0x0000000003456000 	/System/Library/PrivateFrameworks/TCC.framework/Versions/A/TCC
0x0000000003456000 	/usr/lib/libmecabra.dylib
0x0000000003456000 	/System/Library/Frameworks/ApplicationServices.framework/Versions/A/Frameworks/ATS.framework/Versions/A/ATS
0x0000000003456000 	/System/Library/Frameworks/ApplicationServices.framework/Versions/A/Frameworks/ColorSync.framework/Versions/A/ColorSync
0x0000000003456000 	/System/Library/Frameworks/ApplicationServices.framework/Versions/A/Frameworks/HIServices.framework/Versions/A/HIServices
0x0000000003456000 	/System/Library/Frameworks/ApplicationServices.framework/Versions/A/Frameworks/LangAnalysis.framework/Versions/A/LangAnalysis
0x0000000003456000 	/System/Library/Frameworks/ApplicationServices.framework/Versions/A/Frameworks/PrintCore.framework/Versions/A/PrintCore
0x0000000003456000 	/System/Library/Frameworks/ApplicationServices.framework/Versions/A/Frameworks/QD.framework/Versions/A/QD
0x0000000003456000 	/System/Library/Frameworks/ApplicationServices.framework/Versions/A/Frameworks/SpeechSynthesis.framework/Versions/A/SpeechSynthesis
0x0000000003456000 	/System/Library/Frameworks/Accelerate.framework/Versions/A/Accelerate
0x0000000003456000 	/System/Library/Frameworks/Accelerate.framework/Versions/A/Frameworks/vImage.framework/Versions/A/vImage
0x0000000003456000 	/System/Library/Frameworks/Accelerate.framework/Versions/A/Frameworks/vecLib.framework/Versions/A/vecLib
0x0000000003456000 	/System/Library/Frameworks/Accelerate.framework/Versions/A/Frameworks/vecLib.framework/Versions/A/libvDSP.dylib
0x0000000003456000 	/System/Library/Frameworks/Accelerate.framework/Versions/A/Frameworks/vecLib.framework/Versions/A/libvMisc.dylib
0x0000000003456000 	/System/Library/Frameworks/Accelerate.framework/Versions/A/Frameworks/vecLib.framework/Versions/A/libLAPACK.dylib
0x0000000003456000 	/System/Library/Frameworks/Accelerate.framework/Versions/A/Frameworks/vecLib.framework/Versions/A/libBLAS.dylib
0x0000000003456000 	/System/Library/Frameworks/Accelerate.framework/Versions/A/Frameworks/vecLib.framework/Versions/A/libLinearAlgebra.dylib
0x0000000003456000 	/System/Library/Frameworks/ApplicationServices.framework/Versions/A/Frameworks/ATS.framework/Versions/A/Resources/libFontParser.dylib
0x0000000003456000 	/System/Library/Frameworks/ApplicationServices.framework/Versions/A/Frameworks/ATS.framework/Versions/A/Resources/libFontRegistry.dylib
0x0000000003456000 	/System/Library/PrivateFrameworks/AppleVPA.framework/Versions/A/AppleVPA
0x0000000003456000 	/System/Library/PrivateFrameworks/AppleJPEG.framework/Versions/A/AppleJPEG
0x0000000003456000 	/System/Library/Frameworks/ImageIO.framework/Versions/A/Resources/libJPEG.dylib
0x0000000003456000 	/System/Library/Frameworks/ImageIO.framework/Versions/A/Resources/libTIFF.dylib
0x0000000003456000 	/System/Library/Frameworks/ImageIO.framework/Versions/A/Resources/libPng.dylib
0x0000000003456000 	/System/Library/Frameworks/ImageIO.framework/Versions/A/Resources/libGIF.dylib
0x0000000003456000 	/System/Library/Frameworks/ImageIO.framework/Versions/A/Resources/libJP2.dylib
0x0000000003456000 	/System/Library/Frameworks/ImageIO.framework/Versions/A/Resources/libRadiance.dylib
0x0000000003456000 	/System/Library/Frameworks/CoreVideo.framework/Versions/A/CoreVideo
0x0000000003456000 	/System/Library/Frameworks/OpenGL.framework/Versions/A/Libraries/libGLU.dylib
0x0000000003456000 	/System/Library/Frameworks/OpenGL.framework/Versions/A/Libraries/libGFXShared.dylib
0x0000000003456000 	/System/Library/Frameworks/OpenGL.framework/Versions/A/Libraries/libGL.dylib
0x0000000003456000 	/System/Library/Frameworks/OpenGL.framework/Versions/A/Libraries/libGLImage.dylib
0x0000000003456000 	/System/Library/Frameworks/OpenGL.framework/Versions/A/Libraries/libCVMSPluginSupport.dylib
0x0000000003456000 	/System/Library/Frameworks/OpenGL.framework/Versions/A/Libraries/libCoreVMClient.dylib
0x0000000003456000 	/usr/lib/libcups.2.dylib
0x0000000003456000 	/System/Library/Frameworks/Kerberos.framework/Versions/A/Kerberos
0x0000000003456000 	/System/Library/Frameworks/GSS.framework/Versions/A/GSS
0x0000000003456000 	/usr/lib/libresolv.9.dylib
0x0000000003456000 	/usr/lib/libiconv.2.dylib
0x0000000003456000 	/System/Library/PrivateFrameworks/Heimdal.framework/Versions/A/Heimdal
0x0000000003456000 	/usr/lib/libheimdal-asn1.dylib
0x0000000003456000 	/System/Library/Frameworks/OpenDirectory.framework/Versions/A/OpenDirectory
0x0000000003456000 	/System/Library/PrivateFrameworks/CommonAuth.framework/Versions/A/CommonAuth
0x0000000003456000 	/System/Library/Frameworks/OpenDirectory.framework/Versions/A/Frameworks/CFOpenDirectory.framework/Versions/A/CFOpenDirectory
0x0000000003456000 	/System/Library/Frameworks/SecurityFoundation.framework/Versions/A/SecurityFoundation
0x0000000003456000 	/System/Library/PrivateFrameworks/LanguageModeling.framework/Versions/A/LanguageModeling
0x0000000003456000 	/usr/lib/libcmph.dylib
0x0000000003456000 	/System/Library/Frameworks/ServiceManagement.framework/Versions/A/ServiceManagement
0x0000000003456000 	/usr/lib/libxslt.1.dylib
0x0000000003456000 	/System/Library/Frameworks/Carbon.framework/Versions/A/Frameworks/Ink.framework/Versions/A/Ink
0x0000000003456000 	/System/Library/Frameworks/QuartzCore.framework/Versions/A/Frameworks/CoreImage.framework/Versions/A/CoreImage
0x0000000003456000 	/System/Library/PrivateFrameworks/CrashReporterSupport.framework/Versions/A/CrashReporterSupport
0x0000000003456000 	/System/Library/Frameworks/OpenCL.framework/Versions/A/OpenCL
0x0000000003456000 	/System/Library/PrivateFrameworks/FaceCore.framework/Versions/A/FaceCore
0x0000000003456000 	/System/Library/PrivateFrameworks/Ubiquity.framework/Versions/A/Ubiquity
0x0000000003456000 	/System/Library/PrivateFrameworks/IconServices.framework/Versions/A/IconServices
0x0000000003456000 	/System/Library/PrivateFrameworks/ChunkingLibrary.framework/Versions/A/ChunkingLibrary
0x0000000003456000 	/System/Library/PrivateFrameworks/Apple80211.framework/Versions/A/Apple80211
0x0000000003456000 	/System/Library/Frameworks/CoreWLAN.framework/Versions/A/CoreWLAN
0x0000000003456000 	/System/Library/Frameworks/IOBluetooth.framework/Versions/A/IOBluetooth
0x0000000003456000 	/System/Library/PrivateFrameworks/CoreWiFi.framework/Versions/A/CoreWiFi
0x0000000003456000 	/System/Library/Frameworks/CoreBluetooth.framework/Versions/A/CoreBluetooth
0x0000000003456000 	/System/Library/PrivateFrameworks/DebugSymbols.framework/Versions/A/DebugSymbols
0x0000000003456000 	/System/Library/PrivateFrameworks/CoreSymbolication.framework/Versions/A/CoreSymbolication
0x0000000003456000 	/System/Library/PrivateFrameworks/Symbolication.framework/Versions/A/Symbolication
0x0000000003456000 	/System/Library/PrivateFrameworks/SpeechRecognitionCore.framework/Versions/A/SpeechRecognitionCore
0x000000010f400000 	/Library/Java/JavaVirtualMachines/jdk1.8.0_20.jdk/Contents/Home/jre/lib/server/libjvm.dylib
0x0000000003456000 	/usr/lib/libstdc++.6.dylib
0x000000010eb4a000 	/Library/Java/JavaVirtualMachines/jdk1.8.0_20.jdk/Contents/Home/jre/lib/libverify.dylib
0x000000010eb58000 	/Library/Java/JavaVirtualMachines/jdk1.8.0_20.jdk/Contents/Home/jre/lib/libjava.dylib
0x000000010eb96000 	/Library/Java/JavaVirtualMachines/jdk1.8.0_20.jdk/Contents/Home/jre/lib/libzip.dylib
0x0000000123ecd000 	/System/Library/Frameworks/JavaVM.framework/Frameworks/JavaRuntimeSupport.framework/JavaRuntimeSupport
0x0000000123ee5000 	/System/Library/Frameworks/JavaVM.framework/Versions/A/Frameworks/JavaNativeFoundation.framework/Versions/A/JavaNativeFoundation
0x0000000123efa000 	/System/Library/Frameworks/JavaVM.framework/Versions/A/JavaVM
0x0000000003456000 	/System/Library/Frameworks/Carbon.framework/Versions/A/Carbon
0x0000000123f07000 	/System/Library/PrivateFrameworks/JavaLaunching.framework/Versions/A/JavaLaunching
0x0000000003456000 	/System/Library/Frameworks/Carbon.framework/Versions/A/Frameworks/CommonPanels.framework/Versions/A/CommonPanels
0x0000000003456000 	/System/Library/Frameworks/Carbon.framework/Versions/A/Frameworks/Help.framework/Versions/A/Help
0x0000000003456000 	/System/Library/Frameworks/Carbon.framework/Versions/A/Frameworks/ImageCapture.framework/Versions/A/ImageCapture
0x0000000003456000 	/System/Library/Frameworks/Carbon.framework/Versions/A/Frameworks/OpenScripting.framework/Versions/A/OpenScripting
0x0000000003456000 	/System/Library/Frameworks/Carbon.framework/Versions/A/Frameworks/Print.framework/Versions/A/Print
0x0000000003456000 	/System/Library/Frameworks/Carbon.framework/Versions/A/Frameworks/SecurityHI.framework/Versions/A/SecurityHI
0x0000000125d88000 	/Library/Java/JavaVirtualMachines/jdk1.8.0_20.jdk/Contents/Home/jre/lib/libawt.dylib
0x0000000125e37000 	/Library/Java/JavaVirtualMachines/jdk1.8.0_20.jdk/Contents/Home/jre/lib/./libmlib_image.dylib
0x0000000125f03000 	/Library/Java/JavaVirtualMachines/jdk1.8.0_20.jdk/Contents/Home/jre/lib/libawt_lwawt.dylib
0x0000000125fb6000 	/Library/Java/JavaVirtualMachines/jdk1.8.0_20.jdk/Contents/Home/jre/lib/./libosxapp.dylib
0x0000000003456000 	/System/Library/Frameworks/ExceptionHandling.framework/Versions/A/ExceptionHandling
0x0000000003456000 	/System/Library/PrivateFrameworks/CoreServicesInternal.framework/Versions/A/CoreServicesInternal
0x0000000003456000 	/System/Library/PrivateFrameworks/CloudDocs.framework/Versions/A/CloudDocs
0x0000000003456000 	/System/Library/PrivateFrameworks/CoreDuet.framework/Versions/A/CoreDuet
0x0000000003456000 	/System/Library/Frameworks/CloudKit.framework/Versions/A/CloudKit
0x0000000003456000 	/System/Library/PrivateFrameworks/ProtocolBuffer.framework/Versions/A/ProtocolBuffer
0x0000000003456000 	/System/Library/PrivateFrameworks/CoreDuetDaemonProtocol.framework/Versions/A/CoreDuetDaemonProtocol
0x0000000003456000 	/System/Library/PrivateFrameworks/CoreDuetDebugLogging.framework/Versions/A/CoreDuetDebugLogging
0x0000000003456000 	/System/Library/Frameworks/CoreLocation.framework/Versions/A/CoreLocation
0x0000000003456000 	/System/Library/Frameworks/Accounts.framework/Versions/A/Accounts
0x0000000003456000 	/System/Library/PrivateFrameworks/ApplePushService.framework/Versions/A/ApplePushService
0x0000000003456000 	/System/Library/PrivateFrameworks/GeoServices.framework/Versions/A/GeoServices
0x0000000003456000 	/System/Library/PrivateFrameworks/OAuth.framework/Versions/A/OAuth
0x0000000003456000 	/System/Library/PrivateFrameworks/CoreDaemon.framework/Versions/B/CoreDaemon
0x0000000003456000 	/usr/lib/libcrypto.0.9.8.dylib
0x0000000003456000 	/System/Library/PrivateFrameworks/AppleSRP.framework/Versions/A/AppleSRP
0x0000000003456000 	/System/Library/PrivateFrameworks/TrustEvaluationAgent.framework/Versions/A/TrustEvaluationAgent
0x0000000003456000 	/System/Library/Frameworks/CoreGraphics.framework/Versions/A/Resources/libCGCMS.A.dylib
0x0000000003456000 	/System/Library/Frameworks/CoreGraphics.framework/Versions/A/Resources/libRIP.A.dylib
0x0000000003456000 	/System/Library/Frameworks/CoreGraphics.framework/Versions/A/Resources/libCGXType.A.dylib
0x0000000003456000 	/System/Library/Frameworks/OpenCL.framework/Versions/A/Libraries/libcldcpuengine.dylib
0x0000000003456000 	/System/Library/PrivateFrameworks/DiskImages.framework/Versions/A/DiskImages
0x0000000003456000 	/System/Library/Frameworks/DiscRecording.framework/Versions/A/DiscRecording
0x0000000003456000 	/usr/lib/libcsfde.dylib
0x0000000003456000 	/usr/lib/libcurl.4.dylib
0x0000000003456000 	/System/Library/PrivateFrameworks/MediaKit.framework/Versions/A/MediaKit
0x0000000003456000 	/System/Library/PrivateFrameworks/ProtectedCloudStorage.framework/Versions/A/ProtectedCloudStorage
0x0000000003456000 	/usr/lib/libCoreStorage.dylib
0x0000000003456000 	/System/Library/PrivateFrameworks/EFILogin.framework/Versions/A/EFILogin
0x0000000003456000 	/usr/lib/libutil.dylib
0x0000000003456000 	/System/Library/PrivateFrameworks/FindMyDevice.framework/Versions/A/FindMyDevice
0x0000000003456000 	/System/Library/Frameworks/LDAP.framework/Versions/A/LDAP
0x0000000003456000 	/usr/lib/libsasl2.2.dylib
0x0000000128b9c000 	cl_kernels
0x0000000128b9e000 	/System/Library/Frameworks/OpenCL.framework/Versions/A/Libraries/ImageFormats/unorm8_bgra.dylib
0x0000000128b8d000 	cl_kernels
0x0000000003456000 	/System/Library/PrivateFrameworks/FamilyControls.framework/Versions/A/FamilyControls
0x0000000003456000 	/System/Library/PrivateFrameworks/CommerceKit.framework/Versions/A/Frameworks/CommerceCore.framework/Versions/A/CommerceCore
0x0000000003456000 	/System/Library/PrivateFrameworks/SystemAdministration.framework/Versions/A/SystemAdministration
0x0000000003456000 	/System/Library/PrivateFrameworks/AppContainer.framework/Versions/A/AppContainer
0x0000000003456000 	/System/Library/PrivateFrameworks/SecCodeWrapper.framework/Versions/A/SecCodeWrapper
0x0000000003456000 	/System/Library/Frameworks/DirectoryService.framework/Versions/A/DirectoryService
0x0000000003456000 	/System/Library/PrivateFrameworks/LoginUIKit.framework/Versions/A/Frameworks/LoginUICore.framework/Versions/A/LoginUICore
0x0000000003456000 	/usr/lib/libodfde.dylib
0x0000000129d63000 	/Library/Java/JavaVirtualMachines/jdk1.8.0_20.jdk/Contents/Home/jre/lib/libfontmanager.dylib
0x0000000129dc9000 	/Users/lthysellsundqvist/Downloads/lwjgl-2.9.3 3/native/macosx/liblwjgl.dylib
0x00000001280cb000 	/Library/Java/JavaVirtualMachines/jdk1.8.0_20.jdk/Contents/Home/jre/lib/libjawt.dylib
0x0000000003456000 	/System/Library/Frameworks/OpenGL.framework/Versions/A/Resources/GLEngine.bundle/GLEngine
0x0000000003456000 	/System/Library/Frameworks/OpenGL.framework/Versions/A/Libraries/libGLProgrammability.dylib
0x0000000000000000 	/System/Library/Extensions/AppleIntelHD5000GraphicsGLDriver.bundle/Contents/MacOS/AppleIntelHD5000GraphicsGLDriver
0x0000000003456000 	/System/Library/PrivateFrameworks/IOAccelerator.framework/Versions/A/IOAccelerator
0x0000000003456000 	/System/Library/PrivateFrameworks/GPUSupport.framework/Versions/A/Libraries/libGPUSupportMercury.dylib
0x0000000003456000 	/System/Library/Frameworks/OpenGL.framework/Versions/A/Resources/GLRendererFloat.bundle/GLRendererFloat
0x000000012a7e1000 	/Users/lthysellsundqvist/Downloads/lwjgl-2.9.3 3/native/macosx/libjinput-osx.dylib
0x000000012a7e6000 	/System/Library/Extensions/IOHIDFamily.kext/Contents/PlugIns/IOHIDLib.plugin/Contents/MacOS/IOHIDLib

VM Arguments:
jvm_args: -Djava.library.path=/Users/lthysellsundqvist/Downloads/lwjgl-2.9.3 3/native/macosx -Dfile.encoding=UTF-8 
java_command: Game
java_class_path (initial): /Users/lthysellsundqvist/Documents/GitHub/ProjektetInda_2D/bin:/Users/lthysellsundqvist/Downloads/lwjgl-2.9.3 3/jar/jinput.jar:/Users/lthysellsundqvist/Downloads/lwjgl-2.9.3 3/jar/lwjgl.jar:/Users/lthysellsundqvist/Downloads/lwjgl-2.9.3 3/jar/lwjgl_test.jar:/Users/lthysellsundqvist/Downloads/lwjgl-2.9.3 3/jar/lwjgl_util.jar:/Users/lthysellsundqvist/Downloads/lwjgl-2.9.3 3/jar/lwjgl_util_applet.jar:/Users/lthysellsundqvist/Downloads/slick/lib/slick.jar
Launcher Type: SUN_STANDARD

Environment Variables:
PATH=/usr/bin:/bin:/usr/sbin:/sbin
SHELL=/bin/bash
DISPLAY=/private/tmp/com.apple.launchd.0KAoCFWDZO/org.macosforge.xquartz:0

Signal Handlers:
SIGSEGV: [libjvm.dylib+0x578fd7], sa_mask[0]=11111111011111110111111111111111, sa_flags=SA_ONSTACK|SA_RESTART|SA_SIGINFO
SIGBUS: [libjvm.dylib+0x578fd7], sa_mask[0]=11111111011111110111111111111111, sa_flags=SA_RESTART|SA_SIGINFO
SIGFPE: [libjvm.dylib+0x45ab0c], sa_mask[0]=11111111011111110111111111111111, sa_flags=SA_RESTART|SA_SIGINFO
SIGPIPE: [libjvm.dylib+0x45ab0c], sa_mask[0]=11111111011111110111111111111111, sa_flags=SA_RESTART|SA_SIGINFO
SIGXFSZ: [libjvm.dylib+0x45ab0c], sa_mask[0]=11111111011111110111111111111111, sa_flags=SA_RESTART|SA_SIGINFO
SIGILL: [libjvm.dylib+0x45ab0c], sa_mask[0]=11111111011111110111111111111111, sa_flags=SA_RESTART|SA_SIGINFO
SIGUSR1: SIG_DFL, sa_mask[0]=00000000000000000000000000000000, sa_flags=none
SIGUSR2: [libjvm.dylib+0x45a62a], sa_mask[0]=00100000000000000000000000000000, sa_flags=SA_RESTART|SA_SIGINFO
SIGHUP: [libjvm.dylib+0x458bfd], sa_mask[0]=11111111011111110111111111111111, sa_flags=SA_RESTART|SA_SIGINFO
SIGINT: [libjvm.dylib+0x458bfd], sa_mask[0]=11111111011111110111111111111111, sa_flags=SA_RESTART|SA_SIGINFO
SIGTERM: [libjvm.dylib+0x458bfd], sa_mask[0]=11111111011111110111111111111111, sa_flags=SA_RESTART|SA_SIGINFO
SIGQUIT: [libjvm.dylib+0x458bfd], sa_mask[0]=11111111011111110111111111111111, sa_flags=SA_RESTART|SA_SIGINFO


---------------  S Y S T E M  ---------------

OS:Bsduname:Darwin 14.1.0 Darwin Kernel Version 14.1.0: Thu Feb 26 19:26:47 PST 2015; root:xnu-2782.10.73~1/RELEASE_X86_64 x86_64
rlimit: STACK 8192k, CORE 0k, NPROC 709, NOFILE 10240, AS infinity
load average:1.51 1.65 1.72

CPU:total 4 (2 cores per cpu, 2 threads per core) family 6 model 69 stepping 1, cmov, cx8, fxsr, mmx, sse, sse2, sse3, ssse3, sse4.1, sse4.2, popcnt, avx, avx2, aes, clmul, erms, lzcnt, ht, tsc, tscinvbit, bmi1, bmi2

Memory: 4k page, physical 4194304k(290220k free)

/proc/meminfo:


vm_info: Java HotSpot(TM) 64-Bit Server VM (25.20-b23) for bsd-amd64 JRE (1.8.0_20-b26), built on Jul 30 2014 13:37:47 by "java_re" with gcc 4.2.1 (Based on Apple Inc. build 5658) (LLVM build 2336.9.00)

time: Wed May 13 14:58:14 2015
elapsed time: 50 seconds (0d 0h 0m 50s)

