#
# A fatal error has been detected by the Java Runtime Environment:
#
#  SIGSEGV (0xb) at pc=0x00007fff862760dd, pid=70052, tid=1811
#
# JRE version: Java(TM) SE Runtime Environment (8.0_20-b26) (build 1.8.0_20-b26)
# Java VM: Java HotSpot(TM) 64-Bit Server VM (25.20-b23 mixed mode bsd-amd64 compressed oops)
# Problematic frame:
# C  [libobjc.A.dylib+0x10dd]  objc_msgSend+0x1d
#
# Failed to write core dump. Core dumps have been disabled. To enable core dumping, try "ulimit -c unlimited" before starting Java again
#
# If you would like to submit a bug report, please visit:
#   http://bugreport.sun.com/bugreport/crash.jsp
# The crash happened outside the Java Virtual Machine in native code.
# See problematic frame for where to report the bug.
#

---------------  T H R E A D  ---------------

Current thread (0x00007fe7ec8fa800):  JavaThread "AppKit Thread" daemon [_thread_in_native, id=1811, stack(0x00007fff58089000,0x00007fff58889000)]

siginfo: si_signo: 11 (SIGSEGV), si_code: 1 (SEGV_MAPERR), si_addr: 0x000007fe7eb68900

Registers:
RAX=0x00007fe7eb688c70, RBX=0x00007fff58884728, RCX=0x0000000000000000, RDX=0x00007fe7eb768480
RSP=0x00007fff58884548, RBP=0x00007fff58884550, RSI=0x00007fff8d95f2b4, RDI=0x00007fe7eb688c70
R8 =0x00007fff58884530, R9 =0x0000000000000055, R10=0x00007fff8d95f2b4, R11=0x000007fe7eb688e8
R12=0x00007fe7eb5022a0, R13=0x00000000000f42ea, R14=0x00007fe7eb7e2bd0, R15=0x00007fff58884688
RIP=0x00007fff862760dd, EFLAGS=0x0000000000010206, ERR=0x0000000000000004
  TRAPNO=0x000000000000000e

Top of Stack: (sp=0x00007fff58884548)
0x00007fff58884548:   00007fff92040cdc 00007fff588848b0
0x00007fff58884558:   00007fff91f32244 00007fff588845dc
0x00007fff58884568:   00007fff588845e0 00007fff588845e4
0x00007fff58884578:   00007fff7641fc88 ffffffffffffffff
0x00007fff58884588:   00000000000007f8 00007fff7641fca0
0x00007fff58884598:   00007fe7eb7e2bd0 0000000000000000
0x00007fff588845a8:   00007fff58884680 0000000000000000
0x00007fff588845b8:   00007fe7eb68a080 00007fff58884700
0x00007fff588845c8:   0000000000000055 00000000000f42ec
0x00007fff588845d8:   00007fe7eb768480 00007fe7eb689ab0
0x00007fff588845e8:   00007fe7eb5022a0 0000000000000001
0x00007fff588845f8:   00000000000f42ea 00007fe7eb502290
0x00007fff58884608:   00007fff8ac347ba 00000001eb7e4a70
0x00007fff58884618:   00007fff776860d0 0000000042000000
0x00007fff58884628:   00007fff8ac3ce13 00007fff763ea1d0
0x00007fff58884638:   00007fff58884708 0000000000000000
0x00007fff58884648:   00007fff7592b8c8 0000000000000000
0x00007fff58884658:   0000000000000003 0002330300000001
0x00007fff58884668:   00007fe7eb5022c4 0000000000000000
0x00007fff58884678:   00000000003cb101 00007fe7eb68a100
0x00007fff58884688:   00007fe7eb7e2bd0 0000000000000000
0x00007fff58884698:   00007fff8d99734c 00007fff58884740
0x00007fff588846a8:   00007fff8b687513 00007fff58884724
0x00007fff588846b8:   00000000003cb201 00000000ffffffff
0x00007fff588846c8:   00007fff7592b8c8 00000000003cb200
0x00007fff588846d8:   00007fff00000000 00007fff588847d0
0x00007fff588846e8:   00007fff94629edc 00007fff7592b8e8
0x00007fff588846f8:   00007fff8d99734c 0000000000000051
0x00007fff58884708:   0000000000000000 00000000000f42e1
0x00007fff58884718:   0000000000000053 0000000000000000
0x00007fff58884728:   00000000000f42ea 00007fff588847a4
0x00007fff58884738:   00000000003cbd01 00000000ffffffff 

Instructions: (pc=0x00007fff862760dd)
0x00007fff862760bd:   00 00 00 48 85 ff 2e 74 7a 40 f6 c7 01 2e 75 7e
0x00007fff862760cd:   49 bb f8 ff ff ff ff 7f 00 00 4c 23 1f 49 89 f2
0x00007fff862760dd:   45 23 53 18 49 c1 e2 04 4d 03 53 10 49 3b 32 75
0x00007fff862760ed:   04 41 ff 62 08 49 83 3a 00 74 6a 4d 3b 53 10 74 

Register to memory mapping:

RAX=0x00007fe7eb688c70 is an unknown value
RBX=0x00007fff58884728 is pointing into the stack for thread: 0x00007fe7ec8fa800
RCX=0x0000000000000000 is an unknown value
RDX=0x00007fe7eb768480 is an unknown value
RSP=0x00007fff58884548 is pointing into the stack for thread: 0x00007fe7ec8fa800
RBP=0x00007fff58884550 is pointing into the stack for thread: 0x00007fe7ec8fa800
RSI=0x00007fff8d95f2b4: -[NSTitlebarContainerView shouldRoundCorners]+0x5ced6 in /System/Library/Frameworks/AppKit.framework/Versions/C/AppKit at 0x00007fff8cf8e000
RDI=0x00007fe7eb688c70 is an unknown value
R8 =0x00007fff58884530 is pointing into the stack for thread: 0x00007fe7ec8fa800
R9 =0x0000000000000055 is an unknown value
R10=0x00007fff8d95f2b4: -[NSTitlebarContainerView shouldRoundCorners]+0x5ced6 in /System/Library/Frameworks/AppKit.framework/Versions/C/AppKit at 0x00007fff8cf8e000
R11=0x000007fe7eb688e8 is an unknown value
R12=0x00007fe7eb5022a0 is an unknown value
R13=0x00000000000f42ea is an unknown value
R14=0x00007fe7eb7e2bd0 is an unknown value
R15=0x00007fff58884688 is pointing into the stack for thread: 0x00007fe7ec8fa800


Stack: [0x00007fff58089000,0x00007fff58889000],  sp=0x00007fff58884548,  free space=8173k
Native frames: (J=compiled Java code, j=interpreted, Vv=VM code, C=native code)
C  [libobjc.A.dylib+0x10dd]  objc_msgSend+0x1d
C  [CoreFoundation+0x10244]  _CFXNotificationPost+0xc44
C  [Foundation+0x2c31]  -[NSNotificationCenter postNotificationName:object:userInfo:]+0x42
C  [AppKit+0xdd776]  -[NSSurface _disposeSurface]+0x98
C  [AppKit+0xdd1da]  -[NSSurface setWindow:]+0x42
C  [AppKit+0x3b9ef]  -[NSView _setWindow:]+0xa22
C  [AppKit+0x3cc22]  -[NSView removeFromSuperview]+0x1c5
C  [AppKit+0x9140a]  -[NSView removeFromSuperviewWithoutNeedingDisplay]+0x26
C  [liblwjgl.dylib+0xa205]  +[MacOSXKeyableWindow destroyWindow]+0xb5
C  [Foundation+0x65cdc]  __NSThreadPerformPerform+0x125
C  [CoreFoundation+0x80681]  __CFRUNLOOP_IS_CALLING_OUT_TO_A_SOURCE0_PERFORM_FUNCTION__+0x11
C  [CoreFoundation+0x7280d]  __CFRunLoopDoSources0+0x10d
C  [CoreFoundation+0x71e3f]  __CFRunLoopRun+0x39f
C  [CoreFoundation+0x71858]  CFRunLoopRunSpecific+0x128
C  [HIToolbox+0x2eaef]  RunCurrentEventLoopInMode+0xeb
C  [HIToolbox+0x2e86a]  ReceiveNextEventCommon+0x1af
C  [HIToolbox+0x2e6ab]  _BlockUntilNextEventMatchingListInModeWithFilter+0x47
C  [AppKit+0x23f81]  _DPSNextEvent+0x3c4
C  [AppKit+0x23730]  -[NSApplication nextEventMatchingMask:untilDate:inMode:dequeue:]+0xc2
C  [libosxapp.dylib+0x242a]  -[NSApplicationAWT nextEventMatchingMask:untilDate:inMode:dequeue:]+0x7c
C  [AppKit+0x17593]  -[NSApplication run]+0x252
C  [libosxapp.dylib+0x223e]  +[NSApplicationAWT runAWTLoopWithApp:]+0x9c
C  [libawt_lwawt.dylib+0x4494f]  -[AWTStarter starter:]+0x389
C  [Foundation+0x65cdc]  __NSThreadPerformPerform+0x125
C  [CoreFoundation+0x80681]  __CFRUNLOOP_IS_CALLING_OUT_TO_A_SOURCE0_PERFORM_FUNCTION__+0x11
C  [CoreFoundation+0x7280d]  __CFRunLoopDoSources0+0x10d
C  [CoreFoundation+0x71e3f]  __CFRunLoopRun+0x39f
C  [CoreFoundation+0x71858]  CFRunLoopRunSpecific+0x128
C  [java+0x56cc]  CreateExecutionEnvironment+0x367
C  [java+0x165c]  JLI_Launch+0x7a0
C  [java+0x768a]  main+0x65
C  [java+0xeb4]  start+0x34
C  0x0000000000000006


---------------  P R O C E S S  ---------------

Java Threads: ( => current thread )
  0x00007fe7ec939000 JavaThread "AWT-Shutdown" [_thread_blocked, id=28679, stack(0x000000011fcb1000,0x000000011fdb1000)]
=>0x00007fe7ec8fa800 JavaThread "AppKit Thread" daemon [_thread_in_native, id=1811, stack(0x00007fff58089000,0x00007fff58889000)]
  0x00007fe7ec81f800 JavaThread "Service Thread" daemon [_thread_blocked, id=17923, stack(0x000000011e3df000,0x000000011e4df000)]
  0x00007fe7ec81e800 JavaThread "C1 CompilerThread2" daemon [_thread_blocked, id=17411, stack(0x000000011e2dc000,0x000000011e3dc000)]
  0x00007fe7ec831000 JavaThread "C2 CompilerThread1" daemon [_thread_blocked, id=16899, stack(0x000000011e1d9000,0x000000011e2d9000)]
  0x00007fe7eb819800 JavaThread "C2 CompilerThread0" daemon [_thread_blocked, id=16387, stack(0x000000011e0d6000,0x000000011e1d6000)]
  0x00007fe7eb820000 JavaThread "Signal Dispatcher" daemon [_thread_blocked, id=12303, stack(0x000000011dfd3000,0x000000011e0d3000)]
  0x00007fe7ed00a800 JavaThread "Finalizer" daemon [_thread_blocked, id=11523, stack(0x000000011c710000,0x000000011c810000)]
  0x00007fe7ed004000 JavaThread "Reference Handler" daemon [_thread_blocked, id=11011, stack(0x000000011c60d000,0x000000011c70d000)]
  0x00007fe7ec806000 JavaThread "main" [_thread_in_native, id=4867, stack(0x000000010748d000,0x000000010758d000)]

Other Threads:
  0x00007fe7ec827800 VMThread [stack: 0x000000011c50a000,0x000000011c60a000] [id=10499]
  0x00007fe7ec820000 WatcherThread [stack: 0x000000011e4e2000,0x000000011e5e2000] [id=18435]

VM state:not at safepoint (normal execution)

VM Mutex/Monitor currently owned by a thread: None

Heap:
 PSYoungGen      total 18944K, used 14174K [0x00000007aab00000, 0x00000007ac000000, 0x00000007c0000000)
  eden space 16384K, 86% used [0x00000007aab00000,0x00000007ab8d7b18,0x00000007abb00000)
  from space 2560K, 0% used [0x00000007abd80000,0x00000007abd80000,0x00000007ac000000)
  to   space 2560K, 0% used [0x00000007abb00000,0x00000007abb00000,0x00000007abd80000)
 ParOldGen       total 44032K, used 0K [0x0000000780000000, 0x0000000782b00000, 0x00000007aab00000)
  object space 44032K, 0% used [0x0000000780000000,0x0000000780000000,0x0000000782b00000)
 Metaspace       used 6955K, capacity 7113K, committed 7168K, reserved 1056768K
  class space    used 705K, capacity 727K, committed 768K, reserved 1048576K

Card table byte_map: [0x00000001180db000,0x00000001182dc000] byte_map_base: 0x00000001144db000

Marking Bits: (ParMarkBitMap*) 0x000000010869c330
 Begin Bits: [0x000000011883e000, 0x000000011983e000)
 End Bits:   [0x000000011983e000, 0x000000011a83e000)

Polling page: 0x00000001075d1000

CodeCache: size=245760Kb used=2824Kb max_used=2833Kb free=242935Kb
 bounds [0x0000000108d1b000, 0x0000000108feb000, 0x0000000117d1b000]
 total_blobs=1099 nmethods=706 adapters=308
 compilation: enabled

Compilation events (10 events):
Event: 4.810 Thread 0x00007fe7ec831000  702       4       org.newdawn.slick.Graphics::setCurrent (30 bytes)
Event: 4.811 Thread 0x00007fe7ec831000 nmethod 702 0x0000000108fcb790 code [0x0000000108fcb8e0, 0x0000000108fcb958]
Event: 5.043 Thread 0x00007fe7eb819800  704       4       org.newdawn.slick.opengl.TextureImpl::bind (39 bytes)
Event: 5.049 Thread 0x00007fe7eb819800 nmethod 704 0x0000000108fdac90 code [0x0000000108fdae20, 0x0000000108fdb0f8]
Event: 5.076 Thread 0x00007fe7ec831000  705       4       org.newdawn.slick.Image::drawEmbedded (327 bytes)
Event: 5.088 Thread 0x00007fe7ec831000 nmethod 705 0x0000000108fe0c10 code [0x0000000108fe0ec0, 0x0000000108fe1bd0]
Event: 5.114 Thread 0x00007fe7ec81e800  706  s    3       sun.misc.Resource::cachedInputStream (20 bytes)
Event: 5.115 Thread 0x00007fe7ec81e800 nmethod 706 0x0000000108fda690 code [0x0000000108fda800, 0x0000000108fdabe8]
Event: 5.115 Thread 0x00007fe7ec81e800  707       3       java.security.CodeSource::getCertificates (98 bytes)
Event: 5.116 Thread 0x00007fe7ec81e800 nmethod 707 0x0000000108fdb850 code [0x0000000108fdba80, 0x0000000108fdc658]

GC Heap History (0 events):
No events

Deoptimization events (0 events):
No events

Internal exceptions (10 events):
Event: 1.418 Thread 0x00007fe7ec806000 Exception <a 'java/security/PrivilegedActionException'> (0x00000007ab87ec28) thrown at [/HUDSON3/workspace/8-2-build-macosx-x86_64/jdk8u20/1074/hotspot/src/share/vm/prims/jvm.cpp, line 1275]
Event: 1.418 Thread 0x00007fe7ec806000 Exception <a 'java/security/PrivilegedActionException'> (0x00000007ab880c08) thrown at [/HUDSON3/workspace/8-2-build-macosx-x86_64/jdk8u20/1074/hotspot/src/share/vm/prims/jvm.cpp, line 1275]
Event: 1.419 Thread 0x00007fe7ec806000 Exception <a 'java/security/PrivilegedActionException'> (0x00000007ab883500) thrown at [/HUDSON3/workspace/8-2-build-macosx-x86_64/jdk8u20/1074/hotspot/src/share/vm/prims/jvm.cpp, line 1275]
Event: 1.419 Thread 0x00007fe7ec806000 Exception <a 'java/security/PrivilegedActionException'> (0x00000007ab886890) thrown at [/HUDSON3/workspace/8-2-build-macosx-x86_64/jdk8u20/1074/hotspot/src/share/vm/prims/jvm.cpp, line 1275]
Event: 1.420 Thread 0x00007fe7ec806000 Exception <a 'java/security/PrivilegedActionException'> (0x00000007ab88d4a8) thrown at [/HUDSON3/workspace/8-2-build-macosx-x86_64/jdk8u20/1074/hotspot/src/share/vm/prims/jvm.cpp, line 1275]
Event: 1.422 Thread 0x00007fe7ec806000 Exception <a 'java/security/PrivilegedActionException'> (0x00000007ab89b368) thrown at [/HUDSON3/workspace/8-2-build-macosx-x86_64/jdk8u20/1074/hotspot/src/share/vm/prims/jvm.cpp, line 1275]
Event: 1.423 Thread 0x00007fe7ec806000 Exception <a 'java/security/PrivilegedActionException'> (0x00000007ab8a37b0) thrown at [/HUDSON3/workspace/8-2-build-macosx-x86_64/jdk8u20/1074/hotspot/src/share/vm/prims/jvm.cpp, line 1275]
Event: 1.427 Thread 0x00007fe7ec806000 Exception <a 'java/security/PrivilegedActionException'> (0x00000007ab8a8510) thrown at [/HUDSON3/workspace/8-2-build-macosx-x86_64/jdk8u20/1074/hotspot/src/share/vm/prims/jvm.cpp, line 1275]
Event: 1.427 Thread 0x00007fe7ec806000 Exception <a 'java/security/PrivilegedActionException'> (0x00000007ab8ad180) thrown at [/HUDSON3/workspace/8-2-build-macosx-x86_64/jdk8u20/1074/hotspot/src/share/vm/prims/jvm.cpp, line 1275]
Event: 5.114 Thread 0x00007fe7ec806000 Exception <a 'java/security/PrivilegedActionException'> (0x00000007ab8d1018) thrown at [/HUDSON3/workspace/8-2-build-macosx-x86_64/jdk8u20/1074/hotspot/src/share/vm/prims/jvm.cpp, line 1275]

Events (10 events):
Event: 1.427 loading class org/lwjgl/opengl/Sync
Event: 1.427 loading class org/lwjgl/opengl/Sync done
Event: 1.427 loading class org/lwjgl/opengl/Sync$RunningAvg
Event: 1.427 loading class org/lwjgl/opengl/Sync$RunningAvg done
Event: 4.128 Executing VM operation: EnableBiasedLocking
Event: 4.128 Executing VM operation: EnableBiasedLocking done
Event: 4.444 Thread 0x00007fe7ec806000 DEOPT PACKING pc=0x0000000108fb0473 sp=0x000000010758c600
Event: 4.444 Thread 0x00007fe7ec806000 DEOPT UNPACKING pc=0x0000000108d62373 sp=0x000000010758c430 mode 0
Event: 5.114 loading class org/lwjgl/opengl/CallbackUtil
Event: 5.114 loading class org/lwjgl/opengl/CallbackUtil done


Dynamic libraries:
0x00000000058b4000 	/System/Library/Frameworks/Cocoa.framework/Versions/A/Cocoa
0x00000000058b4000 	/System/Library/Frameworks/Security.framework/Versions/A/Security
0x00000000058b4000 	/System/Library/Frameworks/ApplicationServices.framework/Versions/A/ApplicationServices
0x00000000058b4000 	/usr/lib/libz.1.dylib
0x00000000058b4000 	/usr/lib/libSystem.B.dylib
0x00000000058b4000 	/usr/lib/libobjc.A.dylib
0x00000000058b4000 	/System/Library/Frameworks/CoreFoundation.framework/Versions/A/CoreFoundation
0x00000000058b4000 	/System/Library/Frameworks/Foundation.framework/Versions/C/Foundation
0x00000000058b4000 	/System/Library/Frameworks/AppKit.framework/Versions/C/AppKit
0x00000000058b4000 	/System/Library/Frameworks/CoreData.framework/Versions/A/CoreData
0x00000000058b4000 	/System/Library/PrivateFrameworks/RemoteViewServices.framework/Versions/A/RemoteViewServices
0x00000000058b4000 	/System/Library/PrivateFrameworks/UIFoundation.framework/Versions/A/UIFoundation
0x00000000058b4000 	/System/Library/Frameworks/IOSurface.framework/Versions/A/IOSurface
0x00000000058b4000 	/System/Library/Frameworks/AudioToolbox.framework/Versions/A/AudioToolbox
0x00000000058b4000 	/System/Library/Frameworks/AudioUnit.framework/Versions/A/AudioUnit
0x00000000058b4000 	/System/Library/PrivateFrameworks/DataDetectorsCore.framework/Versions/A/DataDetectorsCore
0x00000000058b4000 	/System/Library/PrivateFrameworks/DesktopServicesPriv.framework/Versions/A/DesktopServicesPriv
0x00000000058b4000 	/System/Library/Frameworks/Carbon.framework/Versions/A/Frameworks/HIToolbox.framework/Versions/A/HIToolbox
0x00000000058b4000 	/System/Library/Frameworks/QuartzCore.framework/Versions/A/QuartzCore
0x00000000058b4000 	/System/Library/Frameworks/Carbon.framework/Versions/A/Frameworks/SpeechRecognition.framework/Versions/A/SpeechRecognition
0x00000000058b4000 	/usr/lib/libauto.dylib
0x00000000058b4000 	/usr/lib/libicucore.A.dylib
0x00000000058b4000 	/usr/lib/libxml2.2.dylib
0x00000000058b4000 	/System/Library/PrivateFrameworks/CoreUI.framework/Versions/A/CoreUI
0x00000000058b4000 	/System/Library/Frameworks/CoreAudio.framework/Versions/A/CoreAudio
0x00000000058b4000 	/System/Library/Frameworks/DiskArbitration.framework/Versions/A/DiskArbitration
0x00000000058b4000 	/usr/lib/liblangid.dylib
0x00000000058b4000 	/System/Library/PrivateFrameworks/MultitouchSupport.framework/Versions/A/MultitouchSupport
0x00000000058b4000 	/System/Library/Frameworks/IOKit.framework/Versions/A/IOKit
0x00000000058b4000 	/usr/lib/libDiagnosticMessagesClient.dylib
0x00000000058b4000 	/System/Library/Frameworks/CoreServices.framework/Versions/A/CoreServices
0x00000000058b4000 	/System/Library/PrivateFrameworks/PerformanceAnalysis.framework/Versions/A/PerformanceAnalysis
0x00000000058b4000 	/System/Library/PrivateFrameworks/GenerationalStorage.framework/Versions/A/GenerationalStorage
0x00000000058b4000 	/System/Library/Frameworks/OpenGL.framework/Versions/A/OpenGL
0x00000000058b4000 	/System/Library/PrivateFrameworks/Sharing.framework/Versions/A/Sharing
0x00000000058b4000 	/System/Library/Frameworks/CoreGraphics.framework/Versions/A/CoreGraphics
0x00000000058b4000 	/System/Library/Frameworks/CoreText.framework/Versions/A/CoreText
0x00000000058b4000 	/System/Library/Frameworks/ImageIO.framework/Versions/A/ImageIO
0x00000000058b4000 	/usr/lib/libextension.dylib
0x00000000058b4000 	/System/Library/PrivateFrameworks/Backup.framework/Versions/A/Backup
0x00000000058b4000 	/usr/lib/libarchive.2.dylib
0x00000000058b4000 	/System/Library/Frameworks/CFNetwork.framework/Versions/A/CFNetwork
0x00000000058b4000 	/System/Library/Frameworks/SystemConfiguration.framework/Versions/A/SystemConfiguration
0x00000000058b4000 	/usr/lib/libCRFSuite.dylib
0x00000000058b4000 	/usr/lib/libc++.1.dylib
0x00000000058b4000 	/usr/lib/libc++abi.dylib
0x00000000058b4000 	/usr/lib/system/libcache.dylib
0x00000000058b4000 	/usr/lib/system/libcommonCrypto.dylib
0x00000000058b4000 	/usr/lib/system/libcompiler_rt.dylib
0x00000000058b4000 	/usr/lib/system/libcopyfile.dylib
0x00000000058b4000 	/usr/lib/system/libcorecrypto.dylib
0x00000000058b4000 	/usr/lib/system/libdispatch.dylib
0x00000000058b4000 	/usr/lib/system/libdyld.dylib
0x00000000058b4000 	/usr/lib/system/libkeymgr.dylib
0x00000000058b4000 	/usr/lib/system/liblaunch.dylib
0x00000000058b4000 	/usr/lib/system/libmacho.dylib
0x00000000058b4000 	/usr/lib/system/libquarantine.dylib
0x00000000058b4000 	/usr/lib/system/libremovefile.dylib
0x00000000058b4000 	/usr/lib/system/libsystem_asl.dylib
0x00000000058b4000 	/usr/lib/system/libsystem_blocks.dylib
0x00000000058b4000 	/usr/lib/system/libsystem_c.dylib
0x00000000058b4000 	/usr/lib/system/libsystem_configuration.dylib
0x00000000058b4000 	/usr/lib/system/libsystem_coreservices.dylib
0x00000000058b4000 	/usr/lib/system/libsystem_coretls.dylib
0x00000000058b4000 	/usr/lib/system/libsystem_dnssd.dylib
0x00000000058b4000 	/usr/lib/system/libsystem_info.dylib
0x00000000058b4000 	/usr/lib/system/libsystem_kernel.dylib
0x00000000058b4000 	/usr/lib/system/libsystem_m.dylib
0x00000000058b4000 	/usr/lib/system/libsystem_malloc.dylib
0x00000000058b4000 	/usr/lib/system/libsystem_network.dylib
0x00000000058b4000 	/usr/lib/system/libsystem_networkextension.dylib
0x00000000058b4000 	/usr/lib/system/libsystem_notify.dylib
0x00000000058b4000 	/usr/lib/system/libsystem_platform.dylib
0x00000000058b4000 	/usr/lib/system/libsystem_pthread.dylib
0x00000000058b4000 	/usr/lib/system/libsystem_sandbox.dylib
0x00000000058b4000 	/usr/lib/system/libsystem_secinit.dylib
0x00000000058b4000 	/usr/lib/system/libsystem_stats.dylib
0x00000000058b4000 	/usr/lib/system/libsystem_trace.dylib
0x00000000058b4000 	/usr/lib/system/libunc.dylib
0x00000000058b4000 	/usr/lib/system/libunwind.dylib
0x00000000058b4000 	/usr/lib/system/libxpc.dylib
0x00000000058b4000 	/usr/lib/libbz2.1.0.dylib
0x00000000058b4000 	/usr/lib/liblzma.5.dylib
0x00000000058b4000 	/usr/lib/libbsm.0.dylib
0x00000000058b4000 	/usr/lib/libsqlite3.dylib
0x00000000058b4000 	/usr/lib/system/libkxld.dylib
0x00000000058b4000 	/usr/lib/libxar.1.dylib
0x00000000058b4000 	/usr/lib/libpam.2.dylib
0x00000000058b4000 	/usr/lib/libOpenScriptingUtil.dylib
0x00000000058b4000 	/System/Library/Frameworks/CoreServices.framework/Versions/A/Frameworks/FSEvents.framework/Versions/A/FSEvents
0x00000000058b4000 	/System/Library/Frameworks/CoreServices.framework/Versions/A/Frameworks/CarbonCore.framework/Versions/A/CarbonCore
0x00000000058b4000 	/System/Library/Frameworks/CoreServices.framework/Versions/A/Frameworks/Metadata.framework/Versions/A/Metadata
0x00000000058b4000 	/System/Library/Frameworks/CoreServices.framework/Versions/A/Frameworks/OSServices.framework/Versions/A/OSServices
0x00000000058b4000 	/System/Library/Frameworks/CoreServices.framework/Versions/A/Frameworks/SearchKit.framework/Versions/A/SearchKit
0x00000000058b4000 	/System/Library/Frameworks/CoreServices.framework/Versions/A/Frameworks/AE.framework/Versions/A/AE
0x00000000058b4000 	/System/Library/Frameworks/CoreServices.framework/Versions/A/Frameworks/LaunchServices.framework/Versions/A/LaunchServices
0x00000000058b4000 	/System/Library/Frameworks/CoreServices.framework/Versions/A/Frameworks/DictionaryServices.framework/Versions/A/DictionaryServices
0x00000000058b4000 	/System/Library/Frameworks/NetFS.framework/Versions/A/NetFS
0x00000000058b4000 	/System/Library/PrivateFrameworks/NetAuth.framework/Versions/A/NetAuth
0x00000000058b4000 	/System/Library/PrivateFrameworks/login.framework/Versions/A/Frameworks/loginsupport.framework/Versions/A/loginsupport
0x00000000058b4000 	/System/Library/PrivateFrameworks/TCC.framework/Versions/A/TCC
0x00000000058b4000 	/usr/lib/libmecabra.dylib
0x00000000058b4000 	/System/Library/Frameworks/ApplicationServices.framework/Versions/A/Frameworks/ATS.framework/Versions/A/ATS
0x00000000058b4000 	/System/Library/Frameworks/ApplicationServices.framework/Versions/A/Frameworks/ColorSync.framework/Versions/A/ColorSync
0x00000000058b4000 	/System/Library/Frameworks/ApplicationServices.framework/Versions/A/Frameworks/HIServices.framework/Versions/A/HIServices
0x00000000058b4000 	/System/Library/Frameworks/ApplicationServices.framework/Versions/A/Frameworks/LangAnalysis.framework/Versions/A/LangAnalysis
0x00000000058b4000 	/System/Library/Frameworks/ApplicationServices.framework/Versions/A/Frameworks/PrintCore.framework/Versions/A/PrintCore
0x00000000058b4000 	/System/Library/Frameworks/ApplicationServices.framework/Versions/A/Frameworks/QD.framework/Versions/A/QD
0x00000000058b4000 	/System/Library/Frameworks/ApplicationServices.framework/Versions/A/Frameworks/SpeechSynthesis.framework/Versions/A/SpeechSynthesis
0x00000000058b4000 	/System/Library/Frameworks/Accelerate.framework/Versions/A/Accelerate
0x00000000058b4000 	/System/Library/Frameworks/Accelerate.framework/Versions/A/Frameworks/vImage.framework/Versions/A/vImage
0x00000000058b4000 	/System/Library/Frameworks/Accelerate.framework/Versions/A/Frameworks/vecLib.framework/Versions/A/vecLib
0x00000000058b4000 	/System/Library/Frameworks/Accelerate.framework/Versions/A/Frameworks/vecLib.framework/Versions/A/libvDSP.dylib
0x00000000058b4000 	/System/Library/Frameworks/Accelerate.framework/Versions/A/Frameworks/vecLib.framework/Versions/A/libvMisc.dylib
0x00000000058b4000 	/System/Library/Frameworks/Accelerate.framework/Versions/A/Frameworks/vecLib.framework/Versions/A/libLAPACK.dylib
0x00000000058b4000 	/System/Library/Frameworks/Accelerate.framework/Versions/A/Frameworks/vecLib.framework/Versions/A/libBLAS.dylib
0x00000000058b4000 	/System/Library/Frameworks/Accelerate.framework/Versions/A/Frameworks/vecLib.framework/Versions/A/libLinearAlgebra.dylib
0x00000000058b4000 	/System/Library/Frameworks/ApplicationServices.framework/Versions/A/Frameworks/ATS.framework/Versions/A/Resources/libFontParser.dylib
0x00000000058b4000 	/System/Library/Frameworks/ApplicationServices.framework/Versions/A/Frameworks/ATS.framework/Versions/A/Resources/libFontRegistry.dylib
0x00000000058b4000 	/System/Library/PrivateFrameworks/AppleVPA.framework/Versions/A/AppleVPA
0x00000000058b4000 	/System/Library/PrivateFrameworks/AppleJPEG.framework/Versions/A/AppleJPEG
0x00000000058b4000 	/System/Library/Frameworks/ImageIO.framework/Versions/A/Resources/libJPEG.dylib
0x00000000058b4000 	/System/Library/Frameworks/ImageIO.framework/Versions/A/Resources/libTIFF.dylib
0x00000000058b4000 	/System/Library/Frameworks/ImageIO.framework/Versions/A/Resources/libPng.dylib
0x00000000058b4000 	/System/Library/Frameworks/ImageIO.framework/Versions/A/Resources/libGIF.dylib
0x00000000058b4000 	/System/Library/Frameworks/ImageIO.framework/Versions/A/Resources/libJP2.dylib
0x00000000058b4000 	/System/Library/Frameworks/ImageIO.framework/Versions/A/Resources/libRadiance.dylib
0x00000000058b4000 	/System/Library/Frameworks/CoreVideo.framework/Versions/A/CoreVideo
0x00000000058b4000 	/System/Library/Frameworks/OpenGL.framework/Versions/A/Libraries/libGLU.dylib
0x00000000058b4000 	/System/Library/Frameworks/OpenGL.framework/Versions/A/Libraries/libGFXShared.dylib
0x00000000058b4000 	/System/Library/Frameworks/OpenGL.framework/Versions/A/Libraries/libGL.dylib
0x00000000058b4000 	/System/Library/Frameworks/OpenGL.framework/Versions/A/Libraries/libGLImage.dylib
0x00000000058b4000 	/System/Library/Frameworks/OpenGL.framework/Versions/A/Libraries/libCVMSPluginSupport.dylib
0x00000000058b4000 	/System/Library/Frameworks/OpenGL.framework/Versions/A/Libraries/libCoreVMClient.dylib
0x00000000058b4000 	/usr/lib/libcups.2.dylib
0x00000000058b4000 	/System/Library/Frameworks/Kerberos.framework/Versions/A/Kerberos
0x00000000058b4000 	/System/Library/Frameworks/GSS.framework/Versions/A/GSS
0x00000000058b4000 	/usr/lib/libresolv.9.dylib
0x00000000058b4000 	/usr/lib/libiconv.2.dylib
0x00000000058b4000 	/System/Library/PrivateFrameworks/Heimdal.framework/Versions/A/Heimdal
0x00000000058b4000 	/usr/lib/libheimdal-asn1.dylib
0x00000000058b4000 	/System/Library/Frameworks/OpenDirectory.framework/Versions/A/OpenDirectory
0x00000000058b4000 	/System/Library/PrivateFrameworks/CommonAuth.framework/Versions/A/CommonAuth
0x00000000058b4000 	/System/Library/Frameworks/OpenDirectory.framework/Versions/A/Frameworks/CFOpenDirectory.framework/Versions/A/CFOpenDirectory
0x00000000058b4000 	/System/Library/Frameworks/SecurityFoundation.framework/Versions/A/SecurityFoundation
0x00000000058b4000 	/System/Library/PrivateFrameworks/LanguageModeling.framework/Versions/A/LanguageModeling
0x00000000058b4000 	/usr/lib/libcmph.dylib
0x00000000058b4000 	/System/Library/Frameworks/ServiceManagement.framework/Versions/A/ServiceManagement
0x00000000058b4000 	/usr/lib/libxslt.1.dylib
0x00000000058b4000 	/System/Library/Frameworks/Carbon.framework/Versions/A/Frameworks/Ink.framework/Versions/A/Ink
0x00000000058b4000 	/System/Library/Frameworks/QuartzCore.framework/Versions/A/Frameworks/CoreImage.framework/Versions/A/CoreImage
0x00000000058b4000 	/System/Library/PrivateFrameworks/CrashReporterSupport.framework/Versions/A/CrashReporterSupport
0x00000000058b4000 	/System/Library/Frameworks/OpenCL.framework/Versions/A/OpenCL
0x00000000058b4000 	/System/Library/PrivateFrameworks/FaceCore.framework/Versions/A/FaceCore
0x00000000058b4000 	/System/Library/PrivateFrameworks/Ubiquity.framework/Versions/A/Ubiquity
0x00000000058b4000 	/System/Library/PrivateFrameworks/IconServices.framework/Versions/A/IconServices
0x00000000058b4000 	/System/Library/PrivateFrameworks/ChunkingLibrary.framework/Versions/A/ChunkingLibrary
0x00000000058b4000 	/System/Library/PrivateFrameworks/Apple80211.framework/Versions/A/Apple80211
0x00000000058b4000 	/System/Library/Frameworks/CoreWLAN.framework/Versions/A/CoreWLAN
0x00000000058b4000 	/System/Library/Frameworks/IOBluetooth.framework/Versions/A/IOBluetooth
0x00000000058b4000 	/System/Library/PrivateFrameworks/CoreWiFi.framework/Versions/A/CoreWiFi
0x00000000058b4000 	/System/Library/Frameworks/CoreBluetooth.framework/Versions/A/CoreBluetooth
0x00000000058b4000 	/System/Library/PrivateFrameworks/DebugSymbols.framework/Versions/A/DebugSymbols
0x00000000058b4000 	/System/Library/PrivateFrameworks/CoreSymbolication.framework/Versions/A/CoreSymbolication
0x00000000058b4000 	/System/Library/PrivateFrameworks/Symbolication.framework/Versions/A/Symbolication
0x00000000058b4000 	/System/Library/PrivateFrameworks/SpeechRecognitionCore.framework/Versions/A/SpeechRecognitionCore
0x0000000107e00000 	/Library/Java/JavaVirtualMachines/jdk1.8.0_20.jdk/Contents/Home/jre/lib/server/libjvm.dylib
0x00000000058b4000 	/usr/lib/libstdc++.6.dylib
0x000000010758f000 	/Library/Java/JavaVirtualMachines/jdk1.8.0_20.jdk/Contents/Home/jre/lib/libverify.dylib
0x000000010759d000 	/Library/Java/JavaVirtualMachines/jdk1.8.0_20.jdk/Contents/Home/jre/lib/libjava.dylib
0x00000001075db000 	/Library/Java/JavaVirtualMachines/jdk1.8.0_20.jdk/Contents/Home/jre/lib/libzip.dylib
0x000000011c812000 	/System/Library/Frameworks/JavaVM.framework/Frameworks/JavaRuntimeSupport.framework/JavaRuntimeSupport
0x000000011c82a000 	/System/Library/Frameworks/JavaVM.framework/Versions/A/Frameworks/JavaNativeFoundation.framework/Versions/A/JavaNativeFoundation
0x000000011c83f000 	/System/Library/Frameworks/JavaVM.framework/Versions/A/JavaVM
0x00000000058b4000 	/System/Library/Frameworks/Carbon.framework/Versions/A/Carbon
0x000000011c84c000 	/System/Library/PrivateFrameworks/JavaLaunching.framework/Versions/A/JavaLaunching
0x00000000058b4000 	/System/Library/Frameworks/Carbon.framework/Versions/A/Frameworks/CommonPanels.framework/Versions/A/CommonPanels
0x00000000058b4000 	/System/Library/Frameworks/Carbon.framework/Versions/A/Frameworks/Help.framework/Versions/A/Help
0x00000000058b4000 	/System/Library/Frameworks/Carbon.framework/Versions/A/Frameworks/ImageCapture.framework/Versions/A/ImageCapture
0x00000000058b4000 	/System/Library/Frameworks/Carbon.framework/Versions/A/Frameworks/OpenScripting.framework/Versions/A/OpenScripting
0x00000000058b4000 	/System/Library/Frameworks/Carbon.framework/Versions/A/Frameworks/Print.framework/Versions/A/Print
0x00000000058b4000 	/System/Library/Frameworks/Carbon.framework/Versions/A/Frameworks/SecurityHI.framework/Versions/A/SecurityHI
0x000000011e647000 	/Library/Java/JavaVirtualMachines/jdk1.8.0_20.jdk/Contents/Home/jre/lib/libawt.dylib
0x000000011e6f6000 	/Library/Java/JavaVirtualMachines/jdk1.8.0_20.jdk/Contents/Home/jre/lib/./libmlib_image.dylib
0x000000011e7c2000 	/Library/Java/JavaVirtualMachines/jdk1.8.0_20.jdk/Contents/Home/jre/lib/libawt_lwawt.dylib
0x000000011e875000 	/Library/Java/JavaVirtualMachines/jdk1.8.0_20.jdk/Contents/Home/jre/lib/./libosxapp.dylib
0x00000000058b4000 	/System/Library/Frameworks/ExceptionHandling.framework/Versions/A/ExceptionHandling
0x00000000058b4000 	/System/Library/PrivateFrameworks/CoreServicesInternal.framework/Versions/A/CoreServicesInternal
0x00000000058b4000 	/System/Library/PrivateFrameworks/CloudDocs.framework/Versions/A/CloudDocs
0x00000000058b4000 	/System/Library/PrivateFrameworks/CoreDuet.framework/Versions/A/CoreDuet
0x00000000058b4000 	/System/Library/Frameworks/CloudKit.framework/Versions/A/CloudKit
0x00000000058b4000 	/System/Library/PrivateFrameworks/ProtocolBuffer.framework/Versions/A/ProtocolBuffer
0x00000000058b4000 	/System/Library/PrivateFrameworks/CoreDuetDaemonProtocol.framework/Versions/A/CoreDuetDaemonProtocol
0x00000000058b4000 	/System/Library/PrivateFrameworks/CoreDuetDebugLogging.framework/Versions/A/CoreDuetDebugLogging
0x00000000058b4000 	/System/Library/Frameworks/CoreLocation.framework/Versions/A/CoreLocation
0x00000000058b4000 	/System/Library/Frameworks/Accounts.framework/Versions/A/Accounts
0x00000000058b4000 	/System/Library/PrivateFrameworks/ApplePushService.framework/Versions/A/ApplePushService
0x00000000058b4000 	/System/Library/PrivateFrameworks/GeoServices.framework/Versions/A/GeoServices
0x00000000058b4000 	/System/Library/PrivateFrameworks/OAuth.framework/Versions/A/OAuth
0x00000000058b4000 	/System/Library/PrivateFrameworks/CoreDaemon.framework/Versions/B/CoreDaemon
0x00000000058b4000 	/usr/lib/libcrypto.0.9.8.dylib
0x00000000058b4000 	/System/Library/PrivateFrameworks/AppleSRP.framework/Versions/A/AppleSRP
0x00000000058b4000 	/System/Library/PrivateFrameworks/TrustEvaluationAgent.framework/Versions/A/TrustEvaluationAgent
0x00000000058b4000 	/System/Library/Frameworks/CoreGraphics.framework/Versions/A/Resources/libCGCMS.A.dylib
0x00000000058b4000 	/System/Library/Frameworks/CoreGraphics.framework/Versions/A/Resources/libRIP.A.dylib
0x00000000058b4000 	/System/Library/Frameworks/CoreGraphics.framework/Versions/A/Resources/libCGXType.A.dylib
0x00000000058b4000 	/System/Library/Frameworks/OpenCL.framework/Versions/A/Libraries/libcldcpuengine.dylib
0x00000000058b4000 	/System/Library/PrivateFrameworks/DiskImages.framework/Versions/A/DiskImages
0x00000000058b4000 	/System/Library/Frameworks/DiscRecording.framework/Versions/A/DiscRecording
0x00000000058b4000 	/usr/lib/libcsfde.dylib
0x00000000058b4000 	/usr/lib/libcurl.4.dylib
0x00000000058b4000 	/System/Library/PrivateFrameworks/MediaKit.framework/Versions/A/MediaKit
0x00000000058b4000 	/System/Library/PrivateFrameworks/ProtectedCloudStorage.framework/Versions/A/ProtectedCloudStorage
0x00000000058b4000 	/usr/lib/libCoreStorage.dylib
0x00000000058b4000 	/System/Library/PrivateFrameworks/EFILogin.framework/Versions/A/EFILogin
0x00000000058b4000 	/usr/lib/libutil.dylib
0x00000000058b4000 	/System/Library/PrivateFrameworks/FindMyDevice.framework/Versions/A/FindMyDevice
0x00000000058b4000 	/System/Library/Frameworks/LDAP.framework/Versions/A/LDAP
0x00000000058b4000 	/usr/lib/libsasl2.2.dylib
0x000000012145b000 	cl_kernels
0x000000012145d000 	/System/Library/Frameworks/OpenCL.framework/Versions/A/Libraries/ImageFormats/unorm8_bgra.dylib
0x000000012144c000 	cl_kernels
0x00000000058b4000 	/System/Library/PrivateFrameworks/FamilyControls.framework/Versions/A/FamilyControls
0x00000000058b4000 	/System/Library/PrivateFrameworks/CommerceKit.framework/Versions/A/Frameworks/CommerceCore.framework/Versions/A/CommerceCore
0x00000000058b4000 	/System/Library/PrivateFrameworks/SystemAdministration.framework/Versions/A/SystemAdministration
0x00000000058b4000 	/System/Library/PrivateFrameworks/AppContainer.framework/Versions/A/AppContainer
0x00000000058b4000 	/System/Library/PrivateFrameworks/SecCodeWrapper.framework/Versions/A/SecCodeWrapper
0x00000000058b4000 	/System/Library/Frameworks/DirectoryService.framework/Versions/A/DirectoryService
0x00000000058b4000 	/System/Library/PrivateFrameworks/LoginUIKit.framework/Versions/A/Frameworks/LoginUICore.framework/Versions/A/LoginUICore
0x00000000058b4000 	/usr/lib/libodfde.dylib
0x00000001226a5000 	/Library/Java/JavaVirtualMachines/jdk1.8.0_20.jdk/Contents/Home/jre/lib/libfontmanager.dylib
0x000000012270b000 	/Users/lthysellsundqvist/Downloads/lwjgl-2.9.3 3/native/macosx/liblwjgl.dylib
0x000000012098a000 	/Library/Java/JavaVirtualMachines/jdk1.8.0_20.jdk/Contents/Home/jre/lib/libjawt.dylib
0x00000000058b4000 	/System/Library/Frameworks/OpenGL.framework/Versions/A/Resources/GLEngine.bundle/GLEngine
0x00000000058b4000 	/System/Library/Frameworks/OpenGL.framework/Versions/A/Libraries/libGLProgrammability.dylib
0x0000000000000000 	/System/Library/Extensions/AppleIntelHD5000GraphicsGLDriver.bundle/Contents/MacOS/AppleIntelHD5000GraphicsGLDriver
0x00000000058b4000 	/System/Library/PrivateFrameworks/IOAccelerator.framework/Versions/A/IOAccelerator
0x00000000058b4000 	/System/Library/PrivateFrameworks/GPUSupport.framework/Versions/A/Libraries/libGPUSupportMercury.dylib
0x00000000058b4000 	/System/Library/Frameworks/OpenGL.framework/Versions/A/Resources/GLRendererFloat.bundle/GLRendererFloat
0x0000000123020000 	/Users/lthysellsundqvist/Downloads/lwjgl-2.9.3 3/native/macosx/libjinput-osx.dylib
0x0000000123025000 	/System/Library/Extensions/IOHIDFamily.kext/Contents/PlugIns/IOHIDLib.plugin/Contents/MacOS/IOHIDLib

VM Arguments:
jvm_args: -Djava.library.path=/Users/lthysellsundqvist/Downloads/lwjgl-2.9.3 3/native/macosx -Dfile.encoding=UTF-8 
java_command: Game
java_class_path (initial): /Users/lthysellsundqvist/Documents/GitHub/ProjektetInda_2D/bin:/Users/lthysellsundqvist/Downloads/lwjgl-2.9.3 3/jar/jinput.jar:/Users/lthysellsundqvist/Downloads/lwjgl-2.9.3 3/jar/lwjgl.jar:/Users/lthysellsundqvist/Downloads/lwjgl-2.9.3 3/jar/lwjgl_test.jar:/Users/lthysellsundqvist/Downloads/lwjgl-2.9.3 3/jar/lwjgl_util.jar:/Users/lthysellsundqvist/Downloads/lwjgl-2.9.3 3/jar/lwjgl_util_applet.jar:/Users/lthysellsundqvist/Downloads/slick/lib/slick.jar
Launcher Type: SUN_STANDARD

Environment Variables:
PATH=/usr/bin:/bin:/usr/sbin:/sbin
SHELL=/bin/bash
DISPLAY=/private/tmp/com.apple.launchd.b2GXQmkRDs/org.macosforge.xquartz:0

Signal Handlers:
SIGSEGV: [libjvm.dylib+0x578fd7], sa_mask[0]=11111111011111110111111111111111, sa_flags=SA_ONSTACK|SA_RESTART|SA_SIGINFO
SIGBUS: [libjvm.dylib+0x578fd7], sa_mask[0]=11111111011111110111111111111111, sa_flags=SA_RESTART|SA_SIGINFO
SIGFPE: [libjvm.dylib+0x45ab0c], sa_mask[0]=11111111011111110111111111111111, sa_flags=SA_RESTART|SA_SIGINFO
SIGPIPE: [libjvm.dylib+0x45ab0c], sa_mask[0]=11111111011111110111111111111111, sa_flags=SA_RESTART|SA_SIGINFO
SIGXFSZ: [libjvm.dylib+0x45ab0c], sa_mask[0]=11111111011111110111111111111111, sa_flags=SA_RESTART|SA_SIGINFO
SIGILL: [libjvm.dylib+0x45ab0c], sa_mask[0]=11111111011111110111111111111111, sa_flags=SA_RESTART|SA_SIGINFO
SIGUSR1: SIG_DFL, sa_mask[0]=00000000000000000000000000000000, sa_flags=none
SIGUSR2: [libjvm.dylib+0x45a62a], sa_mask[0]=00100000000000000000000000000000, sa_flags=SA_RESTART|SA_SIGINFO
SIGHUP: [libjvm.dylib+0x458bfd], sa_mask[0]=11111111011111110111111111111111, sa_flags=SA_RESTART|SA_SIGINFO
SIGINT: [libjvm.dylib+0x458bfd], sa_mask[0]=11111111011111110111111111111111, sa_flags=SA_RESTART|SA_SIGINFO
SIGTERM: [libjvm.dylib+0x458bfd], sa_mask[0]=11111111011111110111111111111111, sa_flags=SA_RESTART|SA_SIGINFO
SIGQUIT: [libjvm.dylib+0x458bfd], sa_mask[0]=11111111011111110111111111111111, sa_flags=SA_RESTART|SA_SIGINFO


---------------  S Y S T E M  ---------------

OS:Bsduname:Darwin 14.1.0 Darwin Kernel Version 14.1.0: Thu Feb 26 19:26:47 PST 2015; root:xnu-2782.10.73~1/RELEASE_X86_64 x86_64
rlimit: STACK 8192k, CORE 0k, NPROC 709, NOFILE 10240, AS infinity
load average:2.27 2.16 2.03

CPU:total 4 (2 cores per cpu, 2 threads per core) family 6 model 69 stepping 1, cmov, cx8, fxsr, mmx, sse, sse2, sse3, ssse3, sse4.1, sse4.2, popcnt, avx, avx2, aes, clmul, erms, lzcnt, ht, tsc, tscinvbit, bmi1, bmi2

Memory: 4k page, physical 4194304k(53292k free)

/proc/meminfo:


vm_info: Java HotSpot(TM) 64-Bit Server VM (25.20-b23) for bsd-amd64 JRE (1.8.0_20-b26), built on Jul 30 2014 13:37:47 by "java_re" with gcc 4.2.1 (Based on Apple Inc. build 5658) (LLVM build 2336.9.00)

time: Wed May 13 13:23:56 2015
elapsed time: 5 seconds (0d 0h 0m 5s)

